<?xml version="1.0" encoding="UTF-8"?>
<robot generator="Robot 6.1.1 (Python 3.11.6 on win32)" generated="20231113 09:25:53.192" rpa="false" schemaversion="4">
<suite id="s1" name="Module Entree Mono Emplacement" source="C:\dev\logistique\LogistiqueTest\testssuite\module_entree_mono_emplacement.robot">
<test id="s1-t1" name="Test De L Application" line="19">
<kw name="Demarrer Une Application" library="shared">
<arg>fr.satelix.logistique</arg>
<doc>Démarre l'application</doc>
<kw name="Open Application" library="AppiumLibrary">
<arg>http://127.0.0.1:4723/wd/hub</arg>
<arg>automationName=${automationName}</arg>
<arg>platformName=${platformName}</arg>
<arg>appPackage=${appPackage}</arg>
<arg>appActivity=${appActivity}</arg>
<arg>autoGrantPermissions=true</arg>
<arg>noReset=true</arg>
<arg>fullReset=false</arg>
<arg>forceAppLaunch=true</arg>
<doc>Opens a new application to given Appium server.
Capabilities of appium server, Android and iOS,
Please check https://github.com/appium/appium/blob/master/docs/en/writing-running-appium/server-args.md
| *Option*            | *Man.* | *Description*     |
| remote_url          | Yes    | Appium server url |
| alias               | no     | alias             |
| strict_ssl          | No     | allows you to send commands to an invalid certificate host like a self-signed one. |</doc>
<status status="PASS" starttime="20231113 09:25:53.600" endtime="20231113 09:26:00.341"/>
</kw>
<status status="PASS" starttime="20231113 09:25:53.600" endtime="20231113 09:26:00.341"/>
</kw>
<kw name="Sélectionner le module" library="shared">
<arg>Entrée de stock</arg>
<kw name="Log To Console" library="BuiltIn">
<arg>Sélection du module ${module}</arg>
<doc>Logs the given message to the console.</doc>
<status status="PASS" starttime="20231113 09:26:00.343" endtime="20231113 09:26:00.344"/>
</kw>
<kw name="Wait Until Page Contains" library="AppiumLibrary">
<arg>${module}</arg>
<arg>30</arg>
<doc>Waits until `text` appears on current page.</doc>
<status status="PASS" starttime="20231113 09:26:00.344" endtime="20231113 09:26:01.731"/>
</kw>
<kw name="Click Text" library="AppiumLibrary">
<arg>${module}</arg>
<doc>Click text identified by ``text``.</doc>
<msg timestamp="20231113 09:26:01.946" level="INFO">xpath criteria: //*[contains(@text,"Entrée de stock")]</msg>
<status status="PASS" starttime="20231113 09:26:01.731" endtime="20231113 09:26:01.946"/>
</kw>
<status status="PASS" starttime="20231113 09:26:00.342" endtime="20231113 09:26:01.946"/>
</kw>
<kw name="Sélection dépot destination" library="shared">
<arg>Bijou SA</arg>
<kw name="Log To Console" library="BuiltIn">
<arg>Sélection du dépot destination</arg>
<doc>Logs the given message to the console.</doc>
<status status="PASS" starttime="20231113 09:26:01.948" endtime="20231113 09:26:01.949"/>
</kw>
<kw name="Wait Until Page Contains" library="AppiumLibrary">
<arg>${depot}</arg>
<arg>30</arg>
<doc>Waits until `text` appears on current page.</doc>
<status status="PASS" starttime="20231113 09:26:01.949" endtime="20231113 09:26:13.815"/>
</kw>
<kw name="Click Text" library="AppiumLibrary">
<arg>${depot}</arg>
<arg>True</arg>
<doc>Click text identified by ``text``.</doc>
<msg timestamp="20231113 09:26:14.341" level="INFO">xpath criteria: //*[@text="Bijou SA"]</msg>
<status status="PASS" starttime="20231113 09:26:13.815" endtime="20231113 09:26:14.341"/>
</kw>
<status status="PASS" starttime="20231113 09:26:01.947" endtime="20231113 09:26:14.341"/>
</kw>
<kw name="Recherche article" library="shared">
<kw name="Log To Console" library="BuiltIn">
<arg>Aller sur la liste de la recherche des articles</arg>
<doc>Logs the given message to the console.</doc>
<status status="PASS" starttime="20231113 09:26:14.342" endtime="20231113 09:26:14.343"/>
</kw>
<kw name="Wait Until Page Contains" library="AppiumLibrary">
<arg>Recherche article</arg>
<arg>30</arg>
<doc>Waits until `text` appears on current page.</doc>
<status status="PASS" starttime="20231113 09:26:14.343" endtime="20231113 09:26:15.588"/>
</kw>
<kw name="Click Element" library="AppiumLibrary">
<arg>//android.widget.ImageButton[@content-desc="Liste des articles"]</arg>
<doc>Click element identified by `locator`.</doc>
<msg timestamp="20231113 09:26:15.591" level="INFO">Clicking element '//android.widget.ImageButton[@content-desc="Liste des articles"]'.</msg>
<msg timestamp="20231113 09:26:15.715" level="INFO">xpath criteria: //android.widget.ImageButton[@content-desc="Liste des articles"]</msg>
<status status="PASS" starttime="20231113 09:26:15.588" endtime="20231113 09:26:15.715"/>
</kw>
<status status="PASS" starttime="20231113 09:26:14.342" endtime="20231113 09:26:15.715"/>
</kw>
<kw name="Sélection article texte" library="shared">
<arg>BAAR01</arg>
<kw name="Log To Console" library="BuiltIn">
<arg>Sélection de l'article ${codeArticle}</arg>
<doc>Logs the given message to the console.</doc>
<status status="PASS" starttime="20231113 09:26:15.717" endtime="20231113 09:26:15.718"/>
</kw>
<kw name="Wait Until Page Contains" library="AppiumLibrary">
<arg>${codeArticle}</arg>
<arg>30</arg>
<doc>Waits until `text` appears on current page.</doc>
<kw name="Capture Page Screenshot" library="AppiumLibrary">
<doc>Takes a screenshot of the current page and embeds it into the log.</doc>
<status status="FAIL" starttime="20231113 09:26:17.354" endtime="20231113 09:26:17.354"/>
</kw>
<msg timestamp="20231113 09:26:17.358" level="WARN">Keyword 'Capture Page Screenshot' could not be run on failure: Execution terminated by signal</msg>
<kw name="Capture Page Screenshot" library="AppiumLibrary">
<doc>Takes a screenshot of the current page and embeds it into the log.</doc>
<status status="FAIL" starttime="20231113 09:26:17.360" endtime="20231113 09:26:17.361"/>
</kw>
<msg timestamp="20231113 09:26:17.363" level="WARN">Keyword 'Capture Page Screenshot' could not be run on failure: Execution terminated by signal</msg>
<status status="FAIL" starttime="20231113 09:26:15.718" endtime="20231113 09:26:17.365"/>
</kw>
<kw name="Sleep" library="BuiltIn">
<arg>5s</arg>
<doc>Pauses the test executed for the given time.</doc>
<status status="NOT RUN" starttime="20231113 09:26:17.365" endtime="20231113 09:26:17.365"/>
</kw>
<kw name="Click Text" library="AppiumLibrary">
<arg>${codeArticle}</arg>
<doc>Click text identified by ``text``.</doc>
<status status="NOT RUN" starttime="20231113 09:26:17.365" endtime="20231113 09:26:17.365"/>
</kw>
<status status="FAIL" starttime="20231113 09:26:15.716" endtime="20231113 09:26:17.365"/>
</kw>
<kw name="Fermer le clavier" library="shared">
<status status="NOT RUN" starttime="20231113 09:26:17.366" endtime="20231113 09:26:17.366"/>
</kw>
<kw name="Retour arrière" library="shared">
<status status="NOT RUN" starttime="20231113 09:26:17.366" endtime="20231113 09:26:17.366"/>
</kw>
<kw name="Saisir code article manuellement" library="shared">
<arg>BA</arg>
<status status="NOT RUN" starttime="20231113 09:26:17.367" endtime="20231113 09:26:17.367"/>
</kw>
<kw name="Pas d'association code barre" library="shared">
<status status="NOT RUN" starttime="20231113 09:26:17.367" endtime="20231113 09:26:17.367"/>
</kw>
<kw name="Sélection article texte" library="shared">
<arg>BAAR01</arg>
<status status="NOT RUN" starttime="20231113 09:26:17.367" endtime="20231113 09:26:17.367"/>
</kw>
<kw name="Saisir quantité article" library="shared">
<arg>2</arg>
<status status="NOT RUN" starttime="20231113 09:26:17.368" endtime="20231113 09:26:17.368"/>
</kw>
<kw name="Valider quantité article" library="shared">
<status status="NOT RUN" starttime="20231113 09:26:17.368" endtime="20231113 09:26:17.368"/>
</kw>
<kw name="Vider recherche article" library="shared">
<status status="NOT RUN" starttime="20231113 09:26:17.368" endtime="20231113 09:26:17.369"/>
</kw>
<kw name="Recherche article" library="shared">
<status status="NOT RUN" starttime="20231113 09:26:17.369" endtime="20231113 09:26:17.369"/>
</kw>
<kw name="Scroll Vers Element" library="shared">
<arg>//androidx.cardview.widget.CardView[@content-desc="Sélectionner l'article Lingot Or 18 cts"]/android.view.ViewGroup</arg>
<arg>bas</arg>
<status status="NOT RUN" starttime="20231113 09:26:17.370" endtime="20231113 09:26:17.370"/>
</kw>
<kw name="Sélection article element" library="shared">
<arg>//androidx.cardview.widget.CardView[@content-desc="Sélectionner l'article Lingot Or 18 cts"]/android.view.ViewGroup</arg>
<status status="NOT RUN" starttime="20231113 09:26:17.370" endtime="20231113 09:26:17.370"/>
</kw>
<kw name="Affiche Element" library="shared">
<arg>//android.widget.EditText[@resource-id="fr.satelix.logistique:id/dropdown_list" and @text="Numéro de lot"]</arg>
<status status="NOT RUN" starttime="20231113 09:26:17.371" endtime="20231113 09:26:17.371"/>
</kw>
<kw name="Scanner code barre" library="shared">
<arg>LINGOR18\;LOT-TEST2</arg>
<status status="NOT RUN" starttime="20231113 09:26:17.371" endtime="20231113 09:26:17.371"/>
</kw>
<kw name="Saisir quantité article" library="shared">
<arg>2</arg>
<status status="NOT RUN" starttime="20231113 09:26:17.372" endtime="20231113 09:26:17.372"/>
</kw>
<kw name="Valider quantité article" library="shared">
<status status="NOT RUN" starttime="20231113 09:26:17.373" endtime="20231113 09:26:17.373"/>
</kw>
<kw name="Recherche article" library="shared">
<status status="NOT RUN" starttime="20231113 09:26:17.374" endtime="20231113 09:26:17.374"/>
</kw>
<kw name="Scroll Vers Element" library="shared">
<arg>//androidx.cardview.widget.CardView[@content-desc="Sélectionner l'article Bague Or et pierres"]/android.view.ViewGroup</arg>
<arg>haut</arg>
<status status="NOT RUN" starttime="20231113 09:26:17.375" endtime="20231113 09:26:17.375"/>
</kw>
<kw name="Sélection article element" library="shared">
<arg>//androidx.cardview.widget.CardView[@content-desc="Sélectionner l'article Bague Or et pierres"]/android.view.ViewGroup</arg>
<status status="NOT RUN" starttime="20231113 09:26:17.376" endtime="20231113 09:26:17.376"/>
</kw>
<kw name="Sélection gamme" library="shared">
<arg>Emeraude</arg>
<status status="NOT RUN" starttime="20231113 09:26:17.377" endtime="20231113 09:26:17.377"/>
</kw>
<kw name="Saisir quantité article" library="shared">
<arg>2</arg>
<status status="NOT RUN" starttime="20231113 09:26:17.377" endtime="20231113 09:26:17.377"/>
</kw>
<kw name="Valider quantité article" library="shared">
<status status="NOT RUN" starttime="20231113 09:26:17.377" endtime="20231113 09:26:17.377"/>
</kw>
<kw name="Attendre" library="shared">
<status status="NOT RUN" starttime="20231113 09:26:17.377" endtime="20231113 09:26:17.377"/>
</kw>
<kw name="Scanner code barre" library="shared">
<arg>EM040</arg>
<status status="NOT RUN" starttime="20231113 09:26:17.377" endtime="20231113 09:26:17.377"/>
</kw>
<kw name="Fermer le clavier" library="shared">
<status status="NOT RUN" starttime="20231113 09:26:17.377" endtime="20231113 09:26:17.377"/>
</kw>
<kw name="Affiche Element" library="shared">
<arg>//android.widget.TextView[@text="EM040"]</arg>
<status status="NOT RUN" starttime="20231113 09:26:17.378" endtime="20231113 09:26:17.378"/>
</kw>
<kw name="Retour arrière" library="shared">
<status status="NOT RUN" starttime="20231113 09:26:17.378" endtime="20231113 09:26:17.378"/>
</kw>
<kw name="Recherche article" library="shared">
<status status="NOT RUN" starttime="20231113 09:26:17.378" endtime="20231113 09:26:17.378"/>
</kw>
<kw name="Scroll Vers Element" library="shared">
<arg>//androidx.cardview.widget.CardView[@content-desc="Sélectionner l'article Chaîne Argent maille et longueur variables"]/android.view.ViewGroup</arg>
<arg>haut</arg>
<status status="NOT RUN" starttime="20231113 09:26:17.378" endtime="20231113 09:26:17.378"/>
</kw>
<kw name="Sélection article element" library="shared">
<arg>//androidx.cardview.widget.CardView[@content-desc="Sélectionner l'article Chaîne Argent maille et longueur variables"]/android.view.ViewGroup</arg>
<status status="NOT RUN" starttime="20231113 09:26:17.379" endtime="20231113 09:26:17.379"/>
</kw>
<kw name="Sélection gamme" library="shared">
<arg>34</arg>
<status status="NOT RUN" starttime="20231113 09:26:17.379" endtime="20231113 09:26:17.379"/>
</kw>
<kw name="Sélection sous gamme" library="shared">
<arg>Classique</arg>
<status status="NOT RUN" starttime="20231113 09:26:17.380" endtime="20231113 09:26:17.380"/>
</kw>
<kw name="Fermer le clavier" library="shared">
<status status="NOT RUN" starttime="20231113 09:26:17.380" endtime="20231113 09:26:17.380"/>
</kw>
<kw name="Retour arrière" library="shared">
<status status="NOT RUN" starttime="20231113 09:26:17.381" endtime="20231113 09:26:17.381"/>
</kw>
<kw name="Attendre" library="shared">
<status status="NOT RUN" starttime="20231113 09:26:17.381" endtime="20231113 09:26:17.381"/>
</kw>
<kw name="Scanner code barre" library="shared">
<arg>38141025</arg>
<status status="NOT RUN" starttime="20231113 09:26:17.381" endtime="20231113 09:26:17.381"/>
</kw>
<kw name="Saisir quantité article" library="shared">
<arg>2</arg>
<status status="NOT RUN" starttime="20231113 09:26:17.382" endtime="20231113 09:26:17.382"/>
</kw>
<kw name="Valider quantité article" library="shared">
<status status="NOT RUN" starttime="20231113 09:26:17.382" endtime="20231113 09:26:17.382"/>
</kw>
<kw name="Valider module" library="shared">
<status status="NOT RUN" starttime="20231113 09:26:17.383" endtime="20231113 09:26:17.383"/>
</kw>
<status status="FAIL" starttime="20231113 09:25:53.600" endtime="20231113 09:26:17.383">Execution terminated by signal</status>
</test>
<doc>Test du module Entrée Mono Emplacement</doc>
<status status="FAIL" starttime="20231113 09:25:53.194" endtime="20231113 09:26:17.384"/>
</suite>
<statistics>
<total>
<stat pass="0" fail="1" skip="0">All Tests</stat>
</total>
<tag>
</tag>
<suite>
<stat pass="0" fail="1" skip="0" id="s1" name="Module Entree Mono Emplacement">Module Entree Mono Emplacement</stat>
</suite>
</statistics>
<errors>
<msg timestamp="20231113 09:26:17.358" level="WARN">Keyword 'Capture Page Screenshot' could not be run on failure: Execution terminated by signal</msg>
<msg timestamp="20231113 09:26:17.363" level="WARN">Keyword 'Capture Page Screenshot' could not be run on failure: Execution terminated by signal</msg>
</errors>
</robot>
