<?xml version="1.0" encoding="UTF-8"?>
<robot generator="Robot 6.1.1 (Python 3.11.6 on win32)" generated="20231201 15:47:42.675" rpa="false" schemaversion="4">
<suite id="s1" name="Sortie Stockmono Empl" source="c:\testsLogistique\LogistiqueTest\testssuite\sortie_stockmono_empl.robot">
<test id="s1-t1" name="Test De L Application" line="19">
<kw name="Demarrer L Application" library="SatelixLogistique">
<kw name="Open Application" library="AppiumLibrary">
<arg>${remoteURL}</arg>
<arg>automationName=${automationName}</arg>
<arg>platformName=${platformName}</arg>
<arg>appPackage=${appPackage}</arg>
<arg>appActivity=${appActivity}</arg>
<arg>autoGrantPermissions=true</arg>
<arg>noReset=true</arg>
<doc>Opens a new application to given Appium server.
Capabilities of appium server, Android and iOS,
Please check https://github.com/appium/appium/blob/master/docs/en/writing-running-appium/server-args.md
| *Option*            | *Man.* | *Description*     |
| remote_url          | Yes    | Appium server url |
| alias               | no     | alias             |
| strict_ssl          | No     | allows you to send commands to an invalid certificate host like a self-signed one. |</doc>
<status status="PASS" starttime="20231201 15:47:43.376" endtime="20231201 15:47:54.895"/>
</kw>
<kw name="Activate Application" library="AppiumLibrary">
<arg>${appPackage}</arg>
<doc>Activates the application if it is not running or is running in the background.
Args:
 - app_id - BundleId for iOS. Package name for Android.</doc>
<status status="PASS" starttime="20231201 15:47:54.895" endtime="20231201 15:47:55.659"/>
</kw>
<status status="PASS" starttime="20231201 15:47:43.376" endtime="20231201 15:47:55.659"/>
</kw>
<kw name="Sur le terminal, sélectionner le module" library="page_accueil">
<arg>Sortie Stock mono empl</arg>
<kw name="Choisir Le Module Dans La Liste Des Modules" library="page_accueil">
<arg>${monModule}</arg>
<doc>Clique sur le module passé en paramètre</doc>
<kw name="Run Keyword And Return Status" library="BuiltIn">
<var>${module_present}</var>
<arg>AppiumLibrary.Wait Until Page Contains</arg>
<arg>${module_name}</arg>
<arg>3s</arg>
<arg>La liste des modules ne contient pas le module demandé ${module_name}</arg>
<doc>Runs the given keyword with given arguments and returns the status as a Boolean value.</doc>
<kw name="Wait Until Page Contains" library="AppiumLibrary">
<arg>${module_name}</arg>
<arg>3s</arg>
<arg>La liste des modules ne contient pas le module demandé ${module_name}</arg>
<doc>Waits until `text` appears on current page.</doc>
<kw name="Capture Page Screenshot" library="AppiumLibrary">
<doc>Takes a screenshot of the current page and embeds it into the log.</doc>
<msg timestamp="20231201 15:48:00.641" level="INFO" html="true">&lt;/td&gt;&lt;/tr&gt;&lt;tr&gt;&lt;td colspan="3"&gt;&lt;img src="data:image/png;base64, iVBORw0KGgoAAAANSUhEUgAAAtAAAAWgCAYAAAB30nTTAAAABHNCSVQICAgIfAhkiAAAIABJREFU
eJzs3Xd8W9XdP/DPlWzLe684cezYsR0725k4ZJC9A2GFPQoUKCWFPn0enpb2RxeF8gClLVAoq+wd
RnbI3jvO9oxjO47jvbd1f3+cSNaVta4t2Qr5vHn5Ra50dX0kS7rfe873fI+k+90fZRARERERkUM0
/d0AIiIiIqIrCQNoIiIiIiIVGEATEREREanAAJqIiIiISAUG0EREREREKnj0dwOIXE0r6dEpazDM
pxJPR+7AVJ8CSLKMPQ2D8cfK6TjVEmHch4iIiMgeBtD0oyVJMh6IysSL8VsgtXZCo+8E9AA69YBe
xhLfs1iiO4POTgAa4KnKuXi9biJkSP3ddCIiIqcZERWJpLBQJISGICYgELHBgQj29oYE4FJDI3YX
FmFvYREyS0shs7ixQyTWgSZrhkWE4x+LF6h6TH1bG7blF2Bjbh7Olle4qGX2xelqcWrC25Da9IBe
bxI4wxhAo1MG9DLky/+XOvXY3D4US8vu6rd2m/P28ECQtzcAoLalBS0dHf3cIiKiq5tWI2FafDwW
pSQhJjAAGsl2p4tellFSV4912bnYfq4AHXp9n7Tz2rjBuDd9DBamJCHUx8ehx9S2tGJddg7eP5qJ
refO9TqY9vbwwMqMSZgSNxjeHu7RZ9vS0YHd5wvxyp79vTqnusezIbeUW1mFiYMGQeehtXi/LAPH
L13Cptw8AMDGnDzsKSzCkJBgXJ82DMlhYfjubFZfNhkaScaqMaswy/c8JL0ssvxlCY5+C1znmQut
pEdAm4Q6Twl98zWnFOLjjYzBsZgwaCCi/PwQoNMBAOpbW3GpsREHiy9gT2ERqptb+qF1RERXt5FR
Ubg3fQzmJw1FoE4HO/EzZBmob2tFTGAAGtrasL+o2KXtm52YgD/PnYXR0VGqHxvkrcOKUSOwYtQI
FNbU4p3DR/HGwUM9Ot8khobi6ztuRUp4mOrHutrcoYm4ffQoLP/oM+RVVfXoGAygyaoOvR47z5/H
7MQE421VTc3YlJePTbl5WJ+Ti4rGJuN9EwbGYP8jD2J4ZAQA4JszZ/s0gNZIMmpmvAJt++WwV5IA
jSTe5TqIb7HaNtsH6QC8pQ60aTxwaWM1ouaG9mkQnRwehhuHp2JRSjKSw8Pg7+Vl7N3QyzIa2tqQ
nZiANVnZ+PLkaeRU9uyDT0REPZMWGYHR0VEI8tY5tL8kAYE6HUZERiIlPMxlAfTwyAj8bdF8TI2P
c8rxBgcH4ZlZM/DIpPG496tvsTX/nKrHv7xonjF4ziy9hNoW9+j0CfL2xujoKKSEh+HlRfOw9INP
enScXgfQ96SPwayEIRgUFAgPjQZljY04VFyC944eQ2l9Q28Pb3T76JHIGBwLAChrbMQftmy3um/G
4FjcNmoEUiLC4ePhgdrWVmRevIR3Dh9VdaURGxSE/5k2xeJ9siyjpaMT5Y2N2HW+EHsKixw+xku7
9yK/qtru718yLBnzkoYat2taWvD0pi0Ot98ZNuXmwd/LCxtz8rAxNw+HLpQgJjAAJXX18PPyxJS4
wdh9vhAAUNfaivyqanx/Ngu/yJiMGUPiITne+dsrEmR8M2pVV/BscScJCNaJ9I1Kyx9kDWQM97iE
g/pBaJHb8dWhOiwfH9AnedHjYgbg3vQxWJSSjAEBAd16NTSShECdDuNiYjAgwB8DAgLwnyPHcLjk
osvbRkREQoBOZ0xHWJ+Tiw05eahrbbW4b6BOh3lJiZifNBReWi18PD2d3h6NJOHX06fi1zOmWk0n
OV1WjnXZubhYX4/K5mZUNzVDL8sI9fVBqI8PYgIDMGdoosVe6yh/f6y9+w68sncfnt60xaEUlMTQ
UMwdmggAeGXPfvzPhk29e5IWeGo1aO/sWRfX8/PmYGXGJMwdmojE0NAe9UL3OIAeFR2Ft25YilEW
XuzFKcl4PGMSfr1xM947cqynv8IoKSwULy+cb7zay6+qthpAv750Ee5JH9PtTTQ7MQE/nTgOf9iy
HX/fu9+h3xvp54sHxqc7tG9m6SU8vWmLMZ3B1jEcDYSfmHKN8aIBAC7W1/d5AP3Knv1Yk5WDGUPi
8cSUa3DdkHhUNDVh1D9eR7ivH/40+zo8v2M3AODG4alY8dkX6NTLqG9txZ/nzMK4mBgculDi8nbG
6uox0/+8YztrJCDCB6hoFsG0KQlY7nsaR1tiAVnChIoWxDX7o8DHtQH0gIAA3DxyOG4cnoZQX9u5
apIEDAwMxE3D09DY1o7iunpcanDexSoREXVZMkyMCLZ0dGBTbr6iO+V0WTm+PHka5Y2NFh8b6e+H
2KBAzL/cGSZBxDRzkxKh03ogp7IS35/N7nHb/Lw88cVtt2BmwpBu95U3NuKl3XvxxcnTKK6ts3us
pzdtQUxgAJanpeKJKZMxMDDQeJ8kAb/ImIwpcYOx5P2PUWOnN3lgYIDx32uyxPPTZaxz9GnZNS8i
A6WtlcisUz/K3bpnAdZkZWNlxiQAoq09CaB7VLcr0t8PX9x2szF4lmWgsKYW2RWVxoTsUB8f/H3x
AuMVSG/834J5Dg2VvDB/Lu4bN9YYPFc3t+BseQWa20Wb/L288Je5s3HLyOG9bpO50dFR+PK2W3Dz
iDS7+y4dlmJ3n2ER4Zg4aKAzmtYrkgTseuh+/HPJQtw4PBUdej2eXLsBn624GZk/fxjXDI7FN3eu
wDd3rsCk2EHdHm/pQ+38Nso4PfltSJLKru5wH0DXPb87RlOHgS2d0EB82e3ZUQW1h1ZD56HFwpQk
LEpJths8mwr19cHClCTMTxY9G0RE5HwLkpPws0kT8eD4cUgMDen18YaGheLB8ePw2OSJWJCc1OPj
BHnrsOm+u7udZ9s6O/Hirr0Y9rd/4uXd+xwKng1K6urxz30HMOLvr+FPW3d0m2Q3YWAMtj5wr6pz
lbMtiZqO/0t9skfBszP1qAf6v67NQFxwMAAxbP/gqu/w7RnxRJLDw/DxLTdiRFQkvLRaPDFlMjaa
9cqqcW/6GMxLsh+EB+i8cN+4Mcbt785m4Sdff4v61jYkhYXi89tuQWpEOLQaCT+fPBGfnzilui3L
PvwEF03SUgJ0OlwbF4ufTZqISH8/6Dy0+Nui+dhecB5lDZavRgHxGs0Zmtitt9rUvelj4KHp/7rE
siwmBxouOvYVF+OHvHzkVFZhWaryQiA5PAyf3HoTTpeV4xcZkwEAMxOH4K87d7u0jT+NzoTU2RXh
ygA6oYFGCzR7eKJDq4WusxO61jbIEqAxzSkJ9Qaalb23pfoAZFR2DcfJsh4PFjbhzThfl7R/SEgI
ZicmICGk+xdzRWMTztfWAgDigoIQ7qdsQ2JoCOYOTcS+wiJkVVS6pH1ERFezIG9vDAgIgLenB3w8
ep+C4e3hgSh/fwR56xDs493j4/xp9kykxwxQ3JZVUWlxYtyk2EG4deRwTBg0EJF+vgj39YNGklDR
1IiyxiYcK7mIz06cws7z5yHLQHN7B/60bQfeO3oMX952C8YMiDYeKzUiHL+7bjp+sWZ9j9veUzcO
mI1/j/x/eCn//T7/3eZ6FECbphW8e/iYMXgGgOyKSry0ey/eWb4MADDa5EU3iA0KwqTYgTh0oQQF
1TVWf0+kvx+emTkDgJjQZiugnBoXB38vLwDi6uux79eivlVMGMuprMLzO3bhvRuvBwCMiFI/MxUA
LtY34HjpJcVtu88X4kBxCVbfdTu0Gglhvr54YFw6nt2+s9vjZRnGvNY7Ro+0GUAvGZbc7TH9ZXP+
OWMAvXRYCj68eTmmxMWiqLYWsUFBin2XDktR9LBfExsLnYcWrR2dLmmbVtLjr8nbgE4AGglrahLx
3znTUdAchOjwWERFxkMjS4iKCMPG3auggR7Lw7Pxbuo66DsAjUaGNMgfckG9OKAMfNuchn/kKYen
fn+2GW/H+cIVzyIpLBRxwUHQarr+0LIMHLpwAV+fPoMzZaIcYFpkBG5IG4YJJiMTHhoNhoQEIyks
jAE0EVEvDQ4OwjWxgxDu54uC6hrsdXHFDECMJl4TOwjxIcGobGrGnsIiFNbU2n2c+cjj+pxc3Pn5
12hoE7GPRpJw99jReGratYgPCbZ4jNigIMQGBWFczAD8ZHw6LtTV4cVde/HmwcPo0OtRXFuHGW+9
h7eXL8ONw1ONjxsaFtqLZ9wzt8cswGsjfwMJEj4qWeu04268T5Su9f5/f1L1uB4F0G8cPIwvT54G
AGyxMCvTtDJAgJcy9SI2KAi7H7ofkf5+qGpuxoy33kO2lRP/X+fNQXSAPwDgs+MncceYUVbbFKDz
Mv67qqm5Ww/wCZPA19vDA94eHk6rqbs1/xwOXriAyZdTGNIHDrC4X2FtDYK9fRDkrcO8pKHw9fRE
U3t7t/3mJw1FYqh4c54sK8PIqEintLOn1mblKLZnJSZg0F9fRFJYGI499rDNx+o8tJgaF4cf8vJd
0rZOWQN0AJ9VpeInZ+cD0GB0ymSMkz0ul7AD/HReKLmQA70M6KHB5+XD8GVFCoI9WpAz5S14d7RD
ivIFLjZADwmZbdEY0FKnqL7RIXe6JHgGgJjAQIT7KnuWa1tbsCYrB28fOmqcnLK3qAheWi2Sw8MV
KU1hvmICCBER9U58cDDuGjsaqRHh2JpfgDwHJvz3VoSvL25IS8V1CfE4W16Bkrp6hwLol/fsw5LU
FIT6+OCFnXvwu81bjJP2MwbH4p9LFiLtclUsRw0MDMRLC+fh0UkTsHLNemzOy0dLRwfu+PwrnJh2
LX43czoa29rx3PZdPXmqPXZd2AS8OuLXkCAhsy4L55ou9Onvt6RHAfQHRzNt3m8a8BXXKd8Ek2IH
ItLfD4DIk84YHGsxgF6ckmzs9dyQk4ed5wttBtBnyyuMvbVhvr7GShHGNplMdrxYX+/0BSkUqR1e
Xhb30UoabMzNw80j0hDi4427xo7GGwcOddvP9Hmuy87p9wC6vLERWRWVxnI0IT7euGXkCAwKDMDR
i6W44aNPAQC7H7pfMenAYGbiEJcF0GP8LmHw/kdQ06nDoKh4DApPAKCHLAMyZMiyjEHhIdiZuVnx
OL0soardB+HbH8PfUzbjvvATkCABHjIeym2F3qx4nQbAyPoOnAhwfuXHSD+/bsN4lU1NKKipUczs
rm1pxfnaWtS0NCsC6ACdrlsATkRE6vl4eiDSzw8DAwMR5usLzz5IpfTUahHu54uBgYGoam5xeMGR
s+UViHnuxW633z9uLP6xeKFiVFOtoWGhWH3X7fjtD1vwf7v2AACe27ELHx8/gZrmFqtVR1whxS8e
H499DhpJ/C0+v7ixz363LU5/Z4wZEI3/ujbDuP3J8ZOK+3cUnMe5anFFV1xbh8153XuwfT098dy8
2dBIEmpbWvGr9fZfrMzSSzh4QVyReGo1+PviBcZe6cTQUPxqalcpuVWnz6p/YnaYDo9UWSk47u3h
obj4uMlkOMQgQOeFOUNF3eXq5hZssfD69IfNZgHwu8uX4Y+zZyIpLBQLk5OwMDkJelnGik+/xNen
zyj2deVEwsymSNR06jBxxHTERyVCq5Gg0Wig0Wig1WiQGB0lgmnZcqkbWZbw87OzcefZxZCDdNgs
J+PJnGaL+/53lvW89t7w9fSETqv8wmzr1KPNLO1FkgCfy6Mnpjo69VyhkIiI8Oc5s/Da0kXdgue2
zk58fzYbd3+5CumvvoGov7yAIf/3ClZ8+iVe3r0P+4uKu5WEkyTgT3Nm4l/LFhtvK6yp7dPgOcwr
CN+Mfxm+2q5Opj+n/By183Ybf6rm7sS1oWP7rE0Gve5OC/LW4bMVNwMQPb9JYaHGE/x3Z7O6lZsr
a2jEuFffRFpkBLIqKox5yqb+NGemMb/mpd17kF1Rqci7tubR79bg+7tuw4CAACxOSUb2E4+jtKEB
ccFB8L1ce3FvYRF++4NzS8E9OGEcxprkeu+1UhPay0OLjbl5yK6oRHJ4GK4ZHIuksFBFysvdY0cj
+PLSzetzcq2uAtjXfsjNx6OTJnS73d/LC68tXQQAWJ2VjW/OnEVRbS2Wp3VdHIwZEI1gb2+7ZW96
QoaECcOnwNfD63KPs7gNsgw9JGg0EiRJAuzUcf6mIgkPey7D7d8MhATLXw4TalzzpSFJ9vPcNZKE
4ZERmBo3GCFmS7JWNDWhpL7eyiOJiOhqcG3cYPzy2msUtzW3d+Dfhw7jhZ17upXaq21pxTdnzuKb
M6JTMdLfDy/Mn4tbzSqV3Zs+BuuycxTz3fqCTuOJr8a9hBhv26Pwj596DruqjvZRq7r0OoD21Gox
Y0h8t9tXZ2Xjjs+/sviYpvZ2q7WBMwbH4ifjRN3kQxdKjDWGHXHyUhnu/GIVvr1zBfy9vBDi440Q
k6Hx3Moq3PrZlxbzjh3x6KQJaGzreqzOQ4thEeG4JrYruC+orsFbh45YfLyhl/HbM1n41dQMeGg0
uDd9LH6zqSu94MbhXWXw3j+aidBezNC9GgwZkIBAb39jygbky0G0JCHscqqQo5qPJGJUtfW8M0nu
u9mcEb6+uGF4KlIjw8XvliSkRkRgWvxgxcQRWQYKa2txpqy8z9pGRETuZ4hZib3q5hbMeuc/OG12
fvDz8sSQkBB4aDTIq6oydmSWNTTini9X4bPjJ/HhLcuNHY+AqBbV194a9QzGBg6zuc8/Cj7BhxfW
9FGLlHodQHfq9ThbXgFJkhDu64NQH19IkshhPvDIQ1j6wScoqrWfDG/wwoK5xqoNv1ynLs9lWWoK
3l6+zFiNo7KpCWWNTYgNCoS/lxeGhoVi54P3YdmHn+JseYWqYwPiKsyWkrp63PPVN1YDdC+tFp5a
Dd49chQrMybBS6vF0tQUYwBtWvv5THkFtuafw5028r770vaCAruVUBYlJ+OfSxZarF89e2iCceKp
M4UFhEMraSBLhgAaxp5o38spPHq9HqK4nfUAeG5ZK17JrLOyh3js4RDnryBlTbifr0M1xS/W12NX
QSGX9CYiusqtPpuFisZZCPfzRUVjE+a+94EieJ47NBGPXTMRcxITFaOeZ8orsDYrBy/s3I2alhas
zc7B1DffwacrbkZSWCjqWlvxWQ9K//bGvIgMhHoGKXqWI3WhSPbrWqZ8fflu/C77tT5tl6leB9DV
zS0Y889/GbevjRuMlxfNx8ioSKRGhONfyxZh0fsfO3SsX0+finGXaxq+deiIqvXiBwYG4o3rlxiD
5xd27jGmakT6++Hf1y/FvKRExAUH460bluLaN99x+Ni26GUZ56qrsSEnD3/dudvm8uWGCY75VdXY
db4QMxOGICksFPOSErEhJ09R+3nV5TxiPysTEvtaY1s79hUV42BxCZ7+YTNmJSTgq9tvhae2K6CW
JLFs6fS33sXz8+bgoQnjjPfNTBjikgA690I2JgdnQAYAWRLBMyTIpiufSKIH19KS4hKAv5xtwh0F
DRaDZ31nh5i4oJHwfJK6Hm1Xa+vsxO7CIqzJyu7xqAoREf04VDe3YPzrbyI5LAxnKyqM1chiAgPw
xrLFmGNlYbvUiHCkRoTjvnFj8MDX32Ftdg5OlZVj5N9fQ3rMAJQ1NuJiH6cJbijfgw3lexS3vZT2
X8YA+lR9Lu7N/C30VuY39QWnlxTYdb4QD676Dnt/+gAkCbguYQiGRYTb7fFNjQjHL6aIxTdkWcwA
/fqOW433R5hUGYjw8zPe99SGH5BdUYlHJ00w5g7vKypW5DmXNTTiJ6u+xfHHHkGorw/GD4zBwuQk
rM1WlmezZ8WnX+KiyZLJze3tKKqtRbWVSYOWBOp0KK1vwOcnThkn190xehQ25OQZaz+3dHTg3cNi
CXQfB2fj9oXNefl45/AxdOplkctdWYnhZiVyiuvq0NzegcMlFxW3Jzhh9SZLahpqoNFqcDmChixL
kC+ncRhIkDAyfjiOn+u6gtbIgF+nHqe31ULT0T341Hd2AJ0dgEYDSBroAWQG9V0PtD0tHR04WnIR
X586zfrPRERO0tLRibLGRlyoq0NlUxPa9a4P0No7O1HZ2IQLdXUoa2hQNSl8anwcYoMC8XHmCQwN
C0VCSAh2nS80dqqkRUZg3T13IMrf3+6xQn188OmKm7D4/Y+xo+A8AOCI2bm8v2glDW6Mng0AuNRa
iRsOP4nmTufMS5r77gfG56uGS6KzYxdLUdbYgCh/f2gkCaOjo+wG0DMThyBQJ0pzSRJsrj4YoPPC
wsvLXxpypIdFhBvvz7xY2u0xFY1NyK6sxGRfUat5zIBo1QF0fnV1t4VU1DJMsPwo8zj+MOs6RPr7
Yc7QRCwZlmys/bz93Hlj2os7rEZo8ENuPh6ckI4Xdu7GzIQhePvQEdS0tOAvc2cBAJ7bsRs6rRY7
H7ofg4MC8eXJ09iSfw6bcvNVpfGoIUkSPD29oe9oM5atk2UJlyNqo+HDxuDkuVOQIGNBaRvezKxH
p6w3K0MjQd/Zjvbmemi0HtBqtQA0kKGHp+QBLeCyWtCOkmWgpL4OO86dx6rTZ7G9oAB6S13rRESk
2rnqanx47DjCfH1wvroW5Y1NLv+dFU3NWHX6LI5cvIjKpmYU1FhfYM7UTyeOx0sL5uF/N/4AQEzq
jwrwN8YNPp4e+OH+uxHq4/iy215aLT699SYMfenvbjWyOTf8GgR7BqC8rRoLDvwMl1r7v+OoRwH0
xaf+y5gqcdMnn2FDTvcV9XxMks87HLiCq7Sw+IkpT63WOCGwQ69HVZMoNdbRKUIa00AzQKfrfgAo
0yE0vaiP6AztnXqsycrGfePGIsTHGy/Mn2u879PjJ/qxZdYdKinB93ffjqdnTMP+omJMf+s9AF2v
678PHgYgqq+cq65W9AKH+/kiPjjY6uTRnpJlGWfyM5EWN/xy+gZE+oZZUCm1t+OjD3Yg0cMfkYFR
gIcXtJKETn0nWlsa0NbSAI2kgVajhVbrYcyjlmQ9ZFmDPyS5ZhVCW2pbWtHQ1gq9LKO+tQ2XGhpQ
UlePY6Wl2JSbj+yKSgbPREROVFhT69AiJs5U2dSE1VnZDu/vodHgtaWLcNeY0ZAM838s8NJquwXP
284V4DcbNxtHiUdEReIPs68zdkoCYmXEuOAgnOnBXDFXuTVmPi62VmDe/odxvtk9esV7FECXNjQg
9XKP751jRncLoH86cbyxN7lDr8eBYmXQZGkp70+Pn8SnZjWjTd2bPsZYi7CwphZpr7yquD+3ssrY
az0rcQiiA/wV+cjXJQwxthlAjyYROtt7RzNxb/pYSFJXHemSuvputbPdhSwDW/MLcEPaMEiSBK1G
QqdeNgbOBvlV1UgMDUV1SzNuHJ6GqqYmLEhOwj/27ndJu7KLcjAycSRkvd5Yxk62EFi+9++/4sk7
VqK2vhI6SQsPrQc8NVp4aj2g1XhA0gCyrIFeL0MrydDLMrTigHh9iONX8M5Q1dyM9dm5OHShBJ2y
jNqWFpyvqUVBdQ3KGxsduiglIqLeq21pQWlDPWpbWtFsIeVPrZaODpQ1NqK5vR01KlJADTr0ejz0
zfd469AR7HjwPqv71ba04uPME7h99EgAwO+3bMNfzFYQPHmpDMs/+gwPThiH5+fNhq+nJ/YVFbvV
xHQ/rQ9GBiRh9r6HUNzSuywAZ+pRAP3VqdN4esY0AMDNI9IQ6uONddm5aGpvx4SBMVgxaqRx3w05
eYrhezVLeavxUeZx/GT8WHh7eCDK3x9bf3IP3j+aieK6epEcnz7W2EtdUF2D1Wcdv9pzlf1Fxcgs
LcUYkxrS35/t2zqLaj25dgOe3rQFnloNOvUiSA33E/npK0aOwMeZJ/DghHRsys3HxEExaOnoQHZF
JRanJGP58DRk9jIFxpofDm3GnPGzuipxWCg5F+rhg+sfXoBVb6xHJ2RoZBl6yNDrZWgk0dMsy7Ix
FUSS9ZChwZwZkZDtFWp2sksNjVh9NrvbojRERNS31mXnIK+qCq0dncirqkZccLD9B9mQV1WNfx88
DJ2Htlfxj6GbyNZA5AOrvsOmvHwU1tRi9/lCq/v9++BhfHA0E+kxA3DoQkmvO2kumKwEvSglGTsK
zqN1z4IeHWtC3GDMOfY1Ltan96pNphalJBv/bdpWNXoUQD+/YxfGxcRgQfJQAMCsxATMSkzott+Z
8go8uXaD4jZHl/JW60jJRfx+yzb8cfZMeGg0GBISgv83c0a3/WpbWvH46nVus3LbqtNnjAG0Xpbx
7pFj/dwi22pbWvDSwnn487YdkCRgz08fwLIPPwEAjI6OwkeZxzEzYQhWn83GvKSheGLteiwZloKv
Tp3B8UuX4Oflqail7bR2NdaitqkeIX5BkCXZYg+0pJFww+ybsAAd+OGtzdDLeuj1Gui1orfZ8B9k
vZiMCA0yQ7yR7e8ei9kQEVHf+96sw+06k9V10yIjcOPwVKur8wXqdEiN6JpsLwPIrqh0StzjCL0s
45NMZVroz6+ZaEwb/dX6jfjH3gMARM/4HisLwamVV1WFjbl5mDs0ESszJmFGQjxqXbCYWk8EeXtj
dHQUAGBjbh7yqnrW296jALq9U48bPvoUv8iYjPvHjUVyeJji/rKGRnx16jSe2bINtS3KN5VhKe8h
ISFWl/LuqZd370NWeSV+NTUDEwYNVORFN7d3YHN+Pv6wZXuvJwI607tHjuG/p14LPy9PHLpQgmMW
JkC6E70sw9fTE7+fdR0eXPUdTpRewh9mXQcAKKipgadWi7PlFfDX6fDlydPQSBq8b7J8ucvIwA8H
f8Bdi+9BW2MjZOlyz7J5rrusx52L78UcAM/+cBoZhZXwuJznrNfrIUEPjSR6on0lDZZNjbKSXUZE
RFej5vZ2tF2efzU/aSjmJw116HEtHR1oaOu++rKzLUsbhtOXynDk4sVuvdNxwcGKOVcvzJ+LHefO
u2R0+Ik1G/D1HbciJTzMGLC6k6yKSjyxZoP9Ha2QdL/7Y6/jg2ER4UiLiIBGI+F8TS0OFl+wub+v
p6fNpbydIdLfDxMGxsDfywuVTc3YX1zsst91NZoSNxiDg4MwK2EIsipnDVIzAAAgAElEQVREPvmb
Bw/DU6tFRR/MWrZGkiTMu2YeQn0CxPInVlIvZA9PfL7xU0gdHfjz7jwsKKiCXtLAU6OFVuOBM9HB
uHFGLOaWt2FzuCc6pMtLhLvAb2ZMxT1jxyhWGMyprMTLu/eprhRDRESuNSl2EFZmTMLsxAQEeOlg
L8NPloH6tlasz87Fy7v34qiTOsomDBqInQ/eh1+u24BX9x3EmAHRSIuMwN7CYpyrrrb4mGnxcdh4
312K23paxs0R3h4eWJkxCVPiBhurkPW3lo4O7D5fiFf27O9VNoJTAmi6ukwfEo9HJo3Hk2s3oLyx
Ee2dbjahTQJC/EOw4Jq5gN7621vW67Hl2E6UVZdBcznfa3RFE9q0GpwK9YYECSNqO1Cu06DUW+Oy
nujpQ+IxdkA0tCa95ZVNzdhTWNRnw3xEROQYD40G0+LjsCglGTGBAdDYiaD1soySunqsycrG9oIC
4/yh3hoWEY5/LF6A1/YfxKrTZ5EcHoaKxiZUNTdbfUywtzeynvg5grxFoYfallZMfP3fOO9g6Tzq
wgCafrwkYPiQ4RiTNAb6jjbLvdEyIEsSdh3fg6Iy5+R+ERERuavR0VF4+rrpCPbW4Y9bd7is9/nH
jgE0/ehpJAl6WUZYcDhGJ4xAeKBYsKayrhKZeSdRUVsJjWSzs5qIiIjIyD0SUohcyLDYSGVNBbYc
2WZlnz5sEBEREV3R3GedaCIiIiKiKwADaCIiIiIiFRhAExERERGpwACaiIiIiEgFBtBERERERCp4
tKaO6e82EBERERFdMdgDTURERESkAgNoIiIiIiIVGEATEREREanAAJqIiIiISAUG0EREREREKjCA
JiIiIiJSgQE0EREREZEKDKCJiIiIiFRgAE1EREREpAIDaCIiIiIiFRhAExERERGpwACaiIiIiEgF
BtBERERERCowgCYiIiIiUoEBNBERERGRCgygiYiIiIhUYABNRERERKQCA2giIiIiIhUYQBMRERER
qcAAmoiIiIhIBQbQREREREQqMIAmIiIiIlKBATQRERERkQoMoImIiIiIVGAATURERESkAgNoIiIi
IiIVGEATEREREanAAJqIiIiISAUG0EREREREKjCAJiIiIiJSgQE0EREREZEKDKCJiIiIiFRgAE1E
REREpAIDaCIiIiIiFRhAExERERGpwACaiIiIiEgFBtBERERERCowgCYiIiIiUoEBNBERERGRCh79
3QAiIiIiugo1NwP7dwMVZWI7PBKYNAXw8enfdjmAPdBERERE1Lfa2oD13wElRUBbq/gpKRK3tbb0
d+vsYgBNRERERH3r8H6guan77c1NwOEDfd8elRhAExEREVHfKim2ft/FC33Xjh5iDvSVoL0NyD4r
/p+YDAQE9neLHHclt52IiIhcQ2OjD9fWfW7CvQLoVZ8B2zaJf3t5Ab9/AfD169829bf2NuBfrwC5
WWI7KAR4/L+B8Ij+bZcjruS296d13wLrv+/afuhxYPgodccoKQZe/DPQ0S62Zy8Eliy3/ZjSi0DW
aSDnLFBZAVRXAWFhQEgYMDQFSBsJREbZ/91HDgD/eVNde2255yEgfaLzjkfqmH4v2+LlJd4r4RHA
kKFAShowOL7nv7ezU3x3ZJ8BCguAsktAUwPgHwhEDwDiEoBhw4G4IYAkOX5cR58PAOi8gahoICIK
GDFa/D5Hz0nOOJ91dgDP/x64dLHrNr8A4Dd/BPz81R3LvE3ePsDPfwUMGuz448vLgGd/C+g7xfYN
K4AZs9W3gwgAomOAc7nW73Nz7hVAt7Up/93Z2X9tcRfn8roCUACorQaOHgTmLOy/NjnqSm57f0pI
Um6fOq4+gM460xU8A0BikvV9G+qBDWuAHT90v6+4ESguBE4cBVZ9CsyYA8xbbDsQaG+3fl9POPt4
pI7p97K9/S5dFD+njgOrvxbv2+UrxMx6NfJzgM8/Ai5aGOKtqhA/p0+Ii83kVGDpTUBsnOPtdFRr
iwjeCwtEvmZAIHDLXcCosep+T0/PZ4UFyuAZABrrxUXumPHqj2fappZm4NsvgEeecLy3r729K3gG
RCcJUU+NnQCUlnTPg/bxBcZN6p82qeD+feRXO7m/GwDRa7HyAfHzl985/jh3aPuVKD5R9A4ZHDsM
dHSoO8bJY13/9vISPYKW1NeJUQJLwbMl2zYBr70MNDaoa8/VqKefmx+TU8eB//uzuJh2hCwDP6wD
XnnecvBsSfYZ4KVngQN7et5OR9XXAW+/Cmzf7PrfBQBnTlm+/WSmc46ffQY4tM/x/VV09BPZ5e0N
zF8CDBwMeOnEz8DB4jYvr/5unV3u1QNN3SUkiuFz0zSIsRP6tg2mvRbNzY4/zh3afiXS6YCx44G9
O8V2Yz1QVGA9CDZXU6Xs+R8z3nJNTb0e+PAdcWwDjRa4ZqrosfbxFT0DudnAvl1dPU9FBcCn7wP3
P2J56Dx1hOjVsubIAVH30+DmO22n9cQMsn6fO+vp58bd3fOQ5REIWRbvl/xc8d41jIA0N4qg88lf
A6Hhto+9fzfw/VfK28IjRW/UgBiRUtHUJN6D+/eIYwPivfnRO+I9O3KMc54PIHpcy0pFu0x7gr/+
BIgd3H20yJn0evFZseToIeDG28Tz7a3vvhSfWc5Pof7g4wtMn9XfregRBtDuztMLeHilGJJvbxMB
6ZXyRXclt72/pY3qCqAB0VPkaACdl6PcHj7a8n5nTgJnT3ZtB4UAD/28e07kuElAxlTgzX8CdTXi
tuNHgLOnxInXXGCQ+LGm6LxyOyEJiBlofX9yL0nDbH+O0ycC02YC770JXCgUt9XXARvXAivutv64
4iLgsw+Ut81fCsycJy4qTY2fJFLBvvkCOGjS8/z5h8CQRMA/wHnPBwCmzgS++RzYva3rti0bXRtA
XygEyi91bYeGi9QVQFyc5Garv1iwpL4O2LAauOn23h+L6CrCFI4rgaeXmMAydsKVF4BeyW3vT4lJ
ojfYIPOo6OFzxJmTyu2hyZb3O31CuX3TbdYnFMXGAzffobzNWcPI9OMTGQ3c/YDyPbx/N9DUaP0x
2zYq82sXLgMWLO0ePBv4BwC336vMlayrUY5uOIuXl8jljo3vuu3E0a6A1hXOnlZu336v8vU8ddx5
v2vnFuuTuUypmaxJ9CPHAJrs0+v7uwVXHz9/Ze/ShUIxA96e1lbg+NGu7VHp1nvjiguV2ynDbR87
dbjyBH7+nP32XM2u9s9NdIxIBzLQdwIXiizv29igXDghIkr0PNuj0QBLbgQ8PLtuO7DH8YtNNTw8
xBLDpipdFEDLMnDkYNd2TKwYwRthMpp05ID4vDvLN1+on2tBdBW7elM4ZFlccZ86If5fXiby3cIj
gPghYgg9JQ3Qau0fy1zZJeDoAZG6UHpRHCM8QgwVjh0PDBgIrFkFbFwj9vfwBJ553noP7esvi+Fy
AIgeCPzv7+23oaJc9BAW5ImTVl2tCKRCw4D4BDFzPTHZ+uxra6WeaqvFpChTI8cCD/zMeW0HRM7o
iaPisYUFYpgxNBxISQXGTxY9pbu3A5+bDPn+zzOW82XNy6r98mnb5bXa2oCnn+xaSnTGHOCGWx1r
d1sbcOaE6D0qyBc9VN4+QHCIKLeVNEykPXg48NEbMRrIPNy1nZdtv4zc+XzlEqi2hnhNewMDg633
9Bl4eon3aG212G5z4sm7J5z5Whu4y+fmxyJhqDLtob7e8n6lJcre5/GTxfvNESGh4n1+9GDXsepq
gaDgHjXZptAw5XZ9nfN/BwBcLBFLGhukTxC9vyPHiPQpQHzO87JFecmemjpT9D4D4j2/dycw9bqe
H49IreZmMWpUcbmDKDxSXKhamrfjZq7OALq8TEwCMR/CBoCiRjFBZedWkd928x2OT2LS64GtG4HV
q5QnA0AMLebnABu+F3l9pl+8He2i3qc1LSYBkaVlL011dIh8to2rLRynWbxJs8+I4D05VQSGlp6f
2lJP1qhpu0FOFvDpf7o+UAYlReJn60YxvGva6wRYL3dmfnuHnbJonZ3K5+Toa5GTBXz5MVBqtoJS
S7OY2FeQB2z/ARgwCLjzfvv1V5OHKbdPHVf26FmSdUa5nTTM8n6AMkBxZMZzY0NX8AyIYfr+4uzX
2t0+Nz8W5pPzrJU9q61Rbg9QWQN20OCuABoQ36+uCKDN/2auWuwhyyx9IyVN/N/8O+H0id4F0LMX
iJJ4pSVie/XX4sI9JLTnxyRyVFsbsP47ZWxQUiRuW7hMTBp2Y1dfCkdRAfDKc5aDZ3P5OaKckmlF
A2tkGfj2SzGj2Tx4Nrf+O+UEMWeRZeCT9ywHAZZknwFee0lM3jHXX6luWZfbZB48m1v7rfhxF5mH
RbvNAzpLLhYDf/+r9eFsg+BQEawZnDpuO4dUlpU91smptk+ET/4a+Our4ud//2C/3eY5l0MS7T/G
FZz9Wv8YPjfuSk19YVNedkZDzHmb9Va5anQk2+wCNdhFgeaxQ13/Do/sugAMDu0KpgExutabWsw6
b+D6W7q2W5qBtd/0/HhEahzeb7ljrblJmdLlpq6uHuj6OuDt15S9v94+Ysb4gIEi1aLsErBrm+jF
AsQXyjuvA//1tO0STJlHxCQYU6HhwLUzRD5fS7MYZjYdznS2E8e61/QcO0GsnuUfIE4qlRWiJJkh
QK2vA774EFj5P8qT3bTZIn8WED15hgsObx/g3p8qJ5OomfFuS0M98OHbyguQsAggY5ro7ezsEDPP
d20V99nrSe4rpSXd2z1wsBiGCg0TeYolRWKo1NBD2doCfPIf4ImnAK2Nj+Go9K6Ttr5TlAgbYaWq
xsULyln7o9Ntt9vDw/H0hvY2YJtZrWhr1T1cyRWv9ZX+ufkxcsfJamdOKjs+AoNdU2Kx7JIYQTFI
n6B8j41K7+qhbmwQNbZNL7TVSh0hUmYMn4EDe8S2aaBO5AolNmq9X3Sgg6SfXV0B9JYNYnligyFD
gfse7j7Ud+11opzS0ctXQI0NYmnl2++zfNzOTpHTbGr0OOC2e5R1OidmiPJLb/xdBNTOduywcvtn
v7T8xTpjNrDKpCRTQZ7obR+a0rVP9ADxA4iLAwOdt+XSZc6wc2tXmTRAfIHf85ByydqxE0QA+eY/
7Pf095X1q5VD9zPnA4uvNwvWJon31duvdk3eKyoQ+bajx1k/tvmQbdYZ6wF0brbZY3txUjW3Y0tX
STIAmJDR9f7oS654ra/0zw25TkeHyK3PPNJ9xGvmXNcs9pBtlr4xzOx9YymNo8ef9cuTLRfdID4f
hvPSqs+BJ/7X/rwIot6wNULlqvQoJ3L/FjpLU2NXzyXQ1SNkKU/Ox0cEvzGxXbft3219xnV+rii2
bxAeCdx2r+Ui9wlJogC+K5i2IXWE9S9VTy+xHLOpinLXtMlRHR3K3nmNFrjlTmXwbJA6QpS3cgc1
VV0XWoD4+y5ZbrmnMzRMXBCYMg/ezEVGK0tnZR62ni9vuvpgbLwY+XCGogJl8KDRdn//9AVXvdZX
8ueGeu/pJ7tWjDT/+eXDwJ+fFrnBphfsKWlidNEVTC+8AgLFhFhTkdHKSdBHDva+ekZomAiiDS4W
K8+XRK4QbWOug6373MTV0wNdWKDsuZoxW8zWt0anA2bNBz74d9dtBXlAmIU0jvP5yu3r5tqeQToq
HfjqE+f3QnuaTKprbBC5ndaGQgODRIBh+OK1VZWiL5SWKFNrJmWICxFrxk/u3uvfH/LNliieep3t
K+fIaGDcZODw5eHS40fF38BaKoUkAWPGda0WWFstelXjEpT71dUqJx6NHe+cYfD6OuD9t5TpMtff
AkTY+Nu4iqte6yvtc1NVIYb51YgawIlhzjJ2gphc7miVEDWqKpV51ukTLX83jBkvzmmA+E44f07U
jlfLtNxfxjSRk2pIH1n7rThXKT7rbphaQ1eusRPEud88D9rHV1nf3U1dPQG0+epnpsOu1sSbXfkX
5Fv+o5ZeVG6bD7GZ8/YWJ17zCSm9lTRMDCkD4st1zTfArHmWe8IlSXw5uwvzv0+ynfy70DAxQlBi
ZyKeq5WXKrftVXsARDk0Q1DX0S4CIlsVLVJSge9NtnOyugfQ+WarDzojf7G9XSzZbdpDO3Js/5W5
ctVrfaV9bg4fED2ialx/K3DdHNe052qg0YqL0gnXiNx4V+Vom58TrKX9mH++z5zsWQBtysMDuP5m
4G/Pie2OdrGs+n0Pu2dOOl35vL2B+UuAA3u75u9ERAETr3FNepSTXT0BdFWlcttW76ZBiFnNT2uV
IUxLewGO9fTYmpDYUxlTxUQnQ3s2rRETIidNAUaMAgYPcd+cNtPcdMB+vWNALP/c3wF0nVkd2JLi
7u81c+bPtb7edgA9cLB4vxref8ePivJTpgy1tgFxrN5ObpJlcfI0TQuJiBI9b/2Vm+aq1/pK/tw4
zAULi/xY3PNQ93J7ALBvd1fKkI8PcPOdrq9Na7oIks7b+lLhA2PFqMKly503Rw6Isl+9/WwOGQpM
mwXs2Cy2Mw+LSbajxoptxtHkbD6+wPRZ/d2KHrl6Amjz8l+OnBC1WpGD29ggtq0tAmB6bG8fx4b2
PF3w0geHAo8+ISqNGHoNmxtFdZBtG8UX8uh0YPjlRWIs9bD1F/O/j6UTmjl3qGJgvhLYu//qwTHs
1APWaMRQ16bLC++czxe5t+ERYru9DThmkjdpPmu/J3ZuEVUkDLy8gHsedE1tXUe56rW+0j43PUkd
cEW6wY9F0jDLi1j5+Conkh85AEyZ7rp21NUCpzK7ttMnWD9PSZL4Tlj/ndiuLBejJ/EJlvdXY+4i
MV/AMKH72y+ApJT+f98TuZmrJ4A2P3HaKh1myse3K4C2thCI6QQOR+uXSi7qxYuOAZ78DbBnO7B9
s7J3vLVFlCg6sEcEBdNmiRJ+gUGuaYsa5vngjpRXM19IpV84oWev04FqIilpXQE0IFIODAH0+XMi
4DMYZmdJbntOHRc5+qZuv085mbFfuPC1vpI+NzNmix9yrbghIoXizEmxvWWDGFp21cVIzlnldtoo
2/sPG94VQANiFMoZAXRAILD0RlEuEhAjX1s2Aouu7/2xiX5Erp4qHOZXz7ZW/jPVYNLrbK3HU2Oy
3Lejx5X1ju3XEz4+YgLkb/8MPPwLsRS1ecH/1hYRkP3tOcsLQvQ18wsPR2o8u0MdaEtVQtTydOBC
ID4B8DN5/50+2fVv0xNvUEjvAt3iQuD9fytvW3Kj6O3qb65+ra/Ezw1Z5qyc3WkmQ8sVZcoUC2c7
YdL7rNHaz2keHKd8fx45oJwU6Ahr+4+bpLwQ37hapEwxF5rI6OrpgTZPCWhpsZ8m0N6u7Bm1dgL3
NllusrFBBNH2erjbe1l2yBGeXqIHJXUEsPQmsRrbmZPA3h1duaGV5cC//yEWirE0jNlXzC9wGhrs
54lbS6npS+bvoWf/5pxAz5ynJ5A+XtTKBoATR4HmZvHeyzQ5qY+d4PjiKOaqq0RahOl7PmO6CCrd
QZ+91lfQ58bd6R3sKDCfMKR2mXPz/Z3VSzxsuJisaqgnvmWD+Iw5ex5AY4NyFdGoAd0nVlsSFd21
6Neli+K96sjkWns0GmDZzcq5Fd9+Cdxwi/XHEPVEc7MoE2yY4xMeKeafuHq+gRNcPQG0eU3cynJR
ycGWSrMar1FWFo4IMiuHV1tr/9g11bbvdzatVlT+GBwvetbWrOrKca2pErVE+zOR3zy3trTEfokw
W6sY2WIvZULNAi3mw/itLa4J6gAgdWRXAN3RLspNhYSJmq0GaT1crKO5CXjvDeVE2ZFjgeW3uk+v
U1++1gbu/rlxd/VmEz+tzaw3//yrLdNnvlS7sy5qNBpg+mzgo3fEdnGhSHEaOcY5xzfIzVJ+71ws
Bl5/Wf1xzp5yTgANiInIcxd3LXF/9iSwx8ZkZyK12tpEGpJpemxJkbhtwTJl56QbunpSOGLjlNvm
q7ZZkp+r3DYva2cQEaHczrNz7PY2x3oX1NDrgQ3fi9qda78Vpc6s0emAOQuVtxU72B5XpU0MNKsa
ceKY5f0MqiqUgaMt5sP25pUZuh3bTmUHU+aLHBTkW97PGRKSlAFI1mlx4jXw9gHiE9Uft6NDLHVt
unzwkKHA7fe61+QzV7zWV/rnxt2ZfxdaS4OLjlGmwh3aJ0YAHVFTLUZkDAYMcm5++uhxylSJbZvU
p0rYc+q4c45z5KBz2zZznrJilenEYqLeOrzf8tyy5iaRkuTmrp4AetBgZW/Vzi3de0dMtbYAWzcq
bzOvvWtgnnO6fbMIkq05fQJodHL6gV4vljne8L34OWrnzWeeq21rqNW0A7KxoXvFDGeIGaQMDo8f
6b5AjakDex0/doDZyfTYIdsnmaMHHT92dIwy1WTrRtt/e0D0rr/yPHAuz/Z+5nx8gJHpXdvHDolA
wyB9ovpya4ZydebDx/f+1LFKKH3JFa/1lf65cWclxWJo1kCjFeXXLPH1A8ab1NgvLXEsWNPrgdWr
lItkTcpw7qiJTqectJmb5VgHjKNaWuyvSOqoC4XitXMWHx+xcBKRK9gaRb54oe/a0UNXTwCt0wFT
Z3ZtNzaIyVKWgujmZuCjd5ULSFwz1frKhSmpygleRQXAl590L7sFiIlHX3zUo6dgk4eHcgb27u0i
KLIUKLa3Aeu/V95mq+6yzmwYxVlf9qZ8fIHJU5W3ffpBV36fqazTwIbVjh87KlpZsePUcVHn15Jj
h4DN6x0/tkajLG1VWAB89J71YKm4EHjndVFF429/AdZ9a3k/a0aYzMyvrgLOmYySpI1UdyxAXOxt
29S1HRgM/ORR26t09hdXvNZX+ufGXZVeFCtYmpo0xfZF2XVzlZ/T778Sn3NrF0mNDWKhn4N7um4L
DBaLnTjb+MnKC3xn9sTmZStzuGfMAV55y/Gf2+5VHs90RVJ7HOmtHjFarHxI5Gy25hL013oDKrh3
DnROFuDbg9qTMVaG8KbPEkMGhhVvss8Af/4tMHUGMGCgOJmWXRJ5pqaBm48fMGeR9d+n8xZF7L/4
sOu2fTvFF+OU6UBYBNDWKk74O7eqy7FVY+p1yhXp3nldrLg4ZrzIMdTrRV73nh3dF4UZYSOnz3z5
8s/eFxNW4hNE4Bse4djCNPZMny16rAwnk5Ii4KW/iNcwZpB43XJzgB0qT16BQWIynOnjvvxI/P1H
jhHDyk2NIrDuybBRxjTRbsMF19EDIhdxyjTRm2uoJZ5zFji0X/n3d3SSlYG1FTQdmbVv7vhRYNWn
ytsmTRGBub00F4PgUCDaytwAV3DFa32lf276mrXvZVkWQ6/5OcDeXcq0Fb+A7ukv5mIGAbfcCXz8
btdta78R5QPHTwYGxIhqPS3NwPkCETgbSowa3HqXa+rDBwSKDhjDxfWJo+L73BlLuZ8+ody2tvqg
NebfCUcPiSDcWSQJWLIcOH1c2dNP1FvRMcpOIPP73Jx7B9D/eaNnj7v9PhEImPP1A+5/BPjXK111
XpsbgY1ruu9r4OUlljI1Pxmay5gmUg4OmPSGlF8Cvvnc+nGd/WU0ZrwYWty9reu23CxlnqwlS260
PrQKAMmp3W8z7bWcuwhYdIOqploUHiHybk0XyKitFidRS7x9utePtmb+YvFBLSrouu34EfHTm+MC
4n11z0PAay93peY0NwI/rLP9uAnXAPOXOv57AHExMHxU95zJMePUp1yYvk8MNq1R1pu2Z8p04Ja7
1P3e3nDFa32lf276mtrvZW8f4IFH7X+HAsDEDFE69Lsvu26rKFPWO7ZEoxXfHSNGq2ubGpOnKken
dmwB7ry/d8dsb1OmjHn7iPkHaoRHiLkPhjkMBXniAtPW6qZqhUcCC6+3fj4j6omxE0TKkXketI+v
KKXo5ty/j9zZYgYBK//Hds+RQXwisPIpkaJhj0YDrLgbWLzc/gIfN90BTJ7mWHvV0GiAm24HbrhV
fBHb4+cPrLjHfpmyyGjgxtus3+/M+TRjxgMPPCaGYm1ZcqMIQBzl5y9O4qPSbe8XEQU8+qTjxzUY
NBhY+d/We4hN+fiJi7w77hdVHtSy9N7tSVUAtb3flvTHCtHOfq1/DJ8bd5U6Avjlb6wvSW1OksTr
uvJ/xGRARySnAk/+r2tSN0xFRil/x8E9IlWlN/LzlL3oY8b3bNn40Wbfa1lnHHucmgmH185wXoUP
IkBU2Zi/BBg4WIwueenEv+cvsV6xx424Vw+0s14wewtThIUDD/xMXKmfPC6GHMsvAR2dl6/mh4hV
oFJSHV+xEBD7zlkIjJso8h1zzgIXisVQZlg4kJwGTJgshiY+fk/5WFsrGJqWcrG3nKpGI4bv0ieK
oe3ss6I3oqpCBExBIUDsYBF8DB/leBmwabPESTDzsJiQdalU9BTpO23/3dS03WDkGCBhKJB5ROTz
FReKXPWwCHGynDBZfJGbT/K0JzhUjEDkZoke3HN5QHmZOGENiBE5xOMmAx5akZZjSCVx9H0ZNQD4
2S/F3/30CVElovySqHIREiYqwSQPU/e6WzIsTdk+Hz/Hgklz5jm6PdGTz6xpZQ+N1rGFZMw5+7V2
t8+NO3G0nV5e4jMWHiF6UVPSRIpDTyb0JSQBv3papIvknBWrbV4qBVqaxGs/YKCY1J2SJlJi1PwO
0+fj5aXuInbqTODwga7UoKMHgQVWRjYc+T3mw9ejxjreFlPDhgNrvulKmzlzQqQm9aRN1nh6iYvM
1//W9XvcqUoPXZl8fK/YUqASPvn+augHcT+vvihycA1eeqNnvZFXs60blUOKT/6me6kzIiIiIie7
+lI43EFTo7IMUnwig2ciIiKiKwQD6P6wd6eyOoDaWddERERE1G/cKwf6x06vB/btUs4wB0QFBSIi
IiK6IjCAdoX2djHxRaMBOjtFiZZLF8XEQtPFWQBg9oIrot4hEREREQkMoF2hshx44xX7+02aAixY
5vr2EBEREZHTMIB2hfZ22/eHR4qVC9Mn9qzEExERERH1GwbQrobKUkwAACAASURBVGAaFPv4AUFB
og50bLyob5yYLJYNp94xr0Hak3rCRERERCqxDjQRERERkQosY0dEREREpAIDaCIiIiIiFRhAExER
ERGpwACaiIiIiEgFBtBERERERCowgCYiIiIiUoEBNBERERGRCgygiYiIiIhUYABNRERERKQCA2gi
IiIiIhUYQBMRERERqcAAmoiIiIhIBQbQREREREQqMIAmIiIiIlKBATQRERERkQoMoImIiIiIVGAA
TURERESkAgNoIiIiIiIVGEATEREREanAAJqIiIiISAUG0EREREREKjCAJiIiIiJSgQE0EREREZEK
DKCJiIiIiFRgAE1EREREpAIDaCIiIiIiFRhAExERERGpwACaiIiIiEgFBtBERERERCowgCYiIiIi
UkEqKSmRZVmGLMv93RYiIiIiIrclSRIkSYKHp6en4g7TQFqSpL5uFxERERFRv7MVE3t4eXk5vDMR
ERER0dXAZgDt4eHR1+0hIiIiIrpieWi1WgCwmgPNXmgiIiIiuprYi4s9DP9goExEREREZD8u9tBo
WMmOiIiIiMhRHux5JiIiIiJyHANoIiIiIiIVGEATEREREanABGgiIiIiIhXYA01EREREpAJ7oImI
iIiIVGAATURERESkAgNoIiIiIiIVGEATEREREanAAJqIiIiISAUG0EREREREKjCAJiIiIiJSgQE0
EREREZEKDKCJiIiIiFRgAE1EREREpAIDaCIiIiIiFRhAExERERGpwACaiIiIiEgFj/5ugCW7d+9G
dXU1rrnmGoSFhVndb9u2bWhoaMCUKVMQEhLi8PGrq6uxa9cuZGVlob29HQMGDMDIkSORnp4OSZIc
Pk5paSkOHToEAJAkCTqdDsHBwUhISEBoaKjDxwGA06dPo6ysDDNmzLDZ7t27d2Pq1KkICgpyqG2z
Z8+Gt7e3qraYPi9LtFotFixYYPMYLS0t2LNnD06cOIH6+noEBgYiLS0NGRkZ8PX1VdUeIiIiInci
ybIs93cjzN100004cuQInn32WaxYscLiPvX19Zg4cSJaW1vx6aefYuLEiQ4de/369Xj66aeRkpKC
jIwM+Pn54cKFC1i7di3i4+Px/PPPY9CgQQ4da8+ePbjzzjsxb9486HQ6tLS0oLS0FMePH8fcuXNx
3333YdKkSQ4d64033sCWLVvw2WefWd0nKysLCxYswIYNG5CUlORQ2w4fPqzq4sLS8zIXFhaG3/72
t1Yff/78eaxcuRLV1dVYvHgxIiIiUF1djS1btqChoQHPPPMMpk+frqpNRERERO7CLXugCwsLMW/e
PGzcuNFqAH348GEkJyejra0NVVVVDh131apV+N3vfoeXX34Zs2fPVty3cuVKvPjii7jrrrvwwQcf
OBxEA8Czzz6rCFKrqqqwevVq3H///XjkkUfw2GOPOXwsd2L+vBzR0dGBxx9/HIMHD8ZHH30EPz8/
432PP/441qxZg3Xr1uHaa6+FVqt1dpOJiIiIXM7tcqCbmppQUVGB5cuXY9u2bbh06ZLF/Xbs2IGF
CxciOjoalZWVdo9bUlKCZ555Bi+88EK34BkA/P398fTTTyMtLQ0vvvhir55DaGgo7r77brz66qt4
6aWXsGbNml4d70py/PhxnDhxAitXrlQEz4BI/Vi6dCmee+45Bs9ERER0xXK7ALq2thYAMHbsWIwd
Oxb79u3rtk97ezvWrl2La6+9FuHh4aioqLB73I8++ggjR47EvHnzrO6j1Wrxs5/9DN9++y1OnTrV
8ydx2YwZM3DXXXfh9ddfR2dnZ6+PdyUwjAZERUX1c0uIiIiIXMPtAujq6moAQEBAABYtWoTNmzd3
2+fEiRPw8fHBsGHDHAqgOzs7sXr1aixZssTuJMHU1FSkpaVh//79PX8SJpYuXYrTp0/j3LlzTjme
uxswYAAAka9NRERE9GPklgF0ZGQkdDodpk6divXr16Ompkaxz65du7B48WJotVqEhoZaTfMwKCgo
QFFREVJSUuz+fkmSkJ6ejgMHDvTqeRgYJvvl5uY65XjuLi0tDQsWLMBTTz1ls5IHERER0ZXK7QLo
qqoqxMbGAgCGDh2KlJQURTAryzLWrVuHadOmARAVIS5cuGDzmIZebUfTCmJiYnDx4sWeNL+bwMBA
hISEdLsIuBJUVFR0+7GXby5JEp5//nnMmDEDt9xyC+6++2588cUXKC0t7aNWExEREbmW2wXQhh5o
QARjixcvxpYtW4z35+bmorKyEqNHjwYgJuzl5+dDr9dbPaYhr9rResi+vr4oLi7u6VPoJjAwEI2N
jU47Xl+ZN28eJk6cqPhZvny53ccZJmRu3boVGRkZePvtt5GRkYFf/OIXTsktJyIiIupPbhdAl5eX
KxZPmTp1KtasWYOmpiYAwN69e7F48WJ4eXkBEAF0a2sr6urqrB7T09MTAByeyNfZ2Ql/f/+ePoVu
ampqVC9m4g62b9+OzMxMxc/atWsdfnxcXBwefvhhrF27FqtWrYKHhwduuOEGfP311y5sNREREZFr
uV0d6IqKCkRHRxu3hw0bhoEDB+LgwYOYPn06Nm7ciAceeMB4f3BwMAARpBr+bc6wal9DQwPCw8Pt
tqGurs44Ga63mpubUVtbi4CAAKccry/5+/s7pd0ajQajR4/G6NGjMWLECDz11FMYN24c4uLinNBK
IiIior7ldj3Qly5dUiyDrdFosGTJEmzfvh2lpaXIzMzE+PHjjfcbgmZDnrMlhoC8qKjIoTbk5uZi
6NChPWl+N+fPnwcAxMfH293X3qKQhvvVLDfubm6//XaEhoZi165d/d0UIiIioh5xuwC6uLi42+p3
U6dOxerVq7F9+3bMnz9fkV4REBAAPz8/mwF0VFQUJk+e7FBljaamJuzatQtTpkzp+ZMwsWfPHgQF
BdkNyH18fOzmXRue45WYDmLg5eWFhIQEhxa/ISIiInJHbhVAd3Z2oqCgQNEDDQDDhw9HQEAAXn75
ZcycOVNxnyRJiIuLs7uc97Jly/DFF1/YDLQBYOPGjfD09MTkyZN79iRMVFdX45133sF9990HX19f
m/sOHjwYpaWlNmtaFxQUICgoyDjJ8krU2dmJwsJCRERE9HdTiIiIiHrErQLouro6dHR0GHOWDbRa
LZYsWYKysjJMmjSp2+MGDhxodzGVG264AQMHDsSzzz6Ljo4Oi/ucO3cOL7zwAn71q1916wVXq7a2
Fk899RSioqJwzz332N1/3LhxCA8Px2effWbx/qamJrz99tu45ZZbjBMo3dHWrVtRWFho9f4NGzag
pKTEaT38RERERH3NrSYRGnqHLU0GfOyxx/DQQw9Z7MmNioqyG0B7eXnhpZdewsMPP4xHHnkEjz76
KIYPH47/z96dxzdV5f8ff6dJFygVisi+DxQEUZaRfYexICDgOMI8RBCcGWxBmS/gguCwjooDZdhB
RwQEZBBkVVBZFLRWhTLA4AYjW5VVA9bSLW1+f9Tm17Rpmlvb3gRez8eDh96bm5tPbk+bd84999yQ
kBDZ7XYdOHBAL730kgYNGuTTVG15nT59Wna7XVlZWbp27ZqOHDmiVatWqUWLFlq2bFmBLwSeRERE
aNq0aRo7dqxCQ0PVv39/Va1aVQ6HQydOnNCiRYsUFBSkP//5z4ZqO3LkiG655ZYC6202m+68806f
3pcntWvX9hjkExMTNXHiRI0ZM0a9e/dWrVq1JEmXLl3S1q1bNX/+fE2fPl1169Y19D4AAAD8hcVZ
1JVrZSgxMVEPPPCAjh49amgauQULFujEiRNauHBhkdteuXJFa9eu1erVq2W32xUREaHk5GTdfffd
evTRR/W73/3O54v04uPjNWzYMNdyxYoVVbduXd1999265557dPfddxu+4O/AgQOaP3++EhMTXetC
Q0P1wAMPaOzYsT7fDCZ/bfm1b99e69atK9ZzpZye5sJm0fj888+1atUqvffee5JyphFMTU1V27Zt
9dhjj6l79+4+vQcAAAB/5FcBuixlZGTo8uXLun79uqpUqaJKlSr51ewWFy9elN1ul9VqVa1atYoc
Q+2Pfv75Z126dEkOh0ORkZGMewYAADeEmzZAAwAAAMXhVxcRAgAAAP6OAA0AAAAYQIAGAAAADCBA
AwAAAAYQoAEAAAADCNAAAACAAQRoAAAAwAC/upU3AAAAYLZ3333X6+P0QAMAAAAGEKABAAAAAwjQ
AAAAgAEEaAAAAMAAAjQAAABgAAEaAAAAMIAADQAAABhAgAYAAAAMIEADAAAABhCgAQAAAAMI0AAA
AIABBGgAAADAAAI0AAAAYIDN7ALyczqdbv8FAADAzclisbj911/4TYB2Op1yOp3Kzs5Wdna2srKy
CNEAAAA3KYvFIqvVqqCgIAUFBclisfhNkPaLAJ0bmjMzM5WRkaHg4GCFhITIZvOL8gAAAFDGHA6H
MjIylJmZqZCQEAUHB7vCtNlMT6jZ2dlyOBxKS0uT1WpVxYoVzS4JAAAAJrPZbK7O1JSUFF2/fl1h
YWGy2Wymh2hTXz03PKempiokJETh4eFmlgMAAAA/FB4erpCQEKWmpsrhcCg7O9vUekwL0LnjnTMy
MmS1WhUWFmZWKQAAAPBzYWFhslqtysjIUHZ2tqnXypkaoB0Oh9LT01WhQgWzygAAAECAqFChgtLT
0+VwOG6+AJ3b+5yVlaWQkBAzSgAAAEAACgkJUVZWlqm90Kb2QGdkZCg0NNSsEgAAABBgQkNDlZGR
cfP1QEs5ATorK0vBwcFmlQAAAIAAExwcbPr9QkwbwpH7z18mxAYAAID/s1gsblnSDObPRA0AAAAE
EAI0AAAAYAABGgAAADCAAA0AAAAYQIAGAAAADCBAAwAAAAYQoAEAAAADCNAAAACAAQRoAAAAwAAC
NAAAAGAAARoAAAAwgAANAAAAGECABgAAAAwgQAMAAAAGEKABAAAAAwjQAAAAgAEEaAAAAMAAAjQA
AABgAAEaAAAAMIAADQAAABhAgAYAAAAMIEADAAAABhCgAQAAAAMI0AAAAIABBGgAAADAAAI0AAAA
YAABGgAAADCAAA0AAAAYQIAGAAAADCBAAwAAAAYQoAEAAAADCNAAAACAAQRoAAAAwAACNAAAAGAA
ARoAAAAwgAANAAAAGECABgAAAAwgQAMAAAAG2MwuAEDJSktLU3x8vNLS0tS2bVtVqVLF7JIAALih
EKC9uH79ug4cOKCEhAT997//1blz55SSkqIqVaooKipKrVq1UqdOnXTHHXfIYrGYXS4kJSUlqWfP
nnI4HJKkCRMmaMyYMSZXVXbS0tI0atQoJSQkSJKqV6+u9evXq27duiZXVvZmzZqlFStWSJLCw8O1
ZMkSdenSxdA+nE6nJk+erPXr17vWbdmyRXfeeWeJ1gr3n9ev0aVLF61ataoEKgo8N/vfP6AsEaA9
cDqdeueddzRz5kxdunSpwOMpKSk6c+aM3n//fUlS7969NWXKlJsypPibjIwM14eHJKWmpppYTdlL
TEx0hWdJunDhgnbs2KHY2FgTqzJH3p99SkqKpkyZoi1btigyMtLnfbz99ttu4VnKaWMoeSX1u/rz
zz+XyH4C0c3+9w8oS4yBzicjI0NPP/20Hn/8cY/h2ZPdu3drwIAB2rt3bylXh5I2a9YsNWzYUA0b
NlR0dLTZ5bgUty6n01lgHWdHcpw7d05xcXE+b3/x4kXNmjWrFCtCaaC9AygL9EDnM2/ePG3cuNFt
XYsWLdS3b1/Vr19fYWFhstvtOnLkiN58803XN/zk5GSNGzdO69atU4sWLcwoHcWQt4cmOTnZxErc
FbeuNm3aqH379m5DOPr161fi9QWqtWvXqlevXurevbvX7ZxOp2bPnu3zl2iUvPnz56tSpUqGn1ex
YsVSqAYA3BGg89izZ4+WL1/uWg4NDdWsWbM0aNAgWa1Wt20HDx6smJgYTZs2Te+++66knNPEEyZM
0LZt2xQWFlamtQOSFBYWphUrVujjjz9WWlqa2rVrx0WE+UydOrXIoRw7d+7Uli1byrAq5NehQwfa
LgC/xRCOPPKGZ0n6xz/+od///vcFwnOuatWqKS4uTh07dnStO3nyJEM5YKqwsDD16tVL/fr1I4B4
cO7cOc2dO7fQxy9evKgZM2aUYUUAgEBDgP7F2bNndfDgQddy586dfTr1Xa5cOf3f//2f27oPP/yw
xOtD6cjKyjK7BI/8ta4bxbp167Rv374C651Op1566SWGbgAAvGIIxy++/fZbt+Xo6GifL0Zp2bKl
KleurB9//FGSdOTIEZ+e53Q6dejQIe3bt0+HDh3S6dOnlZ6errp166ply5bq0aOHOnfuLJut6B9T
/umLJk6cqNjYWJ04cULbtm3TJ598otOnTys0NFQNGjRQp06d1L9/f9WpU8enWnOdPXtWe/bsUWJi
or788ktdvnxZlStXVq1atdSqVSt17NhRbdu2LbTXXpK2b9+ucePGuZaLmhYsNTVVbdu2VUpKiiRp
1KhRmjJliqG68ypsuqwLFy6oYcOGbuvuueceLVu2zOv+MjIylJCQoAMHDujIkSNKSkpSenq66tev
r3r16ql79+7q3LmzKleuXCZ1jRgxQgcOHJAkRUVFadeuXV5fN1cgtkcjnn76ac2ePdu1PG3aNLVs
2dJtKMeuXbu0efNm13KTJk00YMAAzZkzp1ivGajHtCTr9hfejt+OHTsUHx+vM2fOKCwsTPXr11fX
rl117733qmbNmm77OXHihN5//33Fx8fr1KlTcjqdatSokbp06aLBgwf7dNanT58++uabbyRJXbt2
1cqVK3XlyhW99dZb2rt3r06ePKnQ0FA1btxY7du3V9++fVWvXr2SPygAii1w/vqVsqtXr7ot16hR
w+fnWq1WNWjQwBWgL168WORzTp8+rRkzZuiDDz4o8NixY8d07Ngxvf7667r77rs1ffp0NW3a1Ov+
8k9fdP36da1cudLjqejz588rPj5e8+bN03PPPadhw4YV+WUhIyNDixYt0qJFiwo8lpycrDNnzig+
Pl6LFy9Wx44dNWXKlEJrTk9PL7BvbxwOhys8S79+aiYjzy9qSqzExERNnz5dx44dK/CY3W7X4cOH
tWXLFlWuXFnPPvusBg0apKAgzyd+SqquvI/99NNPPu0v0NpjcQwePFhffvmltm3bJun/D+XInWnj
8uXLmjlzpttzpk2bppMnTxbr9QL1mJZ03f4i//FLSUnRa6+9VuBnLuWE7Y8++khLly7V7Nmz1bt3
b2VlZemVV15RXFyc236knC+5H330kZYtW6b58+erc+fOXmvJ+3uZnJysDz/8UOPHj5fdbnfb7vz5
89q/f7/i4uL01FNPadSoUYX+/QBQtgjQv8j/BzE4ONjQ8xcsWOAKLuXKlfO67bFjx/Too4/qypUr
Re73888/15AhQ/Tyyy+rXbt2PtfzxhtvFPhjnJ/D4dDUqVMlSQ8//HCh22VnZ+uZZ57x+aKq+Ph4
DR8+XCtXrlSzZs18rrmslFQ427Nnj2JiYgq0HU9+/PFHTZw4UefPny/0xgZmTb8VaO2xuIKCgjRp
0iQlJCS4hmisW7dOPXv2VI8ePTR79mxduHDBtf2jjz6qdu3aFStAB+oxLYu6/cXKlSuL/NJqt9sV
GxurzZs368MPPyzyTITdbtfo0aO1adMmn79YHD58WCNHjvS6jcPh0PPPPy+73a4nn3zSp/0CKF0E
6BLia4/1lStXFBMT4/YBFRERoeHDhysqKkrBwcE6deqU1qxZo/Pnz0vK6aGIjY3V1q1bVbt2bZ9e
J/eDtUqVKhoxYoSaNGmirKwsHT16tMAHx8yZM9W9e/dCT/Xu3r27QHju16+funbtqsqVK+v69etK
SkrShg0bdObMGdf7fO6557RhwwavwznM8Mgjj7jmVn7ttddcPW0RERFasGCBWw9PYcMuLly4oPHj
x7uF58jISA0dOlRNmzZVRESE7Ha74uPjtWnTJtc2c+fO1V133eWxh6ok6jIqENvjr1GtWjVNmTJF
TzzxhGvdtGnTdO7cOb311luudQ0aNNDYsWOL9RqBekzLqm5/kXt8mjVrpqFDh6pWrVpKTk7W3r17
XWcppJzwOnLkSNdxadGihR588EHVrFnT4/apqamKi4vTyy+/bLimjh07auDAgbr11lt16dIl19CS
XEuXLlWbNm3Us2fP4r5tACWEAF3GXnnlFX3//feu5TZt2mjRokWqVq2a23bDhg3T5MmTtWPHDkk5
H5YLFizQSy+95PNrtWrVSkuWLHHbd3R0tAYNGqSRI0e66nA4HNqxY4diYmI87mfnzp1uy2vWrHGb
eSTXyJEj9fe//11r166VlNOzcvDgQb/rnWrUqJEaNWokSW7jg8PDw9WtWzef9rF9+3a3+ZmbN2+u
5cuXFxgvOXjwYPXu3dvt2K5YscJjgC6JuowKxPb4a/Xr10+7d+92hZ6kpCRNnz7dbZtp06YVez7h
QD2mZVm3vxgwYIBefPFFt7OG9913nzp06KBJkya51uWG56FDh2rq1KkKDQ31uv3u3buVlJRk6EtF
TEyMxo8f79bh8Ic//EGLFy/WP//5T9e6uLg4devWze86JoCbDYOpytDVq1e1Zs0a13JERIQWLlxY
4AMq97EXX3xRt99+u2vdxo0bde7cOZ9f7/nnn/e478aNGxe4CO+TTz4pdD95L7Ds1q2bx/As5Uyf
lr/XLrdH+kYTGhqqDh06uC5Ae/zxxwuE51zR0dG65557XMsffPBBkafey0Kgtsdfy2KxaNKkSapa
tarHx4cNG6YuXboUa9+BekzLum5ftG3b1nU3Tm//du/eXaz9lytXTlOmTPE45G7IkCEFZmGqWbOm
Jk+e7BaevW2fe5GgL1q3bq1x48YVCMVWq1Vjxoxxa49ffPGFDh8+7PO+AZQOAnQZOnbsmNtp1ZEj
R6p69eqFbl++fHn95S9/cVvn6x/Orl27qkmTJoU+3r17d4WHh7uW889Cklfem8LY7XaPt4vOVbVq
Vc2fP19z5szRnDlz1KpVK5/qDTTDhw/X2rVrdfDgQR06dEi9e/f2uv1dd93ltnz58uXSLM8ngdoe
S0K1atX03HPPFVhfp06dAtNSGhGox7Qs6y5paWlpxXper169dNtttxX6eJ8+fdyW+/fv73Y8i9re
yJfkhx56SCEhIR4fs1qtBcavJyYm+rxvAKWDAF2G8s/U4MvQhpYtW7ot+/ohFRUV5fXxsLAwt23y
nrrNr3379q7/P3r0qObOnVvo7A4Wi0UDBgzQ/fffr/vvv1+NGzf2qd5AZbFYFBkZWeSV8fkf/7Uz
iZSEQG2PJeXee+/VwIED3db97W9/83qHwqIE6jEty7pLWnEvvq1Vq5bXx/Nf11LYGabCtjcS7Ivq
aGjTpo3b8ueff+7zvgGUDsZAl6HvvvvObdmXeT3z/5H3dUhEYb0ZeRU1W0iuoUOH6s0333TNULBk
yRKtXbtWDzzwgHr27Km77rpL5cuX92lfN6Lcu08eOXJEJ0+e1IULF9zGR/urQG2PJcViseiZZ57R
8ePHdfLkSQ0fPly9evX6VfsM1GNalnX7av78+apUqVKR2xV3pp+ixhB7Gk7xa/bnTVEXoUdGRqpe
vXquY1zcqRUBlBwCdBm6du2a27K304G5bDabIiMjXacDf/jhh1KpzZsaNWpo1apViomJcZ0Gvnbt
ml599VW9+uqrCg8PV58+fVw3V7jlllvKvEYzXL16VXFxcW5jRwNJoLbHklStWjW99957Jba/QD2m
/lh3hw4dbopb0VetWtXjuOr8atWq5QrQ3333nZxOp2lTXwJgCEeZynszEMn3uabzBlJfb4xR0ho3
bqzNmzfr6aefLjA2MiUlRZs2bdLYsWPVqVMnzZkzxy/G+Jama9eu6bHHHgvY8CwFdnv0V4F6TAO1
7huBr2cJ8m7ncDj8YhgYcDOjB7qEXLx40fUhFBIS4nH6ovw9sxkZGT4Nfci9w6FUcvP/FkdERIRG
jx6tESNG6LPPPtP+/fu1c+dO15ywUs4H8ZIlS7R9+3YtXbrUL2+kUhKWLl2qzz77zG1do0aNNGjQ
INWoUUORkZFup3R37dqlN954o6zL9CrQ26M/CtRjGqh13wh8DcL5v+T40msNoPQQoH+Rv8clMzPT
0PPHjh2rQ4cOSZIqVqzo8YKa/PPKpqSkFDnGLz093W08rT98SIWFhalr167q2rWrnnnmGX3xxRfa
v3+/1q9f77pQ6dy5c/rzn/+srVu33nCnYe12u1asWOG2bs6cObrvvvtks3n+lfr666/LojRDbpT2
6E8C9ZgGat03gkuXLik9Pd1rIHY6nTp79qxruWrVqswDDZiMIRy/yP9hkbdXtShZWVk6deqUa7mw
q7sbNGjgtpz3D2Jh8m/zm9/8xue6yoLNZtOdd96psWPH6r333nO7Je358+ddN1vwpqgvK77cKrss
HT9+3K2mxx57TPfff3+h4VmS16n/zHIjtkezBeoxDdS6bxT5L+LM7+LFi26zqOTecAmAeQjQv8j/
x/+9997zOfQcPnzY7VRmYVMS3XHHHW7L+YcAeJLbq50r/9RRpS0rK0sLFy7UvHnzNG/ePCUkJBS6
bfny5Qvc6ez48eMFtsvf01LUl5WiPlxKSnp6uk/b5f1ZSwWnmPLEyBey/Hyty6hAbI/+LlCPaaDW
faP4z3/+4/Xx/DfBad26dWmWA8AHBOhf1K5d2+0OewcOHChwC2tPUlNT3W6zKqnQ2y43b97cbY7Z
1atXu24R60lKSor+9a9/ua0zK0Dn/iuqRzl/b3JWVlaBbfLfvOCdd97x+mXl7bffNlCxMXmvYrfb
7QVmI/Akf09zUc/5/vvvtXXr1lKvy6hAbI/+LlCPaaDWfaNYvXq1MjIyPD6Wlpaml19+2W3djXqD
KiCQEKDz+NOf/uS2/OSTT2rz5s0eQ6CUc1pt/Pjxio+PS68rOgAAIABJREFUd61r0aJFoQG6fPny
Gj58uGvZbrfrr3/9q8cPquTkZD311FNudw8bMmSI17uDlYaQkBC3D8Z169Zp165dHgNvWlqaFixY
4LYu/6lhKae3P28v9N69ewudzeKdd97R8uXLi1t+kfJP1+XLl6b8c7a+9tprhYaNL7/8UqNHjzZ8
6+7i1GVUILZHfxeoxzRQ675RHD16VPPnzy/wWZORkaEXX3zR7RqKmjVrqkOHDmVdIoB8uIgwj+7d
uysmJkZLly6VlNO7PGHCBK1atUp9+/ZV/fr1FRoaqqtXr+rIkSPauHGj25XRkZGRmjNnjtcpoB55
5BFt27bNNWY6Pj5ev/vd7zRs2DBFRUUpJCREp06d0uuvv+522r9ixYqKjY0tpXfu3cMPP6yDBw+6
lmNjY9W+fXv17dtX1apVU1ZWls6ePav169cXuJmCp1tc33bbbfrjH/+olStXutZNnTrVdSwqV66s
q1evat++fdq+fXupvS8p59bNeT377LM6efKkWrVqpVtuuUV169YtcFOJZs2aqU6dOjp37pyknGEq
0dHReuihh9S4cWNFRETo8uXL+vjjj7Vt27Yyq6s4ArE9+rtAPab+VndCQkKBixt9UbFiRd15550l
Xk9pW7p0qY4fP6777rtPlSpV0oULF7R58+YCQ2XGjx+vsLAwk6oEkIsAnc+4ceP0ww8/aMOGDa51
R48e1dGjR70+r0qVKpo/f36Rt66uWLGiFi9erFGjRrnu7Hft2jUtXry40OeUK1dOixYtKhCqysq9
996rzz77TGvXrnWtS0hI8DoeWpKeeuop3X777R4fe/zxx3Xo0CG3Wwi/++67evfddwtsGxERUWp3
9ss7bCdX3hk2xowZowkTJrg9HhoaqkmTJrmFBrvdrkWLFhX6OrVr11ZSUlKp1lUcgdge/V2gHlN/
q/uJJ54o1vNat26tjRs3lnA1pSf3bFx6err279+v/fv3F7rtkCFDNGjQoLIqDYAXDOHIJyQkRC+8
8IIWLlyoqlWr+vSc/v37a+vWrT6fVmvatKn+/e9/e+ydza9169basGGDOnXq5NO+S4PVatW0adM0
ZcoURUREFLl9ZGSkXnjhBY0ePdrrNsuWLVN0dLTXfTVo0ECrV682XLOvGjZsqKlTpxb6eGFjs/v0
6aO4uLgie8iqVq2qJUuWuJ0eL826iiPQ2mMgCNRjGqh15+WPM95406xZM61cubLIz5sxY8ZoxowZ
CgriYxvwB/RAe2CxWNSvXz/16NFD+/fv16effqpjx47p9OnTSk1NVdWqVRUVFaVWrVqpS5cuat68
ueHXqFOnjpYvX67ExETt3btXBw8e1KlTp5SZmam6deuqZcuW6tGjhzp16uTTXcFCQkJks9lc06v5
cnervONsi/rjbbVaNWrUKPXv318fffSR4uPj9e233yopKUlZWVmqXr26mjdvrnbt2qlnz55uFyQV
pkaNGlq8eLE+/fRT7du3T4mJiTp9+rTKly+vqKgode/eXQMHDlRwcLDCw8Ndw2W8vbfiHIcRI0bo
t7/9rXbt2qXExET973//048//iiHw+H1+YMGDVKHDh20c+dOxcfH66uvvtK1a9dUo0YNNWvWTB07
dlR0dLQiIiLceu8l326CUNy6KlSo4Pp/X2+rHmjt0Rd5X7NcuXI+313P236knPfmi0A9piVdt698
vSNfUfK2/7yMHr/8v6MlvX1e7dq109tvv6233npL+/bt09dff63g4GA1atRIbdu2Vd++fYs8uykV
r40AKB6L04Sv69nZ2crMzNRPP/1UYEYGAABuZB07dnQNk2nVqpU2bdpkckVA4Ll8+bJuueUWBQcH
l8qZGU9DSvPiXBAAAABgAAEaAAAAMIAADQAAABhAgAYAAAAMIEADAAAABhCgAQAAAAMI0AAAlKG8
87MXNm81AP/GjVQAAChDu3btMrsEAL8SPdAAAACAAQRoAAAAwAACNAAAAGAAARoAAAAwgAANAAAA
GECABgAAAAwgQAMAAAAGEKABAAAAAwjQAAAAgAEEaAAAAMAAAjQAAABgAAEaAAAAMIAADQAAABhA
gAYAAAAMIEADAAAABhCgAQAAAAMI0AAAAIABBGgAAADAAAI0AAAAYAABGgAAADCAAA0AAAAYQIAG
AAAADCBAAwAAAAYQoAEAAAADTA/QTqfT7BIAAAAQIPwhO5oSoC0WiywWi4KCgpSZmWlGCQAAAAhA
mZmZCgoKcuVJM5jWA22xWGSz2ZSammpWCQAAAAgwqampstlspoVnyeQeaJvNprS0NDNKAAAAQABK
S0tzBeibrgc6KChINptNwcHBunbtmlllAAAAIEBcu3ZNwcHBstlsCgoy71I+U4dwWK1WhYaGKi0t
TSkpKWaVAgAAAD+XkpKitLQ0hYaGymq13nxDOCS5LiIMCQlReHi4fv75Z129etWscgAAAOCnrl69
qp9//lnh4eEKCQlxXURoFptpryy5ut5DQ0NlsViUnp6uixcvKiwsTOXKlVNwcLCpBwcAAABlz+l0
KjMzU6mpqUpLS1NwcLAqVKigkJAQWa1WU4dvSCYHaMk9RNtsNjkcDjkcDiUnJys7O9vk6gAAAGCG
3OvlKlSoIJvN5grOZodnyQ8CtCRXN3xQUJCsVqtCQkLkdDr9YqJsAAAAlL3cWTZyM6KZs27k5xcB
WnK/uUpucCZAAwAA3Jxyw7K/hOa8/CZA5+XPBwwAAAA3N/MHkQAAAAABhAANAAAAGECABgAAAAwg
QAMAAAAGEKABAAAAAwjQAAAAgAEEaAAAAMAAAjQAAABgAAEaAAAAMIAADQAAABhAgAYAAAAMIEAD
AAAABhCgAQAAAAMI0AAAAIABBGgAAADAAAI0AAAAYAABGgAAADCAAA0AAAAYQIAGAAAADCBAAwAA
AAYQoAEAAAADCNAAAACAAQRoAAAAwAACNAAAAGAAARoAAAAwgAANAAAAGGAzuwBPnE6n2SUAAADA
D1gsFrNLKMCvAnR2dracTqecTqeysrKUnZ1tdkkAAAAwQVBQkKxWqywWiywWi4KC/GfghF8EaKfT
qezsbDkcDmVkZMhmsyk4OFihoaFmlwYAAAATOBwOZWZmyuFwKCQkRDabTUFBQX7RI216gM7OzlZW
VpbS09MVFBSkiIgIs0sCAACAyWw2m2y2nKh6/fp1ZWZmKjQ0VFar1fTeaFNfPXeoRmpqqmw2m8qX
L29mOQAAAPBD5cuXl81mU2pqqrKysky/Xs60AJ0bnjMyMmS1WhUWFmZWKQAAAPBzYWFhslqtysjI
MD1Emx6g09PTFR4eblYZAAAACBDh4eFKT08nQAcHB5tVAgAAAAJMcHDwzRmgc2fdyMjIYKYNAAAA
+Cw0NFQZGRmu6Y/NQA80AAAAAsZN3QOd2wvtD3P5AQAAIDBYLBa3m++ZwX9u6QIAAAAEAAI0AAAA
YAABGgAAADCAAA0AAAAYQIAGAAAADCBAAwAAAAYQoAEAAAADCNAAAACAAQRoAAAAwAACNAAAAGAA
ARoAAAAwgAANAAAAGECABgAAAAwgQAMAAAAGEKABAAAAAwjQAAAAgAEEaAAAAMAAAjQAAABgAAEa
AAAAMIAADQAAABhAgAYAAAAMIEADAAAABhCgAQAAAAMI0AAAAIABBGgAAADAAAI0AAAAYAABGgAA
ADCAAA0AAAAYQIAGAAAADCBAAwAAAAYQoAEAAAADCNAAAACAAQRoAAAAwAACNAAAAGAAARoAAAAw
gAANAAAAGECABgAAAAwgQAMAAAAG2MwuAEDJSktLU3x8vNLS0tS2bVtVqVLF7JIQYGhDAOAdAdqL
69ev68CBA0pISNB///tfnTt3TikpKapSpYqioqLUqlUrderUSXfccYcsFovZ5UJSUlKSevbsKYfD
IUmaMGGCxowZY3JVZSctLU2jRo1SQkKCJKl69epav3696tata3JlZW/WrFlasWKFJCk8PFxLlixR
ly5dDO3D6XRq8uTJWr9+vWvdli1bdOedd5Zorb4oq7ZdGm0o78/i1+jSpYtWrVr1q/cTiG72v22A
vyFAe+B0OvXOO+9o5syZunTpUoHHU1JSdObMGb3//vuSpN69e2vKlCk3ZUjxNxkZGa4PGElKTU01
sZqyl5iY6Ao+knThwgXt2LFDsbGxJlZljrw/+5SUFE2ZMkVbtmxRZGSkz/t4++233cKzlNPGzFBW
bbs02lBJ1frzzz+XyH4C0c3+tw3wN4yBzicjI0NPP/20Hn/8cY/h2ZPdu3drwIAB2rt3bylXh5I2
a9YsNWzYUA0bNlR0dLTZ5bgUty6n01lgHWdHcpw7d05xcXE+b3/x4kXNmjWrFCsqXTdiG/KXOgCA
Huh85s2bp40bN7qta9Gihfr27av69esrLCxMdrtdR44c0ZtvvunqBUhOTta4ceO0bt06tWjRwozS
UQx5e3GSk5NNrMRdcetq06aN2rdv73b6vV+/fiVeX6Bau3atevXqpe7du3vdzul0avbs2T5/ifZH
/tyG5s+fr0qVKhl+XsWKFUu0DgAoLgJ0Hnv27NHy5ctdy6GhoZo1a5YGDRokq9Xqtu3gwYMVExOj
adOm6d1335WUc5p4woQJ2rZtm8LCwsq0dkCSwsLCtGLFCn388cdKS0tTu3btuAAsn6lTpxY5lGPn
zp3asmVLGVblP8qiDXXo0IF2CSCgMYQjj7zhWZL+8Y9/6Pe//32B8JyrWrVqiouLU8eOHV3rTp48
yVAOmCosLEy9evVSv379CCkenDt3TnPnzi308YsXL2rGjBllWJH/oQ0BgHcE6F+cPXtWBw8edC13
7tzZp9OW5cqV0//93/+5rfvwww9LvD6UjqysLLNL8Mhf67pRrFu3Tvv27Suw3ul06qWXXgrooRu5
aEMAUHoYwvGLb7/91m05Ojra5wtWWrZsqcqVK+vHH3+UJB05csSn5zmdTh06dEj79u3ToUOHdPr0
aaWnp6tu3bpq2bKlevTooc6dO8tmK/rHlH+Ko4kTJyo2NlYnTpzQtm3b9Mknn+j06dMKDQ1VgwYN
1KlTJ/Xv31916tTxqdZcZ8+e1Z49e5SYmKgvv/xSly9fVuXKlVWrVi21atVKHTt2VNu2bQvttZek
7du3a9y4ca7loqYFS01NVdu2bZWSkiJJGjVqlKZMmWKo7rwKm1LrwoULatiwodu6e+65R8uWLfO6
v4yMDCUkJOjAgQM6cuSIkpKSlJ6ervr166tevXrq3r27OnfurMqVK5dJXSNGjNCBAwckSVFRUdq1
a5fX180ViO3RiKefflqzZ892LU+bNk0tW7Z0G8qxa9cubd682bXcpEkTDRgwQHPmzPHpNW6Utl3c
NmQWb+1tx44dio+P15kzZxQWFqb69eura9euuvfee1WzZk23/Zw4cULvv/++4uPjderUKTmdTjVq
1EhdunTR4MGDfeqN79Onj7755htJUteuXbVy5UpduXJFb731lvbu3auTJ08qNDRUjRs3Vvv27dW3
b1/Vq1ev5A8KgFJFgP7F1atX3ZZr1Kjh83OtVqsaNGjgCtAXL14s8jmnT5/WjBkz9MEHHxR47Nix
Yzp27Jhef/113X333Zo+fbqaNm3qdX/5pzi6fv26Vq5c6fFU9Pnz5xUfH6958+bpueee07Bhw4r8
spCRkaFFixZp0aJFBR5LTk7WmTNnFB8fr8WLF6tjx46aMmVKoTWnp6cX2Lc3DofDFTCkXz99k5Hn
FzVtVmJioqZPn65jx44VeMxut+vw4cPasmWLKleurGeffVaDBg1SUJDnEz8lVVfex3766Sef9hdo
7bE4Bg8erC+//FLbtm2T9P+HcuTOtHH58mXNnDnT7TnTpk3TyZMnfX6NG6VtF6cNmSl/e0tJSdFr
r71W4Ocp5YTtjz76SEuXLtXs2bPVu3dvZWVl6ZVXXlFcXJzbfqScLx8fffSRli1bpvnz56tz585e
a8l7vJKTk/Xhhx9q/PjxstvtbtudP39e+/fvV1xcnJ566imNGjWq0L8NAPwPAfoX+f9oBgcHG3r+
ggULXB865cqV87rtsWPH9Oijj+rKlStF7vfzzz/XkCFD9PLLL6tdu3Y+1/PGG28U+IOdn8Ph0NSp
UyVJDz/8cKHbZWdn65lnnvH5oqr4+HgNHz5cK1euVLNmzXyuuayUVDjbs2ePYmJiCrQdT3788UdN
nDhR58+fL/TmB2ZN0RVo7bG4goKCNGnSJCUkJLiGaKxbt049e/ZUjx49NHv2bF24cMG1/aOPPqp2
7doZCtBmY5q3HCtXrizyy4TdbldsbKw2b96sDz/8sMizDHa7XaNHj9amTZuK/AKZ6/Dhwxo5cqTX
bRwOh55//nnZ7XY9+eSTPu0XgPkI0CXE1x7rK1euKCYmxi2sREREaPjw4YqKilJwcLBOnTqlNWvW
6Pz585JyejFiY2O1detW1a5d26fXyQ0rVapU0YgRI9SkSRNlZWXp6NGjBT5cZs6cqe7duxd6+nz3
7t0FwnO/fv3UtWtXVa5cWdevX1dSUpI2bNigM2fOuN7nc889pw0bNngdzmGGRx55xDUv7muvvebq
dY2IiNCCBQvceoEKG3Zx4cIFjR8/3i08R0ZGaujQoWratKkiIiJkt9sVHx+vTZs2ubaZO3eu7rrr
Lo+9WCVRl1GB2B5/jWrVqmnKlCl64oknXOumTZumc+fO6a233nKta9CggcaOHVvir1/azGhD/ii3
PTVr1kxDhw5VrVq1lJycrL1797rOQEg54XXkyJGu9t+iRQs9+OCDqlmzpsftU1NTFRcXp5dfftlw
TR07dtTAgQN166236tKlS66hJbmWLl2qNm3aqGfPnsV92wDKEAG6jL3yyiv6/vvvXctt2rTRokWL
VK1aNbfthg0bpsmTJ2vHjh2ScgLIggUL9NJLL/n8Wq1atdKSJUvc9h0dHa1BgwZp5MiRrjocDod2
7NihmJgYj/vZuXOn2/KaNWvcZh7JNXLkSP3973/X2rVrJeX0vhw8eNBQT2VZaNSokRo1aiRJbmM7
w8PD1a1bN5/2sX37dre5dZs3b67ly5cXGFM5ePBg9e7d2+3YrlixwmOALom6jArE9vhr9evXT7t3
73YFo6SkJE2fPt1tm2nTpgXknMNmtCF/NWDAAL344otuZwTvu+8+dejQQZMmTXKtyw3PQ4cO1dSp
UxUaGup1+927dyspKcnnL4+SFBMTo/Hjx7t1JvzhD3/Q4sWL9c9//tO1Li4uTt26dfO7TgcABTHg
qgxdvXpVa9ascS1HRERo4cKFBcJK7mMvvviibr/9dte6jRs36ty5cz6/3vPPP+9x340bNy5wodIn
n3xS6H7yXmDZrVs3j+FZypn6Kn+vXW6P9I0mNDRUHTp0cF2A9vjjjxcIz7mio6N1zz33uJY/+OCD
IoczlIVAbY+/lsVi0aRJk1S1alWPjw8bNkxdunQptdeH1LZtW9ddEr392717d7H2X65cOU2ZMsXj
cLohQ4YUmGGpZs2amjx5slt49rZ97kWCvmjdurXGjRtXIBRbrVaNGTPGra198cUXOnz4sM/7BmAe
AnQZOnbsmNup6pEjR6p69eqFbl++fHn95S9/cVvn6x/Xrl27qkmTJoU+3r17d4WHh7uW889Cklfe
m8LY7XaPt/rNVbVqVc2fP19z5szRnDlz1KpVK5/qDTTDhw/X2rVrdfDgQR06dEi9e/f2uv1dd93l
tnz58uXSLM8ngdoeS0K1atX03HPPFVhfp06dAtNSwjxpaWnFel6vXr102223Ffp4nz593Jb79+/v
1v6K2t7IF+CHHnpIISEhHh+zWq0FxvsnJib6vG8A5iFAl6H8MzX4MrShZcuWbsu+BpaoqCivj4eF
hbltk/c0fn7t27d3/f/Ro0c1d+7cQq/Mt1gsGjBggO6//37df//9aty4sU/1BiqLxaLIyMgir57P
//ivnW2hJARqeywp9957rwYOHOi27m9/+5vXOxSibBX3oshatWp5fTz/NSuFnT0qbHsjwb6oToQ2
bdq4LX/++ec+7xuAeRgDXYa+++47t2Vf5v7M/0Hg65CIwno88ipqtpBcQ4cO1ZtvvumaoWDJkiVa
u3atHnjgAfXs2VN33XWXypcv79O+bkS5d588cuSITp48qQsXLriNj/ZXgdoeS4rFYtEzzzyj48eP
6+TJkxo+fLh69epVpjXcrObPn69KlSoVuV1xZ/Epagyxp+EUv2Z/3hR1gXlkZKTq1avn+l0KpFlf
gJsZAboMXbt2zW3Z2ynDXDabTZGRka5Thj/88EOp1OZNjRo1tGrVKsXExLhOrV+7dk2vvvqqXn31
VYWHh6tPnz6uG23ccsstZV6jGa5evaq4uDi3ccSBJFDbY0mqVq2a3nvvPbPLuOl06NDhprhFeNWq
VT2Oq86vVq1argD93Xffyel0MiUh4OcYwlGG8t4wQfJ9rum8gdSsmxo0btxYmzdv1tNPP11gnGxK
Soo2bdqksWPHqlOnTpozZ45fjPEtTdeuXdNjjz0WsOFZCuz2CAQCX8+q5N3O4XD4xRAvAN7RA11C
Ll686AokISEhHqc4yt8zm5GR4dPQh9w7HErmzt0aERGh0aNHa8SIEfrss8+0f/9+7dy50zU/sJQT
ypYsWaLt27dr6dKlfnkjlZKwdOlSffbZZ27rGjVqpEGDBqlGjRqKjIx0O+27a9cuvfHGG2VdpleB
3h4Bf+drEM7/ZdaXXmsA5iJA/yJ/71tmZqah548dO1aHDh2SJFWsWNHjxVX555VNSUkpchxgenq6
23hafwgsYWFh6tq1q7p27apnnnlGX3zxhfbv36/169e7Lv46d+6c/vznP2vr1q033Klau92uFStW
uK2bM2eO7rvvPtlsnn+lvv7667IozZAbpT0C/urSpUtKT0/3GoidTqfOnj3rWq5atSrzQAMBgCEc
v8gfHPL2qhYlKytLp06dci0XdgV4gwYN3Jbz/tEsTP5tfvOb3/hcV1mw2Wy68847NXbsWL333ntu
t609f/6868Yb3hT1ZcWXW2WXpePHj7vV9Nhjj+n+++8vNDxL8jr1n1luxPbobwKtbaPk5b9YN7+L
Fy+6zTqTeyMcAP6NAP2L/EHgvffe8zn0HD582O20dmHTFt1xxx1uy/mHAHiS26udK/80YqUtKytL
Cxcu1Lx58zRv3jwlJCQUum358uUL3D3u+PHjBbbL3xtT1JeVoj6ASkp6erpP2+X9WUsFp6HyxMgX
svx8rcuoQGyP/i7Q2zZK3n/+8x+vj+e/aVDr1q1LsxwAJYQA/YvatWu73WHvwIEDBW5h7Ulqaqrb
rVglFXrL3ObNm7vNMbt69WrXbWQ9SUlJ0b/+9S+3dWYF6Nx/RfUo5+9xy8rKKrBN/hscvPPOO16/
rLz99tsGKjYm75Xudru9wMwUnuTvaS7qOd9//722bt1a6nUZFYjt0d8FettGyVu9erUyMjI8PpaW
lqaXX37Zbd2NevMp4EZDgM7jT3/6k9vyk08+qc2bN3sMgVLOqbfx48crPj7eta5FixaFBujy5ctr
+PDhrmW73a6//vWvHkNLcnKynnrqKbc7sg0ZMsTrneJKQ0hIiFtIWrdunXbt2uUxFKSlpWnBggVu
6/IPE5Byevvz9tTt3bu30Nks3nnnHS1fvry45Rcp/9Rtvnxpyj+v62uvvVZo8Pzyyy81evRow7fu
Lk5dRgVie/R3gd62UfKOHj2q+fPnF/gcycjI0Isvvuh2fUTNmjXVoUOHsi4RQDFwEWEe3bt3V0xM
jJYuXSopp3d5woQJWrVqlfr27av69esrNDRUV69e1ZEjR7Rx40a3q6cjIyM1Z84cr9OBPfLII9q2
bZtrzHR8fLx+97vfadiwYYqKilJISIhOnTql119/3e30b8WKFRUbG1tK79y7hx9+WAcPHnQtx8bG
qn379urbt6+qVaumrKwsnT17VuvXry9wYw1Pt7i+7bbb9Mc//lErV650rZs6darrWFSuXFlXr17V
vn37tH379lJ7X1LOrZvzevbZZ3Xy5Em1atVKt9xyi+rWrVvgBiPNmjVTnTp1dO7cOUk5w1Sio6P1
0EMPqXHjxoqIiNDly5f18ccfa9u2bWVWV3EEYnv0Z4HetstKQkJCgYtYfVGxYkXdeeedpVBR6Vq6
dKmOHz+u++67T5UqVdKFCxe0efPmAkOixo8fr7CwMJOqBGAEATqfcePG6YcfftCGDRtc644ePaqj
R496fV6VKlU0f/78Im9dXbFiRS1evFijRo1y3dnv2rVrWrx4caHPKVeunBYtWlTgA7Gs3Hvvvfrs
s8+0du1a17qEhASv46El6amnntLtt9/u8bHHH39chw4dcrud9Lvvvqt33323wLYRERGldme/vMN2
cuWdYWPMmDGaMGGC2+OhoaGaNGmSW4C02+1atGhRoa9Tu3ZtJSUllWpdxRGI7dHfBXLbLitPPPFE
sZ7XunVrbdy4sYSrKT25ZyPS09O1f/9+7d+/v9BthwwZokGDBpVVaQB+JYZw5BMSEqIXXnhBCxcu
VNWqVX16Tv/+/bV161afT701bdpU//73vz32zubXunVrbdiwQZ06dfJp36XBarVq2rRpmjJliiIi
IorcPjIyUi+88IJGjx7tdZtly5YpOjra674aNGig1atXG67ZVw0bNtTUqVMLfbyw8at9+vRRXFxc
kb1oVatW1ZIlS9yGSpRmXcURaO3R3wV62/ZngVZzs2bNtHLlyiI/S8aMGaMZM2YoKIiPZCBQ0APt
gcViUb9+/dSjRw/t379fn376qY4dO6bTp08rNTVVVatWVVRUlFq1aqUuXbqoefPmhl+jTp06Wr58
uRITE7V3714dPHhQp06dUmZmpurWrauWLVuqR48e6tSpk093iAsJCZHNZnNNi+XLHbDyjpEs6g+8
1WrVqFGj1L9/f3300UeKj4/Xt99+q6SkJGVlZanKsMwiAAAgAElEQVR69epq3ry52rVrp549e7pd
nFaYGjVqaPHixfr000+1b98+JSYm6vTp0ypfvryioqLUvXt3DRw4UMHBwQoPD3cNl/H23opzHEaM
GKHf/va32rVrlxITE/W///1PP/74oxwOh9fnDxo0SB06dNDOnTsVHx+vr776SteuXVONGjXUrFkz
dezYUdHR0YqIiHDrvZd8u1FCceuqUKGC6/99va16oLVHX+R9zXLlyvl8p0Vv+5Fy3ltRAr1tF6cN
eePrHfmKkreuvIwem/y/fyW9fV7t2rXT22+/rbfeekv79u3T119/reDgYDVq1Eht27ZV3759izxz
KRXv5w+g9FicJnylz87OVmZmpn766acCV60DABCoOnbs6BoO1apVK23atMnkioAb0+XLl3XLLbco
ODi4VM7eeBp2lxfniwAAAAADCNAAAACAAQRoAAAAwAACNAAAAGAAARoAAAAwgAANAAAAGECABgCg
hOSdN7uweasBBD5upAIAQAnZtWuX2SUAKAP0QAMAAAAGEKABAAAAAwjQAAAAgAEEaAAAAMAAAjQA
AABgAAEaAAAAMIAADQAAABhAgAYAAAAMIEADAAAABhCgAQAAAAMI0AAAAIABBGgAAADAAAI0AAAA
YAABGgAAADCAAA0AAAAYQIAGAAAADCBAAwAAAAYQoAEAAAADCNAAAACAAQRoAAAAwAACNAAAAGAA
ARoAAAAwgAANAAAAGECABgAAAAwwPUA7nU6zSwAAAECA8IfsaEqAtlgsOS8eFKTMzEwzSgAAAEAA
yszMVFBQToTNzZRlzbQeaIvFIpvNptTUVLNKAAAAQIBJTU2VzWYzLTxLJgbooKAgWa1WAjQAAAB8
lpqaKqvV6uqFNoNpQzhye6BtNpvsdrsZZQAAACCA2O12V37MzZNmML0HOiwsTKmpqfr555/NKgUA
AAB+7ueff1ZqaqrCwsJuzh5oKacX2mq1KiQkRBUqVNBPP/1ETzQAAAAKsNvt+umnn1ShQgWFhITI
arWaOgbaZtor6//3QoeGhspisSgtLU3ff/+9ypUrp/LlyyskJMTUgwMAAICy53Q6lZGRoevXrys1
NVXBwcGKiIhwhWcze58lkwO0JNc3iKCgINlsNmVmZsrhcOjatWvKzs42uzwAAACYIDcbVqhQQcHB
wbLZbH4RniU/CNBSzgHKG6Kzs7MJzwAAADe5oKAgt3/+MjLBLwK09P/HRAcFBfnFHWYAAABgPjNn
2yiM3wToXP54kAAAAIBc5g8iAQAAAAIIARoAAAAwgAANAAAAGECABgAAAAwgQAMAAAAGEKABAAAA
AwjQAAAAgAEEaAAAAMAAAjQAAABgAAEaAAAAMIAADQAAABhAgAYAAAAMIEADAAAABhCgAQAAAAMI
0AAAAIABBGgAAADAAAI0AAAAYAABGgAAADCAAA0AAAAYQIAGAAAADCBAAwAAAAYQoAEAAAADCNAA
AACAAQRoAAAAwAACNAAAAGAAARoAAAAwwGZ2Ad44nU6zSwAAAIAJLBaL2SUUyq8CtNPpdP3Lysoi
QAMAANykLBaLrFarLBaL65+/8IsAnRuaHQ6HMjMzZbVaFRwcLKvVanZpAAAAMEFWVpYyMzOVlZWl
4OBg2Ww2vwnSpgdop9Op7Oxspaeny2KxKDw83OySAAAAYDKr1erqTE1NTZXD4VBoaKiCgoJMD9Gm
XkSYO1QjNTVVVqtV5cqVM7McAAAA+KFy5crJarUqNTXVL4b5mhqgs7OzlZmZKYvFotDQUDNLAQAA
gB8LDQ2VxWJRZmamsrOzTa3FtACdnZ2trKwspaenM2wDAAAARQoPD1d6erqysrJMDdGmBejciwZt
NtOHYQMAACBA2Gw2ORwOU4dxmBKgcy8czMzMZOgGAAAAfBYaGuoaxmFWiKYHGgAAAAHjpu6Bzv1n
9jQkAAAACBwWi8UtS5rB9GnsAAAAACPMzpCmBmgAAAAg0BCgAQAAAAMI0AAAAIABBGgAAADAAAI0
AAAAYAABGgAAADCAAA0AAAAYQIAGAAAADCBAAwAAAAYQoAEAAAADCNAAAACAAQRoAAAAwAACNAAA
AGAAARoAAAAwwGZ2AQAAAIA/iY6O9vo4PdAAAACAAQRoAAAAwAACNAAAAGAAARoAAAAwgAANAAAA
GECABgAAAAwgQAMAAAAGEKABAAAAAwjQAAAAgAEEaAAAAMAAAjQAAABgAAEaAAAAMIAADQAAABhA
gAYAAAAMIEADAAAABhCgAQAAAAMI0AAAAIABBGgAAADAAAI0AAAAYAABGgAAADCAAA0AAAAYQIAG
AAAADLCZXQAQKNLS0hQfH6+0tDS1bdtWVapUMbskAABgAnqg85g1a5YaNmyohg0bqnnz5rp27ZrZ
JcFPpKWladSoUfrTn/6ksWPH6r777tPZs2fNLgtACUlKSlJUVJTrM2Dx4sVmlwTAjxGg80hNTXX7
/8zMTBOrgT9JTExUQkKCa/nChQvasWOHiRUBKEkZGRlyOByu5byfBwCQHwEafinv2YDo6Gizy5HT
6SywzmKxmFAJAAAwGwEafilv709ycrKJleRo06aN2rdv71quXr26+vXrZ2JFAADALFxECPggLCxM
K1as0Mcff6y0tDS1a9eOiwgBALhJEaABH4WFhalXr15mlwEAAEzGEA74paysLLNLAAAA8Ige6GJI
SkpSz549XVdsT5w4UbGxsTpx4oS2bdumTz75RKdPn1ZoaKgaNGigTp06qX///qpTp06h+xw7dqze
eecd1/K6devcxtx68re//U1r1qxxLS9btkz33HNPodunpqbqww8/1IEDB/Sf//xHSUlJqlChgqpX
r66WLVuqffv26tatm0JCQsr8/Us5Fw6uWLGiwPoLFy6oYcOGbuvuueceLVu2zOv+MjIylJCQoAMH
DujIkSNKSkpSenq66tevr3r16ql79+7q3LmzKleu7HU/uUaMGKEDBw5IkqKiorRr1y6P2+U/PuPH
j9fYsWOVlJSkzZs3a//+/fr2229VqVIltWvXTk8++aQiIyMLfd2S+rn5wtvPdseOHYqPj9eZM2cU
Fham+vXrq2vXrrr33ntVs2ZNt/2cOHFC77//vuLj43Xq1Ck5nU41atRIXbp00eDBgw0Pf3E6nTp0
6JD27dunQ4cO6fTp00pPT1fdunXVsmVL9ejRQ507d5bNVvSftNJqv6Vdd3GUxe98WbeLPn366Jtv
vpEkde3aVStXrtSVK1f01ltvae/evTp58qRCQ0PVuHFjtW/fXn379lW9evWKeQQBwDOL09P0AqUs
OztbmZmZ+umnn3TbbbeV9csXavLkyXrjjTdcy5999pnHP+jffvutevfu7VqOjY1VlSpVNGPGjEL3
bbPZ9Nxzz2nYsGEeZ2944403NHnyZNfy6NGj9fTTTxe6v9xxuHkvsIuPj1f16tU9bp+QkKBp06a5
PngK06RJE82ZM0fNmzcvdJvSeP9SwePvTceOHd2+POSXmJio6dOn69ixY173U7lyZT377LMaNGiQ
goK8n5D5/e9/r8OHD0vKuYgwPj7e43aejk/Lli01YcKEAhdE2mw2JSYmqkKFCh73VZI/N1/krz0m
JkZVqlTRzJkzC31OZGSkZs+erd69eysrK0uvvPKK4uLi3KYEy7/9/Pnz1blzZ59qOn36tGbMmKEP
PvjA63Z33323pk+frqZNm3rdrrTab2nXbVRp/s6b2S46duyoCxcuSJJatWqlJ554QuPHj5fdbve4
vc1m01NPPaVRo0Z5/R331C4mTpzotRYA5rl8+bJuueUWBQcHF/n5XRoYwlEC3njjDa8fvpLkcDg0
derUQkNfp06d3JZ37drldRjD0aNH3cJYt27dCg3Pu3bt0vDhw4v8IJWkr7/+WkOHDtWXX35Z5La5
SuL9SyU3LdyePXs0dOjQIsOzJP3444+aOHGili5dWiKv7ckHH3yg2NhYj7OJdO7cudDwXNo/N1+s
XLnSa0iSJLvdrtjYWB0/flzLly/XSy+9VGhIyt1+9OjR+uqrr4p8/WPHjunBBx8sMoRK0ueff64h
Q4bo008/LXLbvEqq/eZVFnV7U9ptx+x2kevw4cMaOXJkoeFZyvnZPf/885o7d67P+wWAojCEowTk
/vGuUqWKRowYoSZNmigrK0tHjx7VypUr3aZkmzlzprp3717gdHDdunV199136/PPP5cknTlzRt98
841uv/12j6/5ySefuC0XNlfyiRMnNGHCBLcPrmbNmumBBx5QrVq1dP36dX311VdavXq1q86UlBQ9
88wz2rhxo4KDg8vk/UvSI4884nofr732mit8REREaMGCBW7fMAsbdnHhwgWNHz/e7f1GRkZq6NCh
atq0qSIiImS32xUfH69Nmza5tpk7d67uuusun3tFjfjiiy9cdQwfPlzNmzdXcHCwrly5oltvvdXj
c8ri5+aL3H03a9ZMQ4cOVa1atZScnKy9e/dq27Ztru0cDodGjhypK1euSJJatGihBx98UDVr1vS4
fWpqquLi4vTyyy8X+tpXrlxRTEyMa59STlsYPny4oqKiFBwcrFOnTmnNmjU6f/68pJwpD2NjY7V1
61bVrl3bp/dYUu23rOsuTFm0HTPbRWE6duyogQMH6tZbb9WlS5dcQ0tyLV26VG3atFHPnj0N7xsA
8iNAl5BWrVppyZIlqlatmmtddHS0Bg0apJEjR+r777+XlPOBsmPHDsXExBTYR79+/VwBWsoZQuIp
QDudTr3//vtu6zp27OixroULF7oFgL/85S+aMGGC24fkwIEDNWzYMD322GM6fvy4pJwetD179qhP
nz6+vP3/x969RzdR5/8ff6VJ0xZbCiyLQgUBucllpShCuYsoIqDg+l1wRRD3e1RAZRfE76rwQ4Hj
usiiVRBQFxB0vSwuwrLKoiIIFlZuAqIgKCBVkFsLpaVp0ub3BzbbSZM0A2kmpc/HOZzTmXwy887k
U/Lq5DOficjrb9asmZo1ayZJhvHFl1xyiXr27BlWHf/85z8NZ3rbtGmjefPmlRuLOXjwYPXp08dQ
x/z58yslQEvSVVddpXnz5oUdjqL1voVj4MCBeuaZZ5SUlORbd+uttyojI0OPPfaYb11pSBo6dKgm
T56shISEkO0/+ugjZWdnBz0mr7zyiq/fSOfm4p41a5ahj0nSsGHD9MQTT/juDJmTk6MXXnhB06dP
D/s1RqL/WlF3INHqO1b1i0BGjRqlcePGyW63+9b9z//8j2bPnq3nn3/et27mzJnq2bOnoR0AnA+G
cETI008/Xe4DUpKaN2+uiRMnGtb5nz0u5R+CP/7444DtDhw44DurKUnXXnutGjVqVK7d4cOHDbeb
7tixoyZMmBDwDFNaWpoyMzMN6z744IOA+w8kEq8/EhISEpSRkeG7KO+hhx4qF55L9e3b13DR5Zo1
a0J+FXwhnn766bADQTTft4okJSVp4sSJhpBUasiQIeVuJtOgQQM98cQThpAUqn2wIQa5ubmG4RIp
KSl68cUXA/axlJQUPfPMM4Y/NpcsWaJDhw6FfnFlRKr/Rrtuf9HqO1b1i0A6dOigsWPHlgvFdrtd
Y8aMUffu3X3rvvrqK991DABwIQjQEdCjRw+1bNky6OO9evXSJZdc4lv+7rvvAra78sor1a5dO9/y
+vXrdezYsXLtNm/ebFi+5ZZbAm5vy5YthuVhw4aFPPPStGlT3Xbbbb7lVatWqaioKGj7UpF6/ZEw
fPhwvfHGG9q8ebO2bNliuCgokKuvvtqwHOh4X6iOHTuW208o0XrfwnHDDTeEvNDX/2zlgAEDDO91
Re2D/cGyc+dOw1nUkSNHBh3jL0k1atTQfffdZ1gXblCKZP+NZt2BRKvvWNUvArnrrruCziJit9t1
9913G9Zt3bo17G0DQDAE6Aho0aJFyMcTExMNbcp+vVuWzWbTgAEDDOv8w7IkrV271rDsfwFiqf37
9xuWw5mhIT093fezy+VSdnZ2hc+J1OuPJJvNptq1a1d4Za7/42XDT6SU/aMoHNF638KRlpYW8vH6
9esbloOd7Q/WvrCwMGA7/wtAO3XqFHK7ktS+fXvDcrhBNJL9N5p1BxKtvmNVvwikbP2BXHPNNYbl
ssPkAOB8MQY6AsKZfzfQV52B+I/BXb9+vfr16+dbzsvLMwztaNOmjW/csD//s6m7d+/WDz/8EHL/
/uHgxIkT5eZg9hfJ1x9J+/bt0+rVq7V9+3bt27dPR44cCTgTRmVLTEw01T5a71s4KhorGuhr8wvZ
Xin/1xvOPL7+oe7gwYNh7SuS/TeadQcSrb5jVb8IxD98+6tdu7auuOIK33Hdt2/fee8LAEoRoGNM
q1at1KJFC98YwJUrV+r//b//5xs7uG3bNrlcLl/7/v37B53+raCgwLD84IMPmq4nPz/f9HOslpub
q5kzZ4Y95Visqa7vW1mnTp0yLIf6+r+Uw+FQ7dq1fV//nzhxolJqC8Xquqtb36lXr17AcdX+0tLS
fAH6hx9+kNfrjdi0mQCqJ4ZwxBibzaaBAwf6lnNycgxfC/tfwFT2Ahl/kbhHTqh5W2PRqVOn9MAD
D1TZ8CxVz/fNn3+IC3davpo1a/p+Pn36dERrCofVdVe3vhPuNwNl23k8nkoZqgWgeuEMdAzq3r27
YdL/DRs26Nprr1VxcbFheremTZuGvHtZqNtDhyucszuxZM6cOfr8888N65o1a6ZBgwapfv36ql27
tuHr4pUrV4Z998NoqY7vm7+ygVI6d1v2GjVqVPi8kydP+n4O9xbtkWR13dWt74QbhP3/sKlKrxFA
bCJAx6A2bdoYxuytWrVKDz74oPbu3WsYHzlw4MCQYwdr1aplWN6yZUtEPmBjVU5OjubPn29YN2PG
DN16661yOAJ39T179kSjNFOq2/sWSGpqqmE5Pz+/3HHx53K5DGPcrQjQVtdd3frO0aNH5XK5QgZi
r9er77//3rdcr1495oEGcMEYwhGD7Ha7YRjHrl27dPDgwXJnVkMN35BUbpqpqjS28Xzs2rXL8PXz
Aw88oNtvvz1oeJYi85V3pFW39y2QJk2aGJbLBqBg/NtceeWVEa0pHFbXXR37TkUXSf7000+GCyWD
XXQNAGYQoGNUjx49DMubNm3SJ5984ltu0KCBfvWrX4Xchv/cw1X1BgJlL5oMpezX4FL56asCKb2V
ciy5WN63C9G2bVvDsv8fj4H4z4HsPz1cNFhdd3XsO1988UXIx/2vG+nQoUNllgOgmiBAx6irr77a
MD3T/PnzDfM/Dxw4MOSZVencXdTK3v3ur3/9a4Xzq+7du1dDhgyx/GYDZa+Qz8nJKTe7QSD+x6Oi
5/z4449atmzZ+RVYiary+xYpbdq0MQw9WLRoke+W0IHk5+fr1VdfNayzIkBbXXd17DuLFi0KevOX
wsJCvfzyy4Z1Fc0bDQDhIEDHqPj4eMMwDv+xuv5nqAOx2+367W9/61vesWOHHn30UeXm5gZsv2vX
Lo0ZM0abNm3SHXfcoeeff/48q79w/tN/hXOLYf/5YBcsWBA0vHz99de6//77K+3W3ReiKr9vkVKj
Rg0NHz7ct5yTk6Pf//73Ad/PvLw8Pfroo4Y7BA4ZMiTkHQAri9V1V8e+s2PHDmVmZqq4uNiwvqio
SM8884zh/84GDRooIyMj2iUCuAhxEWEM69mzZ7mzJ9K5i4zCPYty5513asmSJb4P6RUrVmjdunW6
88471axZM9WqVUu5ubnasGGDli1bZhhD7P+BFE0NGzY0LD/++OPat2+f0tPTVbNmTTVq1KjcTSpa
t26thg0b6tChQ5LOhYO+ffvqrrvuUvPmzZWSkqJjx47ps88+0/Lly6P2Ws5HVX3fIumee+7R8uXL
fXfXy8rK0o033qhhw4apRYsWcjqd2r9/vxYvXmwYipOamqrRo0dbVbbldVfHvjNnzhzt2rVLt956
q2rVqqUjR45o6dKl5YbHjBs3zvSNjQAgEAJ0DEtPT1edOnXKje0dMGBA2B8CqampyszM1IgRI3zb
OXXqlObOnRvyeYMHD9bYsWPPr/AI6NKlS7l1ZWfYGDNmjMaPH294PCEhQY899pghhOTk5GjWrFlB
93P55ZdH7LbXkVRV37dISk1N1ezZs3XvvffqyJEjks4dg9mzZwd9TlJSkmbNmlXuD7Bosrru6tR3
SmffcLlc+vTTT/Xpp58GbTtkyBANGjQoWqUBuMgxhCOGJSYmGoZxlOrVq5ep7bRp00Zvv/22Onfu
XGHb1NRUTZ8+Xc8++2yFY6wrU9OmTTV58uSgjwebPePmm2/WzJkzy00n5q9evXp66aWXDF+3x5qq
+L5FWqtWrfT222+rT58+Fbbt0KGD3nnnHXXt2jUKlYVmdd3Vpe+0bt1aCxcuVL169UK2GzNmjKZM
maK4OD7yAERG1frfspKVvVtVUlJS0LuIOZ1OORwO31ef4dwNq+yY3or+sy/rpptu0muvveZbrl+/
vjp27Bj280tdeeWVWrx4sTZs2KA1a9Zo27ZtOnDggIqKipSWlqa2bdsqIyNDvXv3rnDe2Gi9/hEj
Rujaa6/VypUrtXXrVn377bc6efKkPB5PyH0OGjRIGRkZ+uCDD5SVlaXdu3fr1KlTql+/vlq3bq0u
Xbqob9++SklJ0RtvvGF4bqj5ZJOTk30/+98wo6zzOT7BRPJ9C4fZ2v2PV6TbS+eG88ybN09bt27V
6tWrtXnzZu3fv19ut1uNGjVS+/btdf3116tr165h3fkvWv030nWbZeXvfDT6RalOnTrpX//6l/7x
j3/ok08+0Z49exQfH69mzZrpuuuuU79+/dS8efMKtxPJ31sAFz+b14KJcEtKSuR2u3X69Oly85YC
ABBMly5dfENj0tPT9e6771pcEQArHDt2TDVr1lR8fLwl3y7xfRYAAABgAgEaAAAAMIEADQAAAJhA
gAYAAABMIEADAAAAJhCgAQAAABMI0ACAKqPsHOxl52YHgGjiRioAgCpj5cqVVpcAAJyBBgAAAMwg
QAMAAAAmEKABAAAAEwjQAAAAgAkEaAAAAMAEAjQAAABgAgEaAAAAMIEADQAAAJhAgAYAAABMIEAD
AAAAJhCgAQAAABMI0AAAAIAJBGgAAADABAI0AAAAYAIBGgAAADCBAA0AAACYQIAGAAAATCBAAwAA
ACYQoAEAAAATCNAAAACACQRoAAAAwAQCNAAAAGACARoAAAAwgQANAAAAmGB5gPZ6vVaXAAAAgCoi
FrKjpQE6Li5ObrfbyhIAAABQhbjdbsXFWXsO2JK922w22Ww22e12FRQUWFECAAAAqqCCggLZ7XZf
nrSCZfG9NECfPXvWqhIAAABQxZw9e9YXoK1i2RnouLg4ORwOORwO5eTkWFEGAAAAqpCcnBxffoyL
i6t+Z6Dj4uJkt9uVkJCg/Px85eXlWVUKAAAAYlxeXp7y8/OVkJAgu91u6Thoy4dwOJ1OJScnKzc3
VydPnrSqHAAAAMSokydPKjc3V8nJyXI6nZYP4bB5LZwLxOv1qqSkRG63Wy6XS2fPnpXH41GNGjV0
ySWXyOl0WnpwAAAAEH1er1dFRUXKz89XQUGBHA6HkpKSlJCQoPj4eEuHb0gWB2jpvyHa4/HI7XbL
7Xb7fi4pKbGyNAAAAFgkLi5O8fHxcjgcio+P9/1sdXiWYiBAS+dCdGmQLi4uVklJiUpKSmJiomwA
AABEX+mkE6XXzZUGZ6vDsxQjAbpUaZAuLSmGSgMAAEAUlQbl0tAcC8G5VEwFaAAAACDWWXsfRAAA
AKCKIUADAAAAJhCgAQAAABMI0AAAAIAJBGgAAADABAI0AAAAYAIBGgAAADCBAA0AAACYQIAGAAAA
TCBAAwAAACYQoAEAAAATCNAAAACACQRoAAAAwAQCNAAAAGACARoAAAAwgQANAAAAmECABgAAAEwg
QAMAAAAmEKABAAAAEwjQAAAAgAkEaAAAAMAEAjQAAABgAgEaAAAAMIEADQAAAJhAgAYAAABMIEAD
AAAAJhCgAQAAABMcVhfgz+v1yuv1qri4WF6v1+pyAAAAYAGbzSa73S6bzSabzWZ1OQYxE6BLSkpU
UlKioqIi2e12ORwO2e12q8sCAACABYqLi+V2u1VcXCyn06m4uDjFxcXG4Amb1+LTvF6v1xecbTab
EhMTrSwHAAAAMaawsFBer9cXpK0+I21pgC4Nzy6XSw6HQ06n06pSAAAAEMOKiork8XiUkJBgeYi2
9Dy41+uV2+2WzWYjPAMAACAop9Mpm80mt9tt+XVylgXo0gsFCwsLlZSUZFUZAAAAqCKSkpJUWFho
+WQTlgXokpISeTwexcfHW1UCAAAAqpj4+Hh5PB6VlJRYVoMlAbp0qjq3283QDQAAAITN6XT6hnFY
dRba8jPQDkfMzKQHAACAGOdwOKrnGWjpvzNwWD0NCQAAAKoOm82mkpKS6jcGuvQFW30FJQAAAKoe
q7NkbNzOBQAAAKgiCNAAAACACQRoAAAAwAQCNAAAAGACARoAAAAwgQANAAAAmECABgAAAEwgQAMA
AAAmEKABAAAAEwjQAAAAgAkEaAAAAMAEAjQAAABgAgEaAAAAMIEADQAAAJhAgAYAAABMIEADAAAA
JhCgAQAAABMI0AAAAIAJBGgAAADABAI0AAAAYAIBGgAAADCBAA0AAACYQIAGAAAATCBAAwAAACYQ
oAEAAAATCNAAAACACQRoAAAAwAQCNAAAAGACARoAAAAwgQANAAAAmECABgAAAEwgQAMAAAAmEKAB
AAAAEwjQAAAAgAkEaAAAAMAEAjQAAABgAgEaAAAAMIEADQAAAJjgsLqAWDJt2jTNnz//grfTvXt3
vfbaaxGo6OJx6tQpDRo0SAcPHpQkzZ8/X7169bK2KAABZWdnq3fv3vJ4PJKk8ePHa8yYMRZXBQCx
gzPQZZw9ezYi2zlz5kxEtnMxWbx4sS88D1Y042QAACAASURBVBw4UD179rS4IgDBFBUV+cKzFLn/
GwHgYkGArgQ2m82yfU+bNk1NmzZV06ZN1bdvX8vqKOuHH37QnDlzJEl16tTRH//4R0uPEQAAwIVg
CEcImZmZqlWrlunnpaamVkI14Sl7pigvL8+yOsqaO3eur67Jkyerfv36FlcEAABw/gjQIWRkZKhu
3bpWl1GlHTx4UG+88YYkafDgwRowYIDFFQEAAFwYAjQq1RVXXKHvvvvO6jIAAAAihjHQF5ni4mKr
SwAAALiocQY6ivynhnrkkUc0evRo7d27V8uXL9eGDRt04MABJSQkqEmTJuratasGDBighg0bhtxu
sOn3jhw5oqZNmxrW3XTTTZo7d26FtY0bN04PPvigsrOztXTpUn366af67rvvVKtWLXXq1EkTJkxQ
7dq1g9Z09uxZrV27VuvWrdMXX3yh7OxsJScn67LLLlP79u3VuXNn9ezZU06ns8LjFo3tBhLq/Vqx
YoWysrJ08OBBJSYmqnHjxurRo4duueUWNWjQwLCdvXv36sMPP1RWVpb2798vr9erZs2aqXv37ho8
eLDpYUJer1dbtmzRJ598oi1btujAgQNyuVxq1KiR2rdvr+uvv17dunWTw1Hxr3dl9cnKrvt8RKrv
xFK/uPnmm/XNN99Iknr06KGFCxfq+PHj+sc//qHVq1dr3759SkhIUPPmzdW5c2f169dPV1xxxXke
QQBAKZvX6/VGe6clJSVyu906ffq0fvnLX0Z790E98cQTevPNN33Ln3/+eUTHQH/33Xfq06ePb3n0
6NGqW7eupkyZEvQ5DodDkyZN0rBhw4LOXOFfdyhdunTR66+/HlZt7du31/jx48tdjOhwOLR161Yl
JycH3MfGjRv15JNP+j7Yg2nZsqVmzJihNm3ahFV7ZW03GP9jMmrUKNWtW1dTp04N+pzatWvrz3/+
s/r06aPi4mK98sormjlzpmFKMP/2mZmZ6tatW1g1HThwQFOmTNGaNWtCtuvYsaOeeuoptWrVKmS7
yuqTlV23WZHsO7HUL7p06aIjR45IktLT0/Xwww9r3LhxysnJCdje4XDo0Ucf1b333qu4uOBfQAbq
F4888kjIWgAgmo4dO6aaNWsqPj4+5P9nlYUhHBZ68803QwYVSfJ4PJo8eXLA0FuqMqaEW7NmjUaP
Hh1wJo9u3boFDc8rV67U8OHDKwwqkrRnzx4NHTpUX3/9dYVtK2u7ZixcuDBkSJKknJwcjR49Wrt2
7dK8efM0ffr0oCGptP3999+v3bt3V7j/nTt36je/+U2FIVSSNm3apCFDhug///lPhW3LilSfLCsa
dYdS2X3H6n5Ratu2bRo5cmTQ8Cyde++efvpp/eUvfwl7uwCA8hjCYaHSD7q6detqxIgRatmypYqL
i7Vjxw4tXLjQMCXd1KlT1atXr4Bfnd9zzz2+OZ8XLFjgCyopKSl64YUXDH+Z1alTJ6zavvrqK0nn
zoQNHz5cbdq0UXx8vI4fP65f/OIXAZ+zd+9ejR8/3hAMWrdurTvuuENpaWkqKCjQ7t27tWjRIt9r
y8/P1x//+EctWbJE8fHxUd2uWaXbbt26tYYOHaq0tDTl5eVp9erVWr58ua+dx+PRyJEjdfz4cUlS
u3bt9Jvf/EYNGjQI2P7s2bOaOXOmXn755aD7Pn78uEaNGuXbpnTu/R0+fLhatGih+Ph47d+/X6+/
/roOHz4s6dw0hqNHj9ayZct0+eWXh/UaI9Uno113MNHoO1b2i2C6dOmi2267Tb/4xS909OhR39CS
UnPmzNE111yj3r17m942AECS1wLFxcXewsJC79GjR63YfVCPP/64t0mTJr5/x44di+j2v/32W8P2
mzRp4r399tu9R44cKdf2m2++8Xbt2tXQ9qWXXjL1GjIyMi6otltuucV76NChsLfx0EMPGZ7/pz/9
yVtUVFSuXXZ2tnfAgAGGth988EHUt1uRQMfk4Ycf9hYUFJRr+9Zbb5Vr26RJE+9jjz3mLSwsDKt9
qGP99NNPG9recccdAfvN6dOnyx2vCRMmmHqNkeyTlVV3uCqj78RSv8jIyCjXfvr06V6Px2No5/F4
vJmZmYZ2/fv3L9cu2Gt89tlng9YAAFY4evSot7Cw0FtcXGzJ/hnCEcJ1113nu6tfqH8fffTRee/j
6aef1qWXXlpuffPmzTVx4kTDug0bNpz3fs7H008/HfYZwMOHD2vFihW+5Y4dO2rChAkBz+ClpaUp
MzPTsO6DDz6I6nbPR1JSkiZOnKikpKRyjw0ZMkT9+/c3rGvQoIGeeOIJJSQkhNU+2BCD3Nxcw3CJ
lJQUvfjiiwH7TUpKip555hldddVVvnVLlizRoUOHQr+4MiLVJ6Ndt79o9R2r+kUgHTp00NixY2W3
2w3r7Xa7xowZo+7du/vWffXVV9q2bVvY2wYA/BcBOgIKCwvP63k9evRQy5Ytgz7eq1cvXXLJJb7l
aM6n3LFjR1199dVht9+yZYthediwYeU+xMtq2rSpbrvtNt/yqlWrVFRUFLXtno8bbrgh5EWvN998
s2F5wIABhvevovbBxq7u3LnTMHRi5MiRuuyyy4Jut0aNGrrvvvsM68INSpHsk9GsO5Bo9R2r+kUg
d911V9BZROx2u+6++27Duq1bt4a9bQDAfxGgI+B8L+Jr0aJFyMcTExMNbX788cfz2s/5aNeunan2
+/fvNyyHMwNGenq672eXy6Xs7Oyobfd8pKWlhXzc/xbl/tOWVdQ+2B9iO3fuNCx36tQp5HYlqX37
9oblcINoJPtkNOsOJFp9x6p+EUjZ+gO55pprDMubNm0Ke9sAgP/iIsIQMjMzVatWrQrbtW7d+ry2
H85cxYG+Fo6GxMREU+2PHTtmWN69e7d++OGHkM/xD18nTpwoN291ZW33fIQ6exnocbPtg/F/veHM
4+sf6g4ePBjWviLZJ6NZdyDR6jtW9YtA/MO3v9q1a+uKK67wHdd9+/ad974AoDojQIeQkZER0Xmg
L2YFBQWG5QcffND0NvLz86O23ark1KlThuVQX/+Xcjgcql27tu/r/xMnTlRKbaFYXXd16zv16tUL
OK7aX1pami9A//DDD/J6vZUyFSYAXMwYwoGI8EbgfjyB5sWtrO1WJf4hLtxp+WrWrOn7+fTp0xGt
KRxW113d+k643wyUbefxeAzj1AEA4SFAIyJC3dY7XIHOnlXWdquSsoFSUtgXRZ48edL3c7jzf0eS
1XVXt74TbhD2/8OmKr1GAIgVDOFARPiPFd+yZUtEAkxlbbcqSU1NNSzn5+dXODbf5XIZ7iJpRYC2
uu7q1neOHj0ql8sVMhB7vV59//33vuV69epd0JhrAKiuOAONiPCfxitSY0cra7tVSZMmTQzLZQNQ
MP5trrzyyojWFA6r666OfaeiiyR/+uknw4WSzZo1q+ySAOCiRIC+iLlcrqjty3/O6EjdoKGytluV
tG3b1rD8+eefV/gc/zmQ/aeHiwar666OfeeLL74I+bj/jW86dOhQmeUAwEWLAH2RKXs1fU5OTrmZ
ECpL8+bNDXct/Otf/1rh/LV79+7VkCFDQt7MobK2W5W0adPGMPRg0aJFOn78eND2+fn5evXVVw3r
rAjQVtddHfvOokWLgo41Lyws1Msvv2xYV9G80QCAwAjQFxn/qcIieSvrUOx2u37729/6lnfs2KFH
H31Uubm5Advv2rVLY8aM0aZNm3THHXfo+eefj+p2q5IaNWpo+PDhvuWcnBz9/ve/DxhG8/Ly9Oij
jxruEDhkyJCQdwCsLFbXXR37zo4dO5SZmani4mLD+qKiIj3zzDPas2ePb12DBg2UkZER7RIB4KLA
RYQhbNy4sdyFUOFITU3Vr371q0qoqGINGzY0LD/++OPat2+f0tPTVbNmTTVq1CisG1qcjzvvvFNL
lizxhaAVK1Zo3bp1uvPOO9WsWTPVqlVLubm52rBhg5YtW2aYIsz/Az8a261K7rnnHi1fvtx3d72s
rCzdeOONGjZsmFq0aCGn06n9+/dr8eLFOnz4sO95qampGj16tFVlW153dew7c+bM0a5du3Trrbeq
Vq1aOnLkiJYuXVpueMy4ceNM3zAJAHAOATqEhx9++Lye16FDBy1ZsiTC1YSnS5cu5dbNnz/f9/OY
MWM0fvz4Stl3amqqMjMzNWLECN9UZKdOndLcuXNDPm/w4MEaO3Zs1LdblaSmpmr27Nm69957deTI
EUnnjsHs2bODPicpKUmzZs0q90dVNFldd3XqO6Wzb7hcLn366af69NNPg7YdMmSIBg0aFK3SAOCi
wxCOShCJGzicr6ZNm2ry5MlBH6/s2tq0aaO3335bnTt3rrBtamqqpk+frmeffVYOR+i/5Spru1VJ
q1at9Pbbb6tPnz4Vtu3QoYPeeecdde3aNQqVhWZ13dWl77Ru3VoLFy5UvXr1QrYbM2aMpkyZorg4
/vsHgPNVtT4hKlm4d/KqSHJycsD1TqdTDofD9zVxOPsrO6a5og/GUiNGjNC1116rlStXauvWrfr2
22918uRJeTyeoPs8n9qCufLKK7V48WJt2LBBa9as0bZt23TgwAEVFRUpLS1Nbdu2VUZGhnr37m1q
Xt7K2m4wZo+J//y7kW4vnRuiM2/ePG3dulWrV6/W5s2btX//frndbjVq1Ejt27fX9ddfr65du4Z1
579o9clI121WJPtOLPaLUp06ddK//vUv/eMf/9Ann3yiPXv2KD4+Xs2aNdN1112nfv36qXnz5hVu
J5L/HwDAxcjmteB0aUlJidxut06fPl1urlYAQHi6dOniGxqTnp6ud9991+KKACA6jh07ppo1ayo+
Pt6Sb9T4Dg8AAAAwgQANAAAAmECABgAAAEwgQAMAAAAmEKABAAAAEwjQAAAAgAkEaACoomrWrOn7
Odj88wCAyONGKgBQRa1cudLqEgCgWuIMNAAAAGACARoAAAAwgQANAAAAmECABgAAAEwgQAMAAAAm
EKABAAAAEwjQAAAAgAkEaAAAAMAEAjQAAABgAgEaAAAAMIEADQAAAJhAgAYAAABMIEADAAAAJhCg
AQAAABMI0AAAAIAJBGgAAADABAI0AAAAYAIBGgAAADCBAA0AAACYQIAGAAAATCBAAwAAACYQoAEA
AAATCNAAAACACQRoAAAAwATLA7TX67W6BAAAAFQRsZAdLQ3QcXFxcrvdVpYAAACAKsTtdisuztpz
wJbs3WazyWazyW63q6CgwIoSAAAAUAUVFBTIbrf78qQVLIvvNptNcXFxBGgAAACEraCgQHFxcZaF
Z8nCM9BxcXFyOByy2+06efKkFWUAAACgCjl58qTsdrscDoelIdrSM9AOh0OJiYk6c+aM8vLyrCoF
AAAAMS4vL09nzpxRYmKiHA5H9TsDLck3BtrpdCo5OVknTpzQiRMnrCoHAAAAMao0JyYnJ8vpdPrG
QFvF5rVwLhCv16vi4mIVFRWpsLBQZ8+elcfjUXJysu8AWXlwAAAAEH1er1dFRUU6c+aMzpw5I4fD
oaSkJCUmJhKgpf+GaLfbLbfbraKiIt/PJSUlVpYGAAAAi8TFxSk+Pl7x8fFyOp2+n60Oz1IMBGjp
XIguKSlRcXGx7x/hGQAAoHqLi4uT3W73/bN69o1SMRGgS5UGaa/XGxN3mQEAAIB1Sud6jpXgXCqm
AnRZMVoWAAAAoiSWQnNZDqsLCCZWDxgAAACqN2tvJA4AAABUMQRoAAAAwAQCNAAAAGACARoAAAAw
gQANAAAAmECABgAAAEwgQAMAAAAmEKABAAAAEwjQAAAAgAkEaAAAAMAEAjQAAABgAgEaAAAAMIEA
DQAAAJhAgAYAAABMIEADAAAAJhCgAQAAABMI0AAAAIAJBGgAAADABAI0AAAAYAIBGgAAADCBAA0A
AACYQIAGAAAATCBAAwAAACYQoAEAAAATCNAAAACACQRoAAAAwASH1QX483q9kqTi4mLfzwAAAKhe
bDab7Ha77+dYYvPGSEr1er0qKSlRUVGR7Ha77x8AAACqn+LiYt8/p9OpuLi4mAnSMRGgS0pK5Ha7
JUkJCQkWVwMAAIBY4nK5JEnx8fGKi7N+BLLlFZSUlMjlcslmsxGeAQAAUE5CQoJsNptcLpdKSkqs
LsfaAF32zLPT6bSyFAAAAMSw0qzodrstD9GWBejSMc8ul0tJSUlWlQEAAIAqIikpyXcW2spRyJYG
aI/Hw4WCAAAACJvdbpfH46l+Abr07LPb7WboBgAAAMLmdDp9wzisCtGWnoF2u91yOGJuKmoAAADE
KIfDIbfbXf3OQEv/PQsdK/P5AQAAIPbZbLbqOQba6/X6/gEAAABmWJ0lLZ8HGgAAAKhKCNAAAACA
CQRoAAAAwAQCNAAAAGACARoAAAAwgQANAAAAmECABgAAAEwgQAMAAAAmEKABAAAAEwjQAAAAgAkE
aAAAAMAEAjQAAABgAgEaAAAAMIEADQAAAJhAgAYAAABMIEADAAAAJhCgAQAAABMI0AAAAIAJBGgA
AADABAI0AAAAYAIBGgAAADCBAA0AAACYQIAGAAAATCBAAwAAACYQoAEAAAATCNAAAACACQRoAAAA
wAQCNAAAAGACARoAAAAwgQANAAAAmECABgAAAEwgQAMAAAAmEKABAAAAEwjQAAAAgAkEaAAAAMAE
AjQAAABgAgEaAAAAMMFhdQEAEE2FhYXKyspSYWGhrrvuOtWtW9fqkgAAVQwBOoSCggKtW7dOGzdu
1JdffqlDhw4pPz9fdevWVYsWLZSenq6uXbuqbdu2stlsVpeLauiNN97QpEmTfMvvv/++WrVqZWFF
4Yn071Z2drZ69+4tj8cjSRo/frzGjBlTrl1hYaHuvfdebdy4UZJ02WWX6a233lKjRo0i+wIBABc1
AnQAXq9X77//vqZOnaqjR4+Wezw/P18HDx7Uhx9+KEnq06ePJk6cyIcwou7s2bOGZZfLZVEl4ams
362ioiJfeJbKH5dSW7du9YVnSTpy5IhWrFih0aNHn8/LAQBUU4yB9lNUVKT/+7//00MPPRTwAz6Q
jz76SAMHDtTq1asruTqg6oqF3y2v11tu3cX47dG0adPUtGlTNW3aVH379rW6HAC46HAG2s9zzz2n
JUuWGNa1a9dO/fr1U+PGjZWYmKicnBxt375df//7331nuvLy8jR27Fj97W9/U7t27awoHYhpsfC7
dc0116hz586GIRz9+/e/oG3GorJn4PPy8iysBAAuTgToMj7++GPNmzfPt5yQkKBp06Zp0KBBstvt
hraDBw/WqFGj9OSTT+rf//63pHNfP48fP17Lly9XYmJiVGsHYlms/G4lJiZq/vz5+uyzz1RYWKhO
nTpxESEAwDSGcJRR9gNekp599ln9+te/LvcBX+rSSy/VzJkz1aVLF9+6ffv2MZQD8BNLv1uJiYm6
4YYb1L9/f8IzAOC8EKB/9v3332vz5s2+5W7duoX11W5SUpL+8Ic/GNatXbs24vUBVRW/W9FXXFxs
dQkAcFFjCMfPvvvuO8Ny3759w764qH379qpTp45OnjwpSdq+fXtYz/N6vdqyZYs++eQTbdmyRQcO
HJDL5VKjRo3Uvn17XX/99erWrZscjorfJv9pvB555BGNHj1ae/fu1YoVK5SVlaWDBw8qMTFRjRs3
Vo8ePXTLLbeoQYMGhu3s3btXH374obKysrR//355vV41a9ZM3bt31+DBgys8YxcrdZRVVFSkjRs3
at26ddq+fbuys7PlcrnUuHFjXXHFFerVq5e6deumOnXqXNBxXr58uTZs2KADBw4oISFBTZo0Udeu
XTVgwAA1bNgw7HpLnTp1SqtWrdL69ev15Zdf6vjx42rYsKF69OihwYMHq3nz5qa3Wers2bNau3at
1q1bpy+++ELZ2dlKTk7WZZddpvbt26tz587q2bOnnE7nee+jlBW/W6GMGDFC69atkyS1aNFCK1eu
DOt5kTpmldWHpk2bpvnz55dbf+TIETVt2tSw7qabbtLcuXPDet0AgPII0D/Lzc01LNevXz/s59rt
djVp0sT3If/TTz9V+JwDBw5oypQpWrNmTbnHdu7cqZ07d2rx4sXq2LGjnnrqqQrn9vWfxis/P18L
FizQ1KlTy7XNzs7W+vXrNWfOHP35z39Wnz59VFxcrFdeeUUzZ840bEc69wG8fv16zZ07V5mZmerW
rVvM11Fq69ateuqpp7Rz585yj+Xk5Gjbtm167733VKdOHT3++OMaNGiQ4uKCfzHj//oKCgq0cOFC
TZkypVzbw4cPKysrS88995wmTZqkYcOGhR0c16xZo4kTJ+rHH380rP/qq6/01Vdfae7cuZo0aVLA
WSUqsnHjRj355JP65ptvDOvz8vJ0+PBhbdu2TQsWLFDLli01Y8YMtWnTxvQ+yor271ZFzpw54/v5
9OnTYT0nksessvpQsKn7Ail7DAAA5hGgf+Yf1uLj4009/4UXXvB9KCUlJYVsu3PnTv3ud7/T8ePH
K9zupk2bNGTIEL388svq1KlT2PUsXLiwwg/UnJwcjR49WkuXLtXatWs1Y8aMCtvff//9evfdd8O+
WYeVdXz88ccaNWpUufc2kJMnT+qRRx7R4cOHA96AI5g333xTOTk5Idt4PB5NnjxZknT33XdXuM1V
q1bpgQceqLDd1KlTTY/hXblypR5++OGwjsmePXs0dOhQvfPOO7rqqqtM7aesaP5uVYbKPmaR6kMX
43R8ABCrCNAREu5ZtePHj2vUqFGG8JySkqLhw4erRYsWio+P1/79+/X666/r8OHDks6d5Ro9erSW
LVumyy+/PKz9lIbW1q1ba+jQoUpLS1NeXp5Wr16t5cuX+9p5PB6NHDnSV0+7du30m9/8Rg0aNAjY
/uzZs5o5c6ZefvnlmK7jyJEjGjdunCH01K5dW0OHDlWrVq2UkpKinJwcZWVl6d133/W1+ctf/qKr
r746rLPbknzBp27duhoxYoRatmyp4uJi7dixo9wfD1OnTlWvXr1CfhWfnZ2tCRMmGNbVq1dPd911
l2/bn3/+uV577TVJCuuPsFJ79+7V+PHjDcekdevWuuOOO5SWlqaCggLt3r1bixYt8tWdn5+vP/7x
j1qyZInp4BspZs5YR1o0jlmk+tA999zjm/N5wYIFvm+3UlJS9MILLxi+WQlnuBIAIDgCdJS98sor
hq/lr7nmGs2aNUuXXnqpod2wYcP0xBNPaMWKFZLOfci+8MILmj59etj7GjhwoJ555hnDWbtbb71V
GRkZeuyxx3zrSkPY0KFDNXnyZCUkJIRs/9FHHyk7OzvsMG9FHf/85z8N89+2adNG8+bNKzfWevDg
werTp49GjRrlWzd//vywA7Qkpaen66WXXjK8h3379tWgQYM0cuRI3/vt8Xi0YsUKw778LViwwFD3
VVddpVdffdUQIvv166fevXtrxIgRYdcoSS+++KIhjN13330aP368IeTddtttGjZsmB544AHt2rVL
0rlvTD7++GPdfPPNpvZ3MYjWMYtEH2rWrJmaNWsmSYZx3Zdccol69uxp4lUDACrCLBxRlJubq9df
f923nJKSohdffLFceC597JlnnjF8DbxkyRIdOnQorH0lJSVp4sSJAb/yHjJkSLlZEBo0aKAnnnjC
EFpDtfcfCxprdSQkJCgjI0O1a9eWJD300EPlwnOpvn376qabbvItr1mzpsKv1Mt6+umnA76HzZs3
18SJEw3rNmzYEHQ7p0+f1ltvvWVYN23atIBnYLt3766xY8eGXePhw4d9f4xJUseOHTVhwoSAZ0jT
0tKUmZlpWPfBBx+Eva+LRTSPWaT6EAAgOgjQUbRz507D2ayRI0fqsssuC9q+Ro0auu+++wzrtm3b
Fta+brjhBv3yl78M+rj/mbEBAwbokksuCbt9uAHTqjqGDx+uN954Q5s3b9aWLVvUp0+fkHVeffXV
huVjx46FbF+qR48eatmyZdDHe/XqZXg9/jNSlLV7925D/7jxxhuVnp4etP3gwYPDqlGStmzZYlge
NmxY0DmYJalp06a67bbbfMurVq1SUVFR2Pu7GETrmEWyDwEAooMAHUX+M0GEc1Fg+/btDcvhBui0
tLSQj/uf1Qx2djZY+8LCwipRh81mU+3atUPOrCGp3OPhzmjQokWLkI8nJiYa2vjPqlHW7t27Dcs3
3nhjyG03atSowv2X2r9/v2E5nJk1yoZ3l8ul7OzssPZ1sYjWMYtkHwIARAdjoKPohx9+MCxfccUV
FT7HP4AePHgwrH2FOlMW6HGz7cMVC3WU3sFu+/bt2rdvn44cOWIYZ3whwpknOdyZI/ynaAtnnuer
rroqrOE0/mfUd+/eXa4/+vMPaidOnCg3n/DFLFrHLJJ9CAAQHQToKDp16pRhOdRQhVIOh0O1a9f2
DVU4ceJEpdR2McrNzdXMmTMN485jmf+cxL/4xS8qfE44baRzcw2X9eCDD4Zf2M/y8/NNP6cq45gB
AIIhQEeR/4dpuNOC1axZ0xegw73xQ3V36tQpPfDAA/r888+tLiVs/oEtnDOTgS62DOR8brjiL5x5
kC8mHDMAQDAE6Aj56aeffAHZ6XQGnFqtZs2ahuWioiLVqFGjwm2X3oVNYv7WcM2ZM6dceG7WrJkG
DRqk+vXrq3bt2obhICtXrtSbb74Z7TINUlJSDMtut7vC57hcrrC2XTobyYUIN6xHWji/W5WhKh8z
AEDlIkD/zP9scDjhpawHH3zQd9V+ampqwIv9UlNTDcv5+fmqVatWyO26XC7DeF0CdMVycnI0f/58
w7oZM2bo1ltvlcMRuMvv2bMnGqWF5N8/cnNzK7wIs+wfV6H497MtW7ZEJCCGIxq/W5XBymMGAIht
zMLxM/8Py9K7AIajuLjYcMV+sNDTpEkTw/L3339f4bb921x55ZVh11Vd7dq1y/DV+QMPPKDbb789
aHiWIvN1/YXyn2HEfxaIQMIN/v5TXXRj8wAAIABJREFUCUZzbG40frcqg5XHDAAQ2wjQP/MPpqtW
rQo7VG3bts1wJjDY3L1t27Y1LIczPtd/Llr/ae1Qnv9Z2WuuuabC55gJdZWlXbt2huXPPvssZPsf
f/xRX3/9dVjb9p/nOlpncaXo/G5VBiuPWSSFO8wHABA+AvTPLr/8cnXp0sW3vG7durDuJHb27Fk9
//zzhnXBbpvbpk0bw1fAixYt8t2+OpD8/Hy9+uqrhnUE6Ir5n2n2n/3E348//qhly5ZVZklhad68
uerWretbfvfdd0NOW7h06VJT2y47dvivf/1rhXNo7927V0OGDNHWrVvD3k8g0fjdqgxWHrMLZbPZ
fD/n5ORU+DsAADCHAF3G//7v/xqWJ0yYoKVLl6q4uDhg+59++knjxo1TVlaWb127du2CfsjXqFFD
w4cP9y3n5OTo97//fcAQnZeXp0cffdRw17EhQ4aEvHMhzvEfCrFgwYKgf6h8/fXXuv/++03duruy
OJ1O3XXXXb5lj8ejSZMmBaxt3bp15W4dHYrdbtdvf/tb3/KOHTv06KOPKjc3N2D7Xbt2acyYMdq0
aZPuuOOOckHWrMr+3aoMVh+zC+E/RWZ1vBU7AFQmLiIso1evXho1apTmzJkj6dwZsPHjx+u1115T
v3791LhxYyUkJCg3N1fbt2/XkiVLDOMia9eurRkzZoScnu6ee+7R8uXLfeM6s7KydOONN2rYsGFq
0aKFnE6n9u/fr8WLFxuGFaSmpmr06NGV9MovLq1bt1bDhg116NAhSeeCTd++fXXXXXepefPmSklJ
0bFjx/TZZ59p+fLlFldrdNddd+nNN9/U0aNHJUnr16/X7bffriFDhqhp06YqLi7Wxo0btXjxYtPb
vvPOO7VkyRLfH2UrVqzQunXrdOedd6pZs2aqVauWcnNztWHDBi1btswwjjxY0A1XNH63KoOVx+xC
NGzY0LD8+OOPa9++fUpPT1fNmjXVqFGjsG7kBAAIjADtZ+zYsTpx4oTeeecd37odO3Zox44dIZ9X
t25dZWZmVnj3uNTUVM2ePVv33nuvjhw5IuncEIPZs2cHfU5SUpJmzZpV7kMRgSUkJOixxx4z/MGR
k5OjWbNmBX3O5ZdfHhO3qq5bt67+8pe/aOTIkb4wdvDgQU2fPv2Ct52amqrMzEyNGDHCN6741KlT
mjt3bsjnDR48WGPHjr3g/Vf271ZlsPqYna+yQ2ZKlZ2ZZsyYMRo/fnw0SwKAiwpDOPw4nU796U9/
0osvvqh69eqF9ZwBAwZo2bJlysjICKt9q1at9Pbbb6tPnz4Vtu3QoYPeeecdde3aNaxt45ybb75Z
M2fOLDc1nL969erppZdeMgytsVrXrl21aNGiCs8Q3n///aZDUJs2bfT222+rc+fOFbZNTU3V9OnT
9eyzz4acwSRc0fjdqgxWHrPz1bRpU02ePDno47Ew6wwAVGWcgQ7AZrOpf//+uv766/Xpp5/qP//5
j3bu3KkDBw7o7Nmzqlevnlq0aKH09HR1795dbdq0Mb2Phg0bat68edq6datWr16tzZs3a//+/XK7
3WrUqJHat2+v66+/Xl27dg3ra2un0ymHw+E7a5mUlBSyvf8NHiLVPlbqkKRBgwYpIyNDH3zwgbKy
srR7926dOnVK9evXV+vWrdWlSxf17dtXKSkpeuONN0Lup5TZ1ycZx6OGGxw7d+6s5cuXa9WqVVq3
bp22b9+u48ePKy0tTV26dNHAgQOVnp4edt1lXXnllVq8eLE2bNigNWvWaNu2bTpw4ICKioqUlpam
tm3bKiMjQ7179474vMeV9btl5n1JTk72/ex/c6NgInnMotWHRowYoWuvvVYrV67U1q1b9e233+rk
yZPyeDxh7RMAEJzNa8GpiJKSErndbp0+fbrcXKsAAABAKMeOHVPNmjUVHx+vuLjoD6hgCAcAAABg
AgEaAAAAMIEADQAAAJhAgAYAAABMIEADAAAAJhCgAQAAABMI0AAAAIAJBGgAAADABAI0AAAAYAIB
GgAAADCBAA0AAACYQIAGAAAATCBAAwAAACYQoAEAAAATCNAAAACACQRoAAAAwAQCNAAAAGACARoA
AAAwgQANAAAAmECABgAAAEwgQAMAAAAmEKABAAAAEwjQAAAAgAkEaAAAAMAEAjQAAABgAgEaAAAA
MIEADQAAAJhAgAYAAABMIEADAAAAJhCgAQAAABMI0AAAAIAJBGgAAADABMsDtNfrtboEAAAAVBGx
kB0tDdA2m01ut9vKEgAAAFCFuN1u2Ww2S2uwJEDbbDbZbDbZ7XYVFBRYUQIAAACqoIKCAtntdl+e
tIJlZ6AJ0AAAADCrbIC2iuVnoOPi4nTixAkrygAAAEAVcuLECcXFxVXfM9BxcXFyOBxKSEhQXl6e
Tp8+bVUpAAAAiHGnT59WXl6eEhIS5HA4FBdn3aV8lg/hcDqdSk5O1rFjx3T8+HGrygEAAECMOn78
uI4dO6bk5GQ5nU7Lh3DYvBbOBVJSUqLi4mK5XC4VFhYqPz9fJSUlSklJUXJyshISEiy/yhIAAADR
5fV65XK5dObMGeXl5SkuLk6XXHKJEhMTlZCQ4BsGbBVLA7T03xBdVFTk++d2u1VUVKSSkhIrSwMA
AIBF4uLi5HQ6FR8fL6fT6ftndXiWYiBAS+dCdGmQ9ng88ng8KikpiYmJsgEAABB9NpvNd82cw+Hw
BWerw7MUIwFaOneq3uv1+oJz6T8AAABUP6WzbJQGaStn3fAXMwG6rNKSYrA0AAAAREFpWI6V0FxW
TAZoAAAAIFZZP4gEAAAAqEII0AAAAIAJBGgAAADABAI0AAAAYAIBGgAAADCBAA0AAACYQIAGAAAA
TCBAAwAAACYQoAEAAAATCNAAAACACQRoAAAAwAQCNAAAAGACARoAAAAwgQANAAAAmECABgAAAEwg
QAMAAAAmEKABAAAAEwjQAAAAgAkEaAAAAMAEAjQAAABgAgEaAAAAMIEADQAAAJhAgAYAAABMIEAD
AAAAJhCgAQAAABMI0AAAAIAJDqsLCMTr9aqkpERer9fqUgAAAGABm82muLg42Ww2q0spx+aNoZRa
XFwst9utuLg4ORwOxcVxghwAAKA6KikpkcfjUUlJieLj42W3260uyScmArTX65Xb7ZYkOZ1Oi6sB
AABALCkqKpIkxcfHx8QZactP8ZaUlMjlcslmsxGeAQAAUI7T6ZTNZpPL5VJJSYnV5VgboL1erzwe
j6Rzf1EAAAAAgZRmRY/HY/l1cpYFaK/Xq+LiYrlcLiUmJlpVBgAAAKqIxMREuVwuFRcXWxqiLQ/Q
sTQgHAAAALHNbrdX7wDtdrsZugEAAICwxcfHy+12V78AXTrPs9vtlsMRk1NRAwAAIAY5HA653W5L
7xli6RnokpKSmJiKBAAAAFWDzWaz/IZ7lp2BLg3QAAAAgBmlAbranYEGAAAAqiICNAAAAGACARoA
AAAwgQANAAAAmECABgAAAEwgQAMAAAAmEKABAAAAEwjQAAAAgAkEaAAAAMAEAjQAAABgAgEaAAAA
MIEADQAAAJhAgAYAAABMIEADAAAAJhCgAQAAABMI0AAAAIAJBGgAAADABAI0AAAAYAIBGgAAADCB
AA0AAACYQIAGAAAATCBAAwAAACYQoAEAAAATCNAAAACACQRoAAAAwAQCNAAAAGACARoAAAAwgQAN
AAAAmECABgAAAEwgQAMAAAAmEKABAAAAEwjQAAAAgAkEaAAAAMAEAjQAAABgAgEaAAAAMIEADQAA
AJhAgAYAAABMcFhdAAAgdhQWFiorK0uFhYW67rrrVLduXatLAoCYQ4AOoaCgQOvWrdPGjRv15Zdf
6tChQ8rPz1fdunXVokULpaenq2vXrmrbtq1sNpvV5aIaeuONNzRp0iTf8vvvv69WrVpZWFFg06ZN
0/z58y94OzfeeKPmzZsXgYoQSGFhoe69915t3LhRknTZZZfprbfeUqNGjSyuDABiCwE6AK/Xq/ff
f19Tp07V0aNHyz2en5+vgwcP6sMPP5Qk9enTRxMnTuRDBlF39uxZw7LL5bKoktD86zxf+fn5EdkO
Atu6dasvPEvSkSNHtGLFCo0ePdrCqgAg9jAG2k9RUZH+7//+Tw899FDA8BzIRx99pIEDB2r16tWV
XB0AVB6v11tuHd+uAUB5nIH289xzz2nJkiWGde3atVO/fv3UuHFjJSYmKicnR9u3b9ff//5335m1
vLw8jR07Vn/729/Url07K0oHqozMzEzVqlXL9PPq1KlTCdWg1DXXXKPOnTsbhnD079/f4qoAIPYQ
oMv4+OOPDeMrExISNG3aNA0aNEh2u93QdvDgwRo1apSefPJJ/fvf/5Z07uvl8ePHa/ny5UpMTIxq
7UBVkpGRwcVpMSgxMVHz58/XZ599psLCQnXq1In3CQACYAhHGf4XJz377LP69a9/XS48l7r00ks1
c+ZMdenSxbdu3759DOUAUGUlJibqhhtuUP/+/QnPABAEAfpn33//vTZv3uxb7tatW1hfXSYlJekP
f/iDYd3atWsjXh8AAABiA0M4fvbdd98Zlvv27Rv2xTPt27dXnTp1dPLkSUnS9u3bw3qe1+vVli1b
9Mknn2jLli06cOCAXC6XGjVqpPbt2+v6669Xt27d5HBU/DZlZ2erd+/e8ng8kqRHHnlEo0eP1t69
e7VixQplZWXp4MGDSkxMVOPGjdWjRw/dcsstatCggWE7e/fu1YcffqisrCzt379fXq9XzZo1U/fu
3TV48OAKz0jFSh1lFRUVaePGjVq3bp22b9+u7OxsuVwuNW7cWFdccYV69eqlbt26hTW+NtTrW758
uTZs2KADBw4oISFBTZo0UdeuXTVgwAA1bNgw7HpLnTp1SqtWrdL69ev15Zdf6vjx42rYsKF69Oih
wYMHq3nz5qa3Wers2bNau3at1q1bpy+++ELZ2dlKTk7WZZddpvbt26tz587q2bOnnE7nee8j2iL5
+/TPf/5TY8eO9S2/9957+tWvfhW0/dmzZ3Xdddf5Zgm59957NXHixIBt/fvQuHHj9OCDDyo7O1tL
ly7Vp59+qu+++061atVSp06dNGHCBNWuXTvo8yPdB0eMGKF169ZJklq0aKGVK1dW+Jzvv/9eH3/8
sbZu3aqvv/5ax44dU506dZSWlqb09HR16dJF1113XdBv8yp7e1Lk+nws9w0A0UOA/llubq5huX79
+mE/1263q0mTJr4A/dNPP1X4nAMHDmjKlClas2ZNucd27typnTt3avHixerYsaOeeuqpCuf2LSoq
8v2nK50bj71gwQJNnTq1XNvs7GytX79ec+bM0Z///Gf16dNHxcXFeuWVVzRz5kzDdqRzU1mtX79e
c+fOVWZmprp16xbzdZTaunWrnnrqKe3cubPcYzk5Odq2bZvee+891alTR48//rgGDRqkuLjgX8z4
v76CggItXLhQU6ZMKdf28OHDysrK0nPPPadJkyZp2LBhYf9RtmbNGk2cOFE//vijYf1XX32lr776
SnPnztWkSZMCzppQkY0bN+rJJ5/UN998Y1ifl5enw4cPa9u2bVqwYIFatmypGTNmqE2bNqb3EW2R
/n3ynw6wqKgoZHuPx2OYYi/UtH3+faiwsFAfffSRxo8fr7y8PN/6nJwcHTp0SI8//njI50e6D545
c8b38+nTp0O2LSoq0qxZszRr1qxyj+Xl5engwYPKysrS7Nmz1aVLF02cODHksY/09kpFss/Hct8A
ED0E6J/5h7X4+HhTz3/hhRd8HzxJSUkh2+7cuVO/+93vdPz48Qq3u2nTJg0ZMkQvv/yyOnXqFHY9
CxcurHDu3ZycHI0ePVpLly7V2rVrNWPGjArb33///Xr33XfDvlmHlXV8/PHHGjVqVLn3NpCTJ0/q
kUce0eHDhzVmzJgK25d68803lZOTE7KNx+PR5MmTJUl33313hdtctWqVHnjggQrbTZ061fQY1ZUr
V+rhhx8O65js2bNHQ4cO1TvvvKOrrrrK1H6iKRq/T5VpzZo1evnllwO+J926dVNycnLI51dGHwxH
SUmJ/vjHP+q9994Lq31WVpaGDx+uhQsXqnXr1pW+vVJVuc9faN8AUHkI0BES7hnr48ePa9SoUYYP
+5SUFA0fPlwtWrT4/+zdeXQUVcL+8aezE0hCCCAQNlnCLgRENkUEFB1BRHkFAUGcURRwdOSFQdGf
M+o4DoMMCKi4gYADOjjIoiyvAwgaQCRoMAiGVSIJkJCEELKnf3+E7kl3Z+ki6a4Evp9zOIeqruV2
V1X66Vu37pW/v7+OHz+uFStWKCkpSVJxLcnkyZO1du1aNW3a1K392EJrx44dNXr0aEVGRiozM1Nb
t27VunXr7MsVFBRo4sSJ9vJ06dJFDzzwgJo0aVLq8tnZ2Zo7d67eeeedal2O5ORkPfPMMw5fPOHh
4Ro9erTat2+vkJAQpaWlKSYmRp9++ql9mddff11du3Z1q3Zbkj241K9fXxMmTFC7du1UWFiouLg4
lx8PL7/8sgYMGFDurfTExERNnz7dYV7Dhg01duxY+7a//fZbffjhh5LkVmi0SUhI0LRp0xw+k44d
O2rkyJGKjIzUpUuXdOjQIS1btsxe7qysLM2cOVOrV682/KPSG7x1PXnSwYMHJRWfn+PHj1enTp3k
7++vlJQURUREVLh+VZ+D7vryyy9dwu7dd9+t/v37q169erp06ZISExP1ySef6OTJk5KKj9cLL7yg
Tz75xKX5RVVvT6r553xlzw0AnkOA9rJ3333X4bZ8jx49tHDhQl133XUOy40bN06zZs3Shg0bJBV/
Sb7xxhuaPXu22/saNmyYXnvtNYca8XvuuUd9+vTRs88+a59nCx+jR4/Wiy++qMDAwHKX//LLL5WY
mOh2+DCjHOvXr3e45dmpUyctXrzYpa31iBEjNHjwYD3xxBP2eR988IHbAVqSoqOj9eabbzocwyFD
hujee+/VxIkT7ce7oKBAGzZscNiXsyVLljiUu0OHDnrvvfccfqDdddddGjhwoCZMmOB2GSVpwYIF
DmHqscce07Rp0xxCwvDhwzVu3Dg9/vjjio+Pl1Rcw/uf//xHd955p6H9eYM3rydP6tChgxYvXnzF
gb4qz0F3bdy40WF6xYoVDj0S2UycOFF/+ctf9NFHH0mS9u/fr++++87lDkBVb0+6Os75yp4bADyD
Xji8KD09XStWrLBPh4SEaMGCBS5f9rbXXnvtNYfbiKtXr9apU6fc2letWrX0/PPPl9qcZNSoUS49
jDRp0kSzZs1yCK3lLe/clrC6lSMwMFB9+vSxP2Dz5JNPuoRnmyFDhuiOO+6wT2/fvr3CW+Ilvfrq
q6Uew7Zt27o8LLRr164yt3PhwgWtWrXKYd4rr7xS6t2NW265xeFBpookJSXZw6Mk9ezZU9OnTy+1
hi0yMlLz5893mOccbirrpptuUqtWrSr8t2PHjjK34c3rydNeffXVSgWkqjoHjSj54PWtt95aatiV
irvFmzp1qsM8Ww2yJ7dX3c75K1XZcwOAZxCgvejAgQMOtSETJ05Uo0aNylw+ODhYjz32mMO8/fv3
u7WvQYMGqUGDBmW+7lyzMnToUNWuXdvt5d0NmGaVY/z48froo4/03Xffad++fRo8eHC55ezatavD
9Llz58pd3qZ///5q165dma8PGDDA4f049/ZS0qFDhxzOj9tvv13R0dFlLj9ixAi3yihJ+/btc5ge
N25cuT0YtGrVSsOHD7dPb9mypcKHpTwhJyenzNe8eT15Us+ePV3OPyOq8hw0ouRgUWlpaeU+0Nqw
YUPNnz9fc+bM0Zw5c0o9r6t6ezX1nC+psucGAM8hQHuRc08Q7jzE1K1bN4dpd7/wIyMjy33duVaz
rNrZspYvL9hUp3JYLBaFh4eX27OGJJfXK3rw0SYqKqrc14OCghyWce5Vo6RDhw45TN9+++3lbrt5
8+YV7t/m+PHjDtPu9KxRMpTk5uYqMTHRrX1VpfJ6jPDm9eRJXbp0qdT6VXkOGtG7d2/7/+Pi4vT6
66+X2WuHxWLRsGHDdN999+m+++4rtQvGqt5eTT3nS6rsuQHAc2gD7UW//vqrw3SLFi0qXMc5gJZ2
q7I0FfWP6vy60eXdVR3KYRsd8ocfftCRI0eUnJzs0M64MtzpJ7miXllsnLs/dKef5w4dOrjVnMa5
Rv3QoUMu56Mz56CVmpqqVq1aVbgvd8yfP19169atcLnOnTuX+Zo3rydPKlnzeiWq8hw0YvTo0frX
v/6l5ORkSdKbb76pjz76SCNHjtTAgQPVtWtXBQcHm7a96nbOX4nKnhsAPIcA7UUZGRkO0+U1VbDx
8/NTeHi4valCamqqR8p2NUpPT9fcuXMd2slWZ861be48Ze/uk/iXLl1ymHZuQ+qOkn3ZVlafPn0q
PUw015O5GjdurA8//FBPPPGEvVlIRkaG3n//fb3//vuqXbu27rzzTvsANqGhoV7dXnU75wFcXWjC
4UXOf4zd7SKp5BdFRQMboFhGRoYef/zxGhOeJdcvfHdqFkt72LI0VzLgijN3+tH1Jq4n87Vt21Zr
1qzRH//4R5f251lZWfr00081depU9evXT3PmzKnw2YKq3N7VeM4DqD6oga4iZ86csX+hBwQElPrU
tHONSV5enlu3JG0jHEpya7hpSG+99Za+/fZbh3lt2rTRvffeq8aNGys8PNyhOcimTZu0cuVKbxfT
QUhIiMN0fn5+hes4j4pWlqoY7tfdsO4tXE/VQ0hIiCZNmqQJEybo22+/1Y4dO7Rx40Z7v9tScfh9
8803tX79er311lvlDnxSVdu7Gs95ANUHAfoy59ord8JLSVOnTrU/9R0WFlbqw0lhYWEO01lZWRW2
A83NzXVor8sXfsXS0tL0wQcfOMybM2eO7rnnHvn5lX7KHz582BtFK5fz+ZGenl7hQ5glw2B5nM+z
ffv2VUnAMBPXU/USFBSk/v37q3///po5c6YOHjyoHTt2aNWqVfa2xadOndKjjz6qtWvXVtiEp7Lb
uxrPeQDVB004LnP+Y1uytqMihYWFDk98lxV6rr/+eofpX375pcJtOy/TunVrt8t1rYqPj3e49fr4
44/rvvvuKzM8S1Vzu7eynHsYce5FoDTuBn/nrgSvhrad3ryeKvpBza1+R35+frrhhhs0depUbdmy
RRMnTrS/5tw/s6e2561znnMDuDYRoC9z/iLdsmWL26Fq//79DjWBZfXd69yjgHMTg9I492Xq3A0X
XDnXyvbo0aPCdYz8YPIU5y6rvvnmm3KXP336tH766Se3tu3cl2x16L6tsjx5PTnfuq/o/Kiod4er
TWFhoRYsWKB//OMf+sc//qHdu3eXuWxwcLDLyIe2Ef88tT3Jc+c85wYAiQBt17RpU4eRr3bu3OnW
SFTZ2dmaN2+ew7xbb7211GU7derkcAtx2bJl9uGrS5OVlaX33nvPYR4BumLONc3OvTU4O336tNau
XevJIrmlbdu2DrehP/3003K7WVuzZo2hbZdsl//+++9X2Id2QkKCRo0apdjYWLf3402evJ6cay+/
+OKLcn9Qf/755+4U+aphC7y2fxXVKDvX0hYWFnp0e5LnznnODQASAdrB7373O4fp6dOna82aNaX+
cZaKHxx85plnFBMTY5/XpUuXMgN0cHCwxo8fb59OS0vT008/XeqXfmZmpmbMmOEwatioUaPKHWkN
xZybQixZsqTMYPXTTz9p0qRJhobu9pSAgACNHTvWPl1QUKAXXnih1LLt3LnTZejh8vj6+mrMmDH2
6bi4OM2YMUPp6emlLh8fH68pU6Zo7969GjlypMuPxOrAk9dT69atHWoat27dWmaPLl988YUWL158
pW+jRgoICHD48fHPf/5TmzZtKjVI5uTk6I033nCY59z8pqq3J3nunOfcACDxEKGDAQMG6IknntBb
b70lqbh2edq0afrwww911113qWXLlgoMDFR6erp++OEHrV692qFdXXh4uObMmVNud1oPP/yw1q1b
Z2/fGhMTo9tvv13jxo1TVFSUAgICdPz4cS1fvtzh1mBYWJgmT57soXd+denYsaOaNWumU6dOSSr+
YhwyZIjGjh2rtm3bKiQkROfOndM333yjdevWmVxaR2PHjtXKlSt19uxZSdLXX3+t++67T6NGjVKr
Vq1UWFio3bt3a/ny5Ya3/eCDD2r16tX2ELlhwwbt3LlTDz74oNq0aaO6desqPT1du3bt0tq1ax3a
bpb1I9JsnrqeGjRooAcffFBLly61z3vxxRft269Xr57S09O1bds2rV+/3mPvrzp76KGH9N1339mn
J0+erN69e+uuu+7Sddddp8LCQv3yyy9atWqVy52UwYMHe3x7kmfOec4NABIB2sVTTz2l1NRUffLJ
[...]
Y9pcuZ8H5WagN+Xny6YwAw1ATZV7Iyu9rX///jU7kPCoo47KnxhkzJgxceONN8YJJ5yQX2rQnl12
2SXmzJkTw4YNK7r9kksu2aTTTdfaQw89FEuXLs0vryg8QUjhwYB//etfi3agKOe9731v/vKbb75Z
dPDgyy+/HEuWLIndd989IiIOO+ywDhl/Vxs4cGBRNL/55ptVfV0mk4k5c+aUva/a//ba8q9//Stm
zJgRv/nNbzb7ubpa//79y842525r676OIqABqImUmaLBgwfXLKBL11/vsMMOccstt1QV0bvsskvM
nj27x8Rzzrx58+K0006LiI1rnvv06RPr168vWv9czZrawihevnx5q9N9F25fOGbMmNh3332rPhFJ
vRg3blzR9Wr/O25paYlPf/rTm/36GzZsiP/4j/+IiIipU6fm15z369evaPa/Oxk0aFBElD9uoj0d
FdICGoCaa+sAwoaGhthqq63i5ZdfrsnY/vSnP8WPf/zj+MxnPpO/rZqIzs08Dx8+vOj27h7PERF3
3HFHPqAHDRoURx11VLz55pux9dZbR8TG/+9uvfXWNp9j//33j1122SV/fcyYMe2eOGTq1KndLqAn
TpxYdH3JkiVd+vrZbDZ+/etfR8TGgw8PO+yw/Fkv//3f/z1uvPHGDpnR7kqlO9gUKpyFLtTRa6Ot
gQagLhW+CZZGaFcrF725iB45cmSrx++0005l4/nCCy/s9vEcEXHrrbcWLc9497vfXbT++dlnn41F
ixa1+Rzvf//7k1930qRJyV9Ta6UnTnnsscdqNJKNu6hce+21+etbb711fOlLX6rZeDZV7t9VVx40
WMoMNAB1paGhIf+mmIvo7bffvsajivw2c+3NRFeK54suuqjirgrdzfr16+Phhx/OLwfYf//983vz
RlR39sF3v/vd+ctr1qxpdXBiziGHHBKjRo2KiIi99tordt5553jxxRc3Z/hd5rTTTiv6PletWhXX
X399DUe08cDVk046Kf/f57Rp0+I3v/lNVTum1IvcmS5LZ5q7MqgFNAB1p/TPr5uy80VnuOSSS2Ld
unUxffr0/G2FEd3c3Bw33XRTq1npCy+8sMfEc84999yTD+g999wz3nnnnfx9hQcDlrPLLrvEnnvu
mb/+2GOPxfnnn1/2sV/+8pfzv7Q0NzfHtGnT4oorrmh3fKXrzgutX78+Vq9e3e5zbKrtttsuPvnJ
T8YnPvGJoqC7+uqrY8WKFZ32utVYtWpV/PSnP81vbdfc3BwXXXRRtwronXbaqd0TpnR2SAtoALpM
ytZRhbPQpWdNq6XLLrss1q1bF1/+8pfzt+2www75Ldt6QzxHRNx0003xla98JbbYYovo169f/lTQ
b7zxRtx2221tfu20adOKtiZ86KGHKj727rvvLpr1nzx5crsB3adPnzaXkPzpT3+KD33oQ20+R4rm
5uZ8gA4YMCBGjhzZaru62bNnxze/+c1Nes5y5s2bFxdeeOGmDDd++MMfxumnnx677bZbRGw8EPSz
n/1sVb+Y1INddtml4m4bKTbn6wU0AHUr9+ZWupNBreXWMRdGdG5bt0LTp0+PmTNndtm4utJrr70W
f/3rX4u2rouo7uyDhXtHR7Q9Y33ffffFypUr8wco7r///jFkyJB2t8hrS0cfkNrQ0JDfbq/UP//5
z7jiiivihz/8YYc9Z0TESy+9lPR8pb773e8Wrcc/99xzY9asWTU7WDfF2LFjI6JzzjBYLQcRAlCX
CnfhGDRoUF3NQkdsjOi2ZgB7cjzn3HvvvVXdVmjYsGGx33775a+//PLLsXDhwja/Zv78+fnL/fr1
i2nTpiWOtFhnraHOZrPx5ptvxiuvvBJ33XVXfP3rX4+DDjooOZ67wqxZs4pm/ocOHZpf1lHPdt11
1xg4cGA+nts7jXdnach2p9MfAdCtlR7wU7hlXe4jk8lEJpOJlpaWyGQysX79+mhpaYmvfvWrMWvW
rFoNvaKPf/zj8Y1vfCN/PZvNxowZM3p8PEMtnHjiifFf//Vf0adPn2hubo6mpqb858bGxmhoaGj1
ufTA5MKZ602dxTYDDUDdKX3Di9j4p/t6dNVVV8WMGTNiw4YNsX79+vjc5z4nnqGTlO6rXRrEXcUM
NABdptoZ6Gw2m5+BzoXp66+/nj+lNtA7/f73v49hw4a1moFubGw0Aw0AhXJnI6zXWWig8+23334x
dOjQmh48mCOgAaiZcm+EpbNDhTNGRx11VJeNDagvuZPSFP5cqBTT7f1s2VwCGoC61Ni48S2q8E+v
73nPe2o5JKCGjjzyyFbHRpRGcVfNTgtoALrMpr655Waatttuu1Z7CAM937vf/e4YPnx42QOMN9Xm
fL2ABqCulf6p9v3vf3+NRwR0tfe9730R0frnQa0IaADqTukR84UfRx55ZOy66641HiHQVUaPHh2H
H3542Z8HOR2xs0YKAQ1A3SoM6cI10aeeemothwV0oWnTprXali6nI5d0pBDQANSFSjNKhbNNub1e
Tz311Bg5cmSthgp0kREjRsS0adMq7vFcqlJcdzQBDUBNpPz5NXdbbha6sbExzjzzzE4eIVBrp512
WlE0R1S380ZnL+8Q0ADUnUqzzw0NDdHU1JRfxjFu3LgajxToLGPHji1avhERrc4uWO4Mg9ZAA9Dj
pbzZlcb02Wef3YkjA2rprLPOisbGxmhqasov34rYtEDu6KgW0AB0qWrfyEpnlnJvoIUz0UcccURM
mTKlM4cL1MDRRx8dhx9+eNGMc2lEV5qJrsbmBrWABqButLU1VaHCN9XPfOYzMXDgwK4aItDJBg4c
GOecc06rX5oj2j4wsKsOIIwQ0ADUUFsH+rS1C0fhx/Dhw+P888/v8rEDnePTn/50bLvttkXxXHi5
0kdE27+Ed2RQC2gAai5lRql0K6vGxsY47rjjYurUqV01XKCTHH/88TFlypSiA4ZL93+u5mQqhTpj
JlpAA9DlNuXAwdKvLZ2JnjFjRuy+++4dPlaga7zrXe+K888/P3/gYLl9nyttWZf6M2VzCWgA6kZb
M0vtLeVobGyMCy+80Hpo6IYGDhwY06dPr/hvu62lG239rOgsAhqAmmrr6Pm2/mybe2PNbXHV1NQU
u+yyS1x88cVdOn5g833xi1+MUaNGRVNTU9G2ddXGc1uz04WfO4qABqAmNuVPruXePAvfaJuamuLQ
Qw+N//zP/+ysYQMdbPr06XHQQQfl47lw/XO18VytjgppAQ1AXWnvTbKtgwkLDyq0MwfUv3PPPTeO
PfbY/KxzpYMHU34udPbyjQgBDUAdaG8mqb2ILvyTb+7yySefLKKhjp177rkxderU/L/b0uUbpb8o
V1q2Ue3PjY7U3OHPCABVamhoiGw2W/G+ctfbiuhsNhvZbDZ/+aSTTop+/frFt771rc79RoAkF1xw
QRx77LGtfgGuJp7bCum2YrkjQ1pAA1AXCmO6XFjnbiv8XC6ic3Ix/d73vjeGDBkS3/jGN2Lt2rVd
+j0BxQYOHBhf+MIX4sADD4zGxsZobm6uuPNGpXiOaP/g43KXO1JDttKv/gDQBQrfhnKXc/FbeDmT
ybS6nMlkWn20tLS0+tiwYUM899xzcemll8ZTTz1Vk+8Tertx48bFBRdcEDvvvHM+nAuXbpSbia4U
1ZVmqSNa796T05ExLaABqLnSiC6N59KPtgK6NKIzmUxs2LAhNmzYEJlMJr773e/GH/7wh1p9q9Ar
ve9974vzzjsvf5Bg4cxzSjyXC+hqtrXr6JloAQ1AzVU7C11uJrpSTJeL6Nz1uXPnxo9//GNLOqCT
bbnllvGpT30qjj766HwANzc350O62ngu3G2n0vroiK6ZfY4Q0ADUic2ZhW5rOUfp51xIv/baa/Gz
n/0s7rrrrlp9y9CjHXXUUfGxj30sttlmm1YzzYWfy21F2dasc61nnyMENAB1ImUWuq2ALo3pwnhu
aWmJbDabj+hMJhP3339/zJw5M5555pmafN/Q04wZMybOOOOMOOSQQ1ptL1lp1432Zp1TtrXLXc4R
0AD0aG1FdOH1SgcUlsZz4fXCJR3ZbLbVEo+bb745fvvb38arr75ak+8durvtttsuTjnllDjhhBMi
IsrOMheebbDaaC63I0fuekTr/aDtwgFAr1IpoHOfqz2osNySjlw0F85K5z5yBxhmMpm45ZZb4pZb
bokXXnihJv8bQHczatSoOP744+P9739/q5MbFV7PrXsuF8/thXPqWQlzBDQAvcKmLuWoJqQLI7pw
ZrpwRjp3+4MPPhi33357PPDAAzX53wHq3aGHHhrHHHNMHHzwwa32Yy8XxKVRXS6cK613bm9P6K6M
5wgBDUAdKjf7nPvc1v7Q5eK50rKOwnCutB1eNpuN119/Pf785z/HAw88EAsXLqzN/yBQJ8aPHx+H
HnpoHH744TFs2LCicK40e1wY1G3Fc6XHpOz33NYJVjqSgAag7mzqUo5Ka6IrzUrnArrwc+lMdeFt
q1ativnz58fChQvjySeftMyDHm/UqFGx++67x/jx42PixIkxePDgiIg2Q7dcMLcX0CmzzrVcupF/
fgENQD1KXcpRbURXmqUuF9DllohkMpn867/55pvx7LPPxgsvvBDLli2LV199NVasWBGrVq2KtWvX
xttvv51/HqgnudDt27dvDBw4MIYMGRLDhg2L4cOHx/bbbx8777xz7LrrrrHlllvmv6YwbAuvl84Q
5wK69PaUaK52zXMt4jlCQANQp8oFdO5yexHd3i4dqXGd+xwRRRFd+rl0rNBdlcZq6fKJcoFbaau5
amO5va3qKsVz7nq5y52ludNfAQA2QUNDQz5GCy+Xu69UY2NjPmpzlxsbG9tcW93Q0BCZTCb/5t3S
0pJ/ncLny92fzWajqakpMplMNDU1RURxSJe7DvWm9N9PbnY5d1/h/eVmnkuvb05IVxPO5cbc1fEc
YQYagDpXzXrowsvVzEaXm10ud0Bi6Yx07nVKrxeOo3TM0B2VC+nC2d9yB/RVOyvdXmCnLNmoRTxH
mIEGoM6Vm4ku/BwRRZdL5WaLC2ehy81IF85CF0Zx4Yxz4W2FX1fuMnRHlcK0Usy29VFtKG/qeuda
xXOEgAagm9mUiI4oH9KVZpHbOkAxt6SjXDAXHmAI3VGlSK0UstUG9KaEc7XxXAsCGoC6VzgLXXg9
NaIjotVscu7rCmeXKy3nKH1s4fXcuAoJabqbSrO6lcK59HpbYVxNMG9KPNcipgU0AN3C5kZ07nGF
a5sjWgd1aUhX+si9VrllG8KZ7q5cSKcu4ah2Zrrc85V7vdJxlbveVQQ0AN1GaUSX3l4post9XaVw
ruYj9xql8Vz6GkKa7qZSoHZ0RFcTzO0t16jlMg4BDUC3UhjD5S6nvKm2N8tcTTibgaYnqnYGuvDy
psRytTPO9TLznCOgAeh2SsM54v/POpdb1lHp68stCdmceDYDTXe3qTPQpddTgrm9aK63eI6wDzQA
3VilYK3mc6UDA6t5TFvPXW5c0N1UmoEu/ZwS1JUeU83ncuOqJTPQAHRbpWubU5dxlFsCUu4gwohN
W7ohpOlu2grWapdyFF6udn1zuWCu13iOMAMNQA/QVrimzkq3d7mtz+XGUuk2qCfl4rTaWejc502N
5e4WzxECGoAepFLIpgZ1NbeV+9rSy9CdVRPQucvtBXU1z9He5XoioAHoUaqZjS68vLmf27oM3Vl7
Ubu5n9u6XO56PRHQAPQ47a1FrmY2OfW+cq8D3V1qRKfeV+65y12vNwIagB6pvbXIm7Lco9rL7Y0D
6lGlaE1ZapG6LKO7hXOOgAagR0sJ6cLr1e6u4aBBeqJqDyps675qHtPea9YrAQ1Ar1BN6FY7u2y7
OnqblCUXqTPM3SmccwQ0AL1GtcssNiWYvZ3SU1UTvZu6prk7xnOEgAagF0pZr1ztbLO3U3qqameN
U2aXu2s45whoAHqt1Bhu6y3T2yk9VVuxmxrI3T2ccwQ0AL3e5oSxt1F6i/bid1NCu7sS0ABQQDBD
dTYnqLs7AQ0AFVT7FumtlJ6u2hjuydFcSEADQBW8XUJ5vSWaCzXXegAA0B2URoKgprfqjcFcSkAD
wCaoJiJENt2NOK6OgAaATiJGoGdqrPUAAACgOxHQAACQQEADAECChohwhAMAAFTJDDQAACQQ0AAA
kEBAAwBAAgENAAAJBDQAACQQ0AAAkEBAAwBAAgENAAAJBDQAACQQ0AAAkEBAAwBAAgENAAAJBDQA
ACQQ0AAAkEBAAwBAAgENAAAJBDQAACQQ0AAAkEBAAwBAAgENAAAJBDQAACQQ0AAAkEBAAwBAAgEN
AAAJBDQAACRorvUAAHq7YcOGxb777hsjRoyIrbfeOrbeeusYNmxYZLPZWLlyZf5j+fLlsWDBglix
YkWthwzQqzVERLbWgwDobXbaaac44IADYsKECTFy5Mikr33llVdi4cKF8cgjj8TSpUs7aYQAVCKg
AbrQyJEj48QTT4yJEyfmb1u7dm0sXrw4nn/++Xj99dfj9ddfz88yDxs2LLbZZpvYdtttY9SoUbHn
nnvGgAED8l/72GOPxezZs+PVV1/t8u8FoLcS0ABdYOutt44TTjghDjvssGhoaIhVq1bFXXfdFYsW
LYqlS5dGNvv/fxQPGzYszjzzzBgzZkwsW7Ysrr/++nj++ecjIqKhoSF23HHHGD9+fEyePDmGDBkS
mUwmHnjggbjpppvin//8Z42+Q4DeQ0DT6+yxxx4xderUGDJkSFx33XXxt7/9rdZDood717veFeee
e2707ds3Vq1aFbfddlvce++9sWHDhlaPPeSQQ+KMM86Ivn375m/LZDJx2223xS233BItLS352/v0
6RNHHHFEHHfccTFo0KB4++2344c//GE89dRTXfJ9AfRWAppeo7m5OU4++eQ45phj8re9/vrr8aUv
falo9g860qRJk+LMM8+MxsbGuOOOO+LGG28sG84DBgyIs846K/bbb7+Kz/XSSy/FlVdeGf/4xz+K
bu/Tp0+cfPLJcfTRR0cmk4lf/vKX8eCDD3b49wLARk0R8d+1HgR0tuHDh8fnP//52HfffYtuf+ut
t+Kee+4R0HSKadOmxQc+8IHIZrPxf//3f/HHP/4xMplMq8ftvvvu8fnPfz5Gjx7d5vMNGTIkJk2a
FOvWrYsXXnghf3smk4lFixbFypUrY8KECfn11X//+9879PsBYCMBTY/37ne/O84999wYOnRo0e1r
1qyJH/zgB9aM0ikOPvjgOO2002LdunXxve99LxYuXNjqMX369IkPfOADccYZZ0S/fv2qet6mpqYY
P3587LrrrvHEE0/EO++8k7/vpZdeisWLF8d+++0Xe++9d6xYscIuHQCdwBIOeqwBAwbExz72sdhn
n31a3ffUU0/FlVdeGWvXrq3ByOjpRo8eHV/4wheioaEhLrvssnjmmWdaPWaHHXaIc845p+wWdmvW
rImrr746Fi1aFDvssEOcffbZscMOO7R63Nq1a+Oqq66KRYsWFd0+duzYuOCCCyKbzcall16aPwAR
NtfBBx8c++23X4wdOzYGDRrUqa+1cuXKeO6552L+/PnxyCOPdOprQSoBTY80ZsyY+OQnPxlDhgwp
uj2TycTs2bNj7ty5lm3QKbbaaqu46KKLYtCgQfHLX/4y5s2bV3R/Q0NDTJkyJaZNmxZNTU2tvn7+
/PlxzTXXxJtvvpm/rbm5OaZOnRpTpkyJxsbWJ5C977774te//nXRbPTkyZPjwx/+cKxZsya+9rWv
xapVqzrwu6S3GTp0aHz84x+Pd73rXTV5/SeeeCKuuuqqWLNmTU1eH0pZwkGP0tjYGNOmTYuzzjor
+vfvX3TfG2+8Ed/73vfi0UcfrdHo6A3OOeec2GmnneLuu++OW2+9tei+oUOHxnnnnReHH354qxBe
t25dXHPNNTFnzpxYv3590X2ZTCYWL14cixcvjnHjxsWWW25ZdP+oUaPiwAMPjGeffTa/JOn555+P
oUOHxm677RbbbbedGTw2y2c/+9kYN25czV5/2223je233z4efvjhmo0BCgloeoxtttkmPv/5z8f+
++8fDQ0NRfctWLAgLr/88nj99ddrNDp6gzFjxsTJJ58cq1atiiuuuKLogMGDDz44zjvvvBg+fHir
r1u8eHFcfvnl8fTTT7f5/G+88Ubcf//9seWWW8aoUaOK7ttyyy3j8MMPj4aGhnj66acjm83GE088
EZMmTYpRo0bF4sWLY+XKlR3zjdKrHH744XHUUUcV3dZVf8Er/Fk+fPjwWL58ebzyyitd8trQluZa
DwA6wqGHHhpnnHFGbLHFFkW3r1+/Pm644Ya47777ajQyepPTTz89IiJuueWW/FZ1bW1Pt379+vjd
734Xd999d9Wv8fbbb8e1114bCxYsiH/7t38rWqbU2NgYU6dOjfHjx8f//u//xuuvvx633nprnH76
6XHaaafFN77xjc38DumNCs+aGbHx7Jdz5syJ5cuXd+rr7rDDDnHSSScVHccyceLE+Mtf/tKprwvV
MANNt9avX7/4xCc+Eccdd1yr9aSvvvpqXHbZZfHEE0/UaHT0JhMmTIhjjjkmVq5cGb/4xS8im83G
brvtFhdccEHZ7emef/75uPzyyzf5RD6vvfZa3H///bHddtu1OhBx6NChMWnSpFizZk3MmzcvJk2a
FNttt128+OKLTvlNsjPOOCP69OmTv37llVfGsmXLOv1116xZE//4xz9i0qRJ+ZnoPn36xF133dXp
rw3tMQNNtzV69Oj49Kc/3Wp7uoiIzpMZcQAACqdJREFUP//5z3H99de3WksKnSU3S3fnnXdGY2Nj
nHrqqXH00Ue3Wk7U0tISv//97+PWW28tuyd0inXr1sVPfvKTOOigg+LDH/5wDBgwIH9f375946Mf
/WhMmDAh7rzzzjjllFNi4sSJZbfTg7aUHk/SlUsoli1bVvRvqNzPe6gFAU23NGXKlDj55JNbHYj1
9ttvx1VXXRULFiyo0cjojRobG/Mn6XnxxRfjS1/6Utnt6ZYtWxY///nP46WXXurQ13/44Ydj8eLF
cfbZZ8fuu+9edN8+++wTu+yyS7z00ksxfvz4aGhosAMNwGYS0HQ7Rx11VJx66qmtbn/hhRfipz/9
aaxYsaIGo6I3Gzt2bPTt2zcWLlwY559/fjQ3F/9ozWazceedd1Y8jXdHWL16dXzve9+LI488Mj7w
gQ8U/cl90KBBMWjQoFiyZEnstttuzlDIZunqX8Ky2Wyrv+RArQloupVDDjkkf6BWTjabjblz58bs
2bM3+0/isCkmTJgQS5YsKXvSnhUrVsTVV18dS5Ys6fRxZLPZuOeee+KJJ56Is88+u9Xa69122y1O
PPHEuOyyyzp9LPy/9u4sJKr/jeP4Z0z5mUthY2n7YhbRwpTSAkVl25Cj0QRdtSBdtOBF3UVQGURQ
0FUYJe11URYUWhEIUhFGtlhJtFhmlgvRaKbZps7/IhyamfrHyVkcfb/uzplxvs/ACT49c87zBdCT
EaARMiIiIrR69Wq3cy0tLcrLy9Pz58+DVBXwc1rA6NGjvc6XlJTo3Llz+vr1a0Dref/+vfbu3Sur
1aqMjAy3W52Sk5M1bNgwtvjGPwv0LUB0n9EdEaARMiZNmuT203hLS4v27dvHVAEEXWxsrGpqalwd
3+bmZp06dcr1wN60adO0bNkySVJBQYFfNvP53RpXr15VeXm51q1b57on+9OnT6qpqfH5+ug9uIUD
IEAjhHj+PH727FnCM7qFmJgYhYeH6+7du6qvr9eNGzfcthzOzMxUYmKiJCkjI8MvAfpPa7x9+1a7
d+/WggULZLFY5HQ6eYgQXUIHGiBAI4R4jlJiHBe6i84AfezYsd/eh//rRI7fTefwBc81fu0StrW1
6caNG7Lb7fr27RuTONAlntePxWKRzWbT8OHDu/S5DodD+fn5TFFCSAj7+1uA7sFzekFsbGyQKgHc
tbe3S5Lb5Itg8wzIvx4TntEVntfPypUruxyeJclsNstms3X5c4BAIEAjZHhuijJ37twgVQK4a2pq
kiS3bbW7m84NKDprBbojbtdAqCBAI2Q8e/bM7TgtLc0nXQ+gqz59+iTpzwE6EB1fzzU8g0j//v3l
dDr18eNHv9eCns3z2srPz/fJVBeHw6HCwkKv8/xigu6Ie6ARMkpLS7Vs2TKZzWZJUnh4uDZv3swY
OwTd3zrQgeiqea7hGTr69+8vk8lEBxpd5nltPXz40K/3LdOVRndEBxohw+l06vLly27nYmJitGXL
Ftntdq9tvYFAefPmjSRpxIgRQa7kzzpr8/U24gDQG5E4EFJKSkr04MEDt3Mmk0lLlizR1q1bXd1p
IJCePHkiyXvUYneSkpIiSSovLw9yJQAQ+gjQCDl5eXm6fPmy17iwkSNHaufOnbJYLEGqDL3Vu3fv
1NzcrMGDBys+Pj7Y5XhJSEiQ2WzWx48fVVtbG+xyACDkEaARcpxOpwoLC7V3716vB6L+++8/bdy4
UatXr+5WI8XQ83XOJZ86dWqQK/HW+Z9Kus8A4BsEaISsqqoq7dy5U2VlZV6vzZ49W9u3b1dCQkIQ
KkNvVFZWJqfTqQULFrhtOS8FZ4pA54NXERERWrhwoSTp0aNHAa8DPU+gH+pjCge6IwI0QtrXr191
6NAhnTx5Ut+/f3d7LSEhQdu3b9ecOXOCVB16k/LyctXU1CguLk5paWlur3WOuesUHR3t07U9P6+p
qckVOtLS0tSvXz9VV1fTgYZPsJU3QIBGD1FSUqJdu3Z5TRiIiIjQqlWrtHHjRkVGRgapOvQWFy5c
kCSlp6e7bT3vOSM3MTHRp+t6fl7nv4PIyEgtXbpUknT27FmfrgkAvRlzoNFjfPjwQXv27FFmZqas
Vqtb18JisWjHjh06fPiwa+QY4GtPnz5VRUWFkpOTtXbtWh06dEjSz0A7ceJE1/usVqtyc3N9tq7V
anU7rq6uliRlZWUpMjJST5480atXr3y2HvAri8Uim83W5Y2tHA6H8vPz/TpTGvAVOtDoUTo6OnTp
0iXt37/fa8MIs9msrVu3asmSJfwkCL85evSoPn/+rKlTp2rRokWSpJs3b6qtrc31nilTpig7O1tJ
SUmKior6p3WioqKUlJSk7Oxst/F5P3780K1bt7R48WJZLBa1trbq9OnTXftSwP+xcuVKn+wKazab
ZbPZfFAR4H90oNEjVVRUKCcnR1lZWW7hIiwsTHa7XRMnTlReXp5aWlqCWCV6osbGRh08eFBbtmzR
ihUrVFVVpYqKChUUFMhut7veN3nyZE2ePNnn6xcUFGjgwIGy2+1qb2/XgQMH1NjY6PN1AH+guYFQ
QQcaPVZra6tyc3N15swZ/fjxw+218ePHKycnxyddE8DTy5cvdebMGZlMJm3atElJSUkqKipSVVWV
X9etrKzUq1evtH79eplMJp04cUKVlZV+XRO9j2fIzc/P97rP/184HA4VFhZ6nWcKB7ojkySuTPR4
gwYN0oYNGzR06FC38x8+fNCOHTvU3t4epMrQk2VkZMhms6mjo0OnT59WaWmpMjMztXjxYp922jo6
OlRUVKS6ujqtWbNGYWFhKigo0JUrV3y2BnqvcePGuR2/ePEiYGubTCYlJye7jp1OpyoqKgK2PvAn
BGj0GuHh4Vq+fLlrJq4kNTQ0aNu2bXQ44DczZszQmjVrFB4eruLiYp0/f16jRo3SrFmzNHjwYA0Z
MuSfxto1Nzervr5edXV1un37tqZPn6758+erra1Nx48f17179/zwbQAAEgEavdCECROUnp6usWPH
6siRIwQN+N2oUaOUnZ2t2NhY1dfX69q1a7pz547XdvRG9enTRzNnzpTVatWgQYPU1NSk3NxcJs0A
gJ8RoAEgAKKjo5Wenq558+apT58+amxsVHFxsUpLS722pP+buLg4V8c5Li5ObW1tun79uq5cuaLW
1lY/fQMAQCcCNAAEUHx8vJYvX67U1FRJP+/pfP36te7fv6/Kykp9+fJFnz9/Vmtrq0wmk/r27avo
6GhFRUVpzJgxSklJ0ejRo11/e+/ePV28eFEOhyOYXwsAehUCNAAEwfDhw5WamqopU6ZoyJAhhv62
trZWjx8/1t27d30y/QAAYAwBGgCCzGw2y2KxKDExUQMGDNCAAQNkNpvV0dGhxsZGNTQ0qKGhQXV1
dSorK2OuMwAEGQEaAAAAMICNVAAAAAADCNAAAACAAQRoAAAAwAACNAAAAGAAARoAAAAwgAANAAAA
GECABgAAAAwgQAMAAAAGEKABAAAAAwjQAAAAgAEEaAAAAMAAAjQAAABgAAEaAAAAMIAADQAAABhA
gAYAAAAMIEADAAAABhCgAQAAAAMI0AAAAIABBGgAAADAAAI0AAAAYAABGgAAADCAAA0AAAAYQIAG
AAAADCBAAwAAAAYQoAEAAAAD/gdr5Lc0ltcn4QAAAABJRU5ErkJggg==
" width="800px"&gt;</msg>
<status status="PASS" starttime="20231201 15:48:39.259" endtime="20231201 15:48:39.776"/>
</kw>
<msg timestamp="20231201 15:48:39.776" level="FAIL">Text '//android.widget.ImageButton[@content-desc="Afficher la liste"]' did not appear in 30 seconds</msg>
<status status="FAIL" starttime="20231201 15:48:08.353" endtime="20231201 15:48:39.776"/>
</kw>
<kw name="Click Element" library="AppiumLibrary">
<arg>//android.widget.ImageButton[@content-desc="Afficher la liste"]</arg>
<doc>Click element identified by `locator`.</doc>
<status status="NOT RUN" starttime="20231201 15:48:39.776" endtime="20231201 15:48:39.776"/>
</kw>
<kw name="Wait Until Page Contains" library="AppiumLibrary">
<arg>text=Bijou SA</arg>
<doc>Waits until `text` appears on current page.</doc>
<status status="NOT RUN" starttime="20231201 15:48:39.776" endtime="20231201 15:48:39.776"/>
</kw>
<kw name="Click Text" library="AppiumLibrary">
<arg>Bijou SA</arg>
<arg>True</arg>
<doc>Click text identified by ``text``.</doc>
<status status="NOT RUN" starttime="20231201 15:48:39.776" endtime="20231201 15:48:39.776"/>
</kw>
<status status="FAIL" starttime="20231201 15:48:08.353" endtime="20231201 15:48:39.776"/>
</kw>
<kw name="Sélectionner référence doc" library="SatelixLogistique">
<arg>test</arg>
<status status="NOT RUN" starttime="20231201 15:48:39.791" endtime="20231201 15:48:39.792"/>
</kw>
<kw name="Valider les informations" library="SatelixLogistique">
<status status="NOT RUN" starttime="20231201 15:48:39.792" endtime="20231201 15:48:39.792"/>
</kw>
<kw name="Afficher Liste des articles" library="module_preparation_listearticles">
<arg>${liste_articles}</arg>
<status status="NOT RUN" starttime="20231201 15:48:39.792" endtime="20231201 15:48:39.792"/>
</kw>
<kw name="Choisir l Article dans une Liste" library="module_preparation_listearticles">
<arg>${CHAOR42}</arg>
<status status="NOT RUN" starttime="20231201 15:48:39.792" endtime="20231201 15:48:39.792"/>
</kw>
<kw name="Entrer une quantité et valider" library="module_preparation_detailArticle">
<arg>2</arg>
<status status="NOT RUN" starttime="20231201 15:48:39.792" endtime="20231201 15:48:39.792"/>
</kw>
<kw name="Saisir l Article a la Main" library="module_preparation_listearticles">
<arg>LINGOR18</arg>
<doc>Recherche un article en cliquant sur l'input de recherche et en tapant le nom de l'article.
Puis clique sur le bouton de validation</doc>
<status status="NOT RUN" starttime="20231201 15:48:39.792" endtime="20231201 15:48:39.792"/>
</kw>
<kw name="Saisir le Numéro de lot" library="module_preparation_detailArticle">
<arg>Lot-10</arg>
<status status="NOT RUN" starttime="20231201 15:48:39.792" endtime="20231201 15:48:39.792"/>
</kw>
<kw name="Sélectionner le Lot avec DLC et FAB" library="module_preparation_detailArticle">
<doc>Cas très spécifique où l'on recherche un lot avec DLC</doc>
<status status="NOT RUN" starttime="20231201 15:48:39.792" endtime="20231201 15:48:39.792"/>
</kw>
<kw name="Entrer une quantité et valider" library="module_preparation_detailArticle">
<arg>1</arg>
<status status="NOT RUN" starttime="20231201 15:48:39.792" endtime="20231201 15:48:39.792"/>
</kw>
<kw name="Scanner code barre" library="SatelixLogistique">
<arg>LINGOR18\;LOT-AAA</arg>
<status status="NOT RUN" starttime="20231201 15:48:39.792" endtime="20231201 15:48:39.792"/>
</kw>
<kw name="Dialog Cliquer Ok" library="SatelixLogistique">
<status status="NOT RUN" starttime="20231201 15:48:39.792" endtime="20231201 15:48:39.792"/>
</kw>
<kw name="Back" library="SatelixLogistique">
<status status="NOT RUN" starttime="20231201 15:48:39.808" endtime="20231201 15:48:39.808"/>
</kw>
<kw name="Saisir l Article a la Main" library="module_preparation_listearticles">
<arg>BAOR01</arg>
<doc>Recherche un article en cliquant sur l'input de recherche et en tapant le nom de l'article.
Puis clique sur le bouton de validation</doc>
<status status="NOT RUN" starttime="20231201 15:48:39.808" endtime="20231201 15:48:39.808"/>
</kw>
<kw name="Sélectionner la Gamme" library="module_preparation_detailArticle">
<arg>Rubis</arg>
<status status="NOT RUN" starttime="20231201 15:48:39.808" endtime="20231201 15:48:39.808"/>
</kw>
<kw name="Valider Quantite" library="module_preparation_detailArticle">
<arg>1</arg>
<doc>Saisit la quantité et la valide sur un input déjà sélectionné.
L'input est vidé avant d'être rempli.</doc>
<status status="NOT RUN" starttime="20231201 15:48:39.808" endtime="20231201 15:48:39.808"/>
</kw>
<kw name="Scanner code barre" library="SatelixLogistique">
<arg>21731003</arg>
<status status="NOT RUN" starttime="20231201 15:48:39.808" endtime="20231201 15:48:39.808"/>
</kw>
<kw name="Valider Quantite" library="module_preparation_detailArticle">
<arg>1</arg>
<doc>Saisit la quantité et la valide sur un input déjà sélectionné.
L'input est vidé avant d'être rempli.</doc>
<status status="NOT RUN" starttime="20231201 15:48:39.808" endtime="20231201 15:48:39.808"/>
</kw>
<kw name="Saisir l Article a la Main" library="module_preparation_listearticles">
<arg>CHAAR/VAR</arg>
<doc>Recherche un article en cliquant sur l'input de recherche et en tapant le nom de l'article.
Puis clique sur le bouton de validation</doc>
<status status="NOT RUN" starttime="20231201 15:48:39.808" endtime="20231201 15:48:39.808"/>
</kw>
<kw name="Sélectionner la Gamme" library="module_preparation_detailArticle">
<arg>34 cm</arg>
<status status="NOT RUN" starttime="20231201 15:48:39.808" endtime="20231201 15:48:39.808"/>
</kw>
<kw name="Sélectionner la Gamme" library="module_preparation_detailArticle">
<arg>Forçat</arg>
<status status="NOT RUN" starttime="20231201 15:48:39.826" endtime="20231201 15:48:39.826"/>
</kw>
<kw name="Valider Quantite" library="module_preparation_detailArticle">
<arg>1</arg>
<doc>Saisit la quantité et la valide sur un input déjà sélectionné.
L'input est vidé avant d'être rempli.</doc>
<status status="NOT RUN" starttime="20231201 15:48:39.826" endtime="20231201 15:48:39.826"/>
</kw>
<kw name="Scanner code barre" library="SatelixLogistique">
<arg>38141025</arg>
<status status="NOT RUN" starttime="20231201 15:48:39.826" endtime="20231201 15:48:39.826"/>
</kw>
<kw name="Valider Quantite" library="module_preparation_detailArticle">
<arg>2</arg>
<doc>Saisit la quantité et la valide sur un input déjà sélectionné.
L'input est vidé avant d'être rempli.</doc>
<status status="NOT RUN" starttime="20231201 15:48:39.826" endtime="20231201 15:48:39.834"/>
</kw>
<kw name="Finaliser" library="SatelixLogistique">
<status status="NOT RUN" starttime="20231201 15:48:39.835" endtime="20231201 15:48:39.835"/>
</kw>
<kw name="Valider" library="SatelixLogistique">
<status status="NOT RUN" starttime="20231201 15:48:39.838" endtime="20231201 15:48:39.838"/>
</kw>
<status status="FAIL" starttime="20231201 15:47:43.376" endtime="20231201 15:48:39.839">Text '//android.widget.ImageButton[@content-desc="Afficher la liste"]' did not appear in 30 seconds</status>
</test>
<doc>Test du Scenario de Sortie Stock mono emplacement</doc>
<status status="FAIL" starttime="20231201 15:47:42.690" endtime="20231201 15:48:39.843"/>
</suite>
<statistics>
<total>
<stat pass="0" fail="1" skip="0">All Tests</stat>
</total>
<tag>
</tag>
<suite>
<stat pass="0" fail="1" skip="0" id="s1" name="Sortie Stockmono Empl">Sortie Stockmono Empl</stat>
</suite>
</statistics>
<errors>
</errors>
</robot>
